#
# There is insufficient memory for the Java Runtime Environment to continue.
# Native memory allocation (malloc) failed to allocate 1048576 bytes for AllocateHeap
# Possible reasons:
#   The system is out of physical RAM or swap space
#   The process is running with CompressedOops enabled, and the Java Heap may be blocking the growth of the native heap
# Possible solutions:
#   Reduce memory load on the system
#   Increase physical memory or swap space
#   Check if swap backing store is full
#   Decrease Java heap size (-Xmx/-Xms)
#   Decrease number of Java threads
#   Decrease Java thread stack sizes (-Xss)
#   Set larger code cache with -XX:ReservedCodeCacheSize=
#   JVM is running with Unscaled Compressed Oops mode in which the Java heap is
#     placed in the first 4GB address space. The Java Heap base address is the
#     maximum limit for the native heap growth. Please use -XX:HeapBaseMinAddress
#     to set the Java Heap base and to place the Java Heap above 4GB virtual address.
# This output file may be truncated or incomplete.
#
#  Out of Memory Error (allocation.cpp:44), pid=3104, tid=17844
#
# JRE version: OpenJDK Runtime Environment Microsoft-8902769 (17.0.10+7) (build 17.0.10+7-LTS)
# Java VM: OpenJDK 64-Bit Server VM Microsoft-8902769 (17.0.10+7-LTS, mixed mode, emulated-client, sharing, tiered, compressed oops, compressed class ptrs, g1 gc, windows-amd64)
# No core dump will be written. Minidumps are not enabled by default on client versions of Windows
#

---------------  S U M M A R Y ------------

Command Line: -XX:TieredStopAtLevel=1 -Dspring.output.ansi.enabled=always -Dcom.sun.management.jmxremote -Dspring.jmx.enabled=true -Dspring.liveBeansView.mbeanDomain -Dspring.application.admin.enabled=true -Dmanagement.endpoints.jmx.exposure.include=* -javaagent:C:\Program Files\JetBrains\IntelliJ IDEA 2024.3\lib\idea_rt.jar=57011 -Dfile.encoding=UTF-8 org.example.laptopshop.LaptopshopApplication

Host: 11th Gen Intel(R) Core(TM) i7-1165G7 @ 2.80GHz, 8 cores, 7G,  Windows 11 , 64 bit Build 26100 (10.0.26100.3912)
Time: Fri May 23 22:29:20 2025 SE Asia Standard Time elapsed time: 53.991154 seconds (0d 0h 0m 53s)

---------------  T H R E A D  ---------------

Current thread (0x000001a7cc278b90):  VMThread "VM Thread" [stack: 0x000000a758800000,0x000000a758900000] [id=17844]

Stack: [0x000000a758800000,0x000000a758900000]
Native frames: (J=compiled Java code, j=interpreted, Vv=VM code, C=native code)
V  [jvm.dll+0x67f829]
V  [jvm.dll+0x83750a]
V  [jvm.dll+0x838fce]
V  [jvm.dll+0x839633]
V  [jvm.dll+0x247cbf]
V  [jvm.dll+0xa6ca3]
V  [jvm.dll+0x2fabb3]
V  [jvm.dll+0x2f6830]
V  [jvm.dll+0x2dee17]
V  [jvm.dll+0x3220a7]
V  [jvm.dll+0x83db2b]
V  [jvm.dll+0x83e871]
V  [jvm.dll+0x83ed8d]
V  [jvm.dll+0x83f164]
V  [jvm.dll+0x83f230]
V  [jvm.dll+0x7e69da]
V  [jvm.dll+0x67e715]
C  [ucrtbase.dll+0x37b0]
C  [KERNEL32.DLL+0x2e8d7]
C  [ntdll.dll+0x9c5dc]

VM_Operation (0x000000a7596fed40): G1CollectFull, mode: safepoint, requested by thread 0x000001a814cd6be0


---------------  P R O C E S S  ---------------

Threads class SMR info:
_java_thread_list=0x000001a81445ca60, length=22, elements={
0x000001a7cc27d450, 0x000001a7cc27dd20, 0x000001a7cc28f0f0, 0x000001a7cc2939d0,
0x000001a7cc2952b0, 0x000001a7cc295b80, 0x000001a7cc298460, 0x000001a7cc2cbaf0,
0x000001a7cc26a7d0, 0x000001a7cc7fe340, 0x000001a7cc7fe820, 0x000001a7cca9ea40,
0x000001a7ccb78c70, 0x000001a7ccbef970, 0x000001a7ccbf0670, 0x000001a81279ce00,
0x000001a8145b1b10, 0x000001a8145b2a40, 0x000001a8145b8050, 0x000001a8145b6700,
0x000001a8145b7b40, 0x000001a814cd6be0
}

Java Threads: ( => current thread )
  0x000001a7cc27d450 JavaThread "Reference Handler" daemon [_thread_blocked, id=680, stack(0x000000a758900000,0x000000a758a00000)]
  0x000001a7cc27dd20 JavaThread "Finalizer" daemon [_thread_blocked, id=5172, stack(0x000000a758a00000,0x000000a758b00000)]
  0x000001a7cc28f0f0 JavaThread "Signal Dispatcher" daemon [_thread_blocked, id=15356, stack(0x000000a758b00000,0x000000a758c00000)]
  0x000001a7cc2939d0 JavaThread "Attach Listener" daemon [_thread_blocked, id=8064, stack(0x000000a758c00000,0x000000a758d00000)]
  0x000001a7cc2952b0 JavaThread "Service Thread" daemon [_thread_blocked, id=13704, stack(0x000000a758d00000,0x000000a758e00000)]
  0x000001a7cc295b80 JavaThread "Monitor Deflation Thread" daemon [_thread_blocked, id=6668, stack(0x000000a758e00000,0x000000a758f00000)]
  0x000001a7cc298460 JavaThread "C1 CompilerThread0" daemon [_thread_blocked, id=11824, stack(0x000000a758f00000,0x000000a759000000)]
  0x000001a7cc2cbaf0 JavaThread "Sweeper thread" daemon [_thread_blocked, id=7612, stack(0x000000a759000000,0x000000a759100000)]
  0x000001a7cc26a7d0 JavaThread "Common-Cleaner" daemon [_thread_blocked, id=3908, stack(0x000000a759100000,0x000000a759200000)]
  0x000001a7cc7fe340 JavaThread "Monitor Ctrl-Break" daemon [_thread_in_native, id=1196, stack(0x000000a759300000,0x000000a759400000)]
  0x000001a7cc7fe820 JavaThread "Notification Thread" daemon [_thread_blocked, id=1488, stack(0x000000a759400000,0x000000a759500000)]
  0x000001a7cca9ea40 JavaThread "RMI TCP Accept-0" daemon [_thread_in_native, id=17816, stack(0x000000a759700000,0x000000a759800000)]
  0x000001a7ccb78c70 JavaThread "RMI TCP Connection(idle)" daemon [_thread_blocked, id=5416, stack(0x000000a759900000,0x000000a759a00000)]
  0x000001a7ccbef970 JavaThread "RMI Scheduler(0)" daemon [_thread_blocked, id=4344, stack(0x000000a759a00000,0x000000a759b00000)]
  0x000001a7ccbf0670 JavaThread "JMX server connection timeout 20" daemon [_thread_blocked, id=5276, stack(0x000000a759b00000,0x000000a759c00000)]
  0x000001a81279ce00 JavaThread "mysql-cj-abandoned-connection-cleanup" daemon [_thread_blocked, id=17216, stack(0x000000a75aa00000,0x000000a75ab00000)]
  0x000001a8145b1b10 JavaThread "Live Reload Server" daemon [_thread_in_native, id=5880, stack(0x000000a75b000000,0x000000a75b100000)]
  0x000001a8145b2a40 JavaThread "DestroyJavaVM" [_thread_blocked, id=6984, stack(0x000000a758200000,0x000000a758300000)]
  0x000001a8145b8050 JavaThread "RMI TCP Connection(2)-192.168.1.10" daemon [_thread_blocked, id=8816, stack(0x000000a75a400000,0x000000a75a500000)]
  0x000001a8145b6700 JavaThread "RMI TCP Connection(idle)" daemon [_thread_blocked, id=6032, stack(0x000000a75bd00000,0x000000a75be00000)]
  0x000001a8145b7b40 JavaThread "RMI TCP Connection(idle)" daemon [_thread_blocked, id=492, stack(0x000000a75a500000,0x000000a75a600000)]
  0x000001a814cd6be0 JavaThread "Thread-7" [_thread_blocked, id=6900, stack(0x000000a759600000,0x000000a759700000)]

Other Threads:
=>0x000001a7cc278b90 VMThread "VM Thread" [stack: 0x000000a758800000,0x000000a758900000] [id=17844]
  0x000001a7b9a1dfa0 WatcherThread [stack: 0x000000a759800000,0x000000a759900000] [id=15872]
  0x000001a7b9a793f0 GCTaskThread "GC Thread#0" [stack: 0x000000a758300000,0x000000a758400000] [id=11664]
  0x000001a7cce6e910 GCTaskThread "GC Thread#1" [stack: 0x000000a759c00000,0x000000a759d00000] [id=18304]
  0x000001a7cce70420 GCTaskThread "GC Thread#2" [stack: 0x000000a759d00000,0x000000a759e00000] [id=11148]
  0x000001a7ccec3e10 GCTaskThread "GC Thread#3" [stack: 0x000000a759e00000,0x000000a759f00000] [id=17832]
  0x000001a7ccec40d0 GCTaskThread "GC Thread#4" [stack: 0x000000a759f00000,0x000000a75a000000] [id=12736]
  0x000001a7cced3430 GCTaskThread "GC Thread#5" [stack: 0x000000a75a000000,0x000000a75a100000] [id=16596]
  0x000001a7ccedb700 GCTaskThread "GC Thread#6" [stack: 0x000000a75a100000,0x000000a75a200000] [id=5256]
  0x000001a7ccedb9c0 GCTaskThread "GC Thread#7" [stack: 0x000000a75a200000,0x000000a75a300000] [id=2320]
  0x000001a7b9a8a6a0 ConcurrentGCThread "G1 Main Marker" [stack: 0x000000a758400000,0x000000a758500000] [id=2684]
  0x000001a7b9a8afd0 ConcurrentGCThread "G1 Conc#0" [stack: 0x000000a758500000,0x000000a758600000] [id=6124]
  0x000001a812f6f160 ConcurrentGCThread "G1 Conc#1" [stack: 0x000000a75a600000,0x000000a75a700000] [id=13280]
  0x000001a7cc11ad90 ConcurrentGCThread "G1 Refine#0" [stack: 0x000000a758600000,0x000000a758700000] [id=18196]
  0x000001a7ccedecc0 ConcurrentGCThread "G1 Refine#1" [stack: 0x000000a75a300000,0x000000a75a400000] [id=12900]
  0x000001a7cc11e490 ConcurrentGCThread "G1 Service" [stack: 0x000000a758700000,0x000000a758800000] [id=12000]

Threads with active compile tasks:

VM state: at safepoint (normal execution)

VM Mutex/Monitor currently owned by a thread:  ([mutex/lock_event])
[0x000001a7b808aa90] Threads_lock - owner thread: 0x000001a7cc278b90
[0x000001a7b9a19ba0] Heap_lock - owner thread: 0x000001a814cd6be0

Heap address: 0x0000000084400000, size: 1980 MB, Compressed Oops mode: 32-bit

CDS archive(s) mapped at: [0x000001a7cd000000-0x000001a7cdbb0000-0x000001a7cdbb0000), size 12255232, SharedBaseAddress: 0x000001a7cd000000, ArchiveRelocationMode: 1.
Compressed class space mapped at: 0x000001a7ce000000-0x000001a80e000000, reserved size: 1073741824
Narrow klass base: 0x000001a7cd000000, Narrow klass shift: 0, Narrow klass range: 0x100000000

GC Precious Log:
 CPUs: 8 total, 8 available
 Memory: 7914M
 Large Page Support: Disabled
 NUMA Support: Disabled
 Compressed Oops: Enabled (32-bit)
 Heap Region Size: 1M
 Heap Min Capacity: 8M
 Heap Initial Capacity: 124M
 Heap Max Capacity: 1980M
 Pre-touch: Disabled
 Parallel Workers: 8
 Concurrent Workers: 2
 Concurrent Refinement Workers: 8
 Periodic GC: Disabled

Heap:
 garbage-first heap   total 116736K, used 47330K [0x0000000084400000, 0x0000000100000000)
  region size 1024K, 13 young (13312K), 5 survivors (5120K)
 Metaspace       used 72311K, committed 73088K, reserved 1114112K
  class space    used 9782K, committed 10176K, reserved 1048576K

Heap Regions: E=young(eden), S=young(survivor), O=old, HS=humongous(starts), HC=humongous(continues), CS=collection set, F=free, OA=open archive, CA=closed archive, TAMS=top-at-mark-start (previous, next)
|   0|0x0000000084400000, 0x0000000084500000, 0x0000000084500000|100%|HS|  |TAMS 0x0000000084500000, 0x0000000084400000| Untracked 
|   1|0x0000000084500000, 0x0000000084600000, 0x0000000084600000|100%|HS|  |TAMS 0x0000000084600000, 0x0000000084500000| Untracked 
|   2|0x0000000084600000, 0x00000000846efa98, 0x0000000084700000| 93%| O|  |TAMS 0x0000000084600000, 0x0000000084600000| Untracked 
|   3|0x0000000084700000, 0x0000000084800000, 0x0000000084800000|100%| O|  |TAMS 0x0000000084800000, 0x0000000084700000| Untracked 
|   4|0x0000000084800000, 0x0000000084900000, 0x0000000084900000|100%| O|  |TAMS 0x0000000084900000, 0x0000000084800000| Untracked 
|   5|0x0000000084900000, 0x0000000084a00000, 0x0000000084a00000|100%| O|  |TAMS 0x0000000084a00000, 0x0000000084900000| Untracked 
|   6|0x0000000084a00000, 0x0000000084afffa8, 0x0000000084b00000| 99%| O|  |TAMS 0x0000000084a00000, 0x0000000084a00000| Untracked 
|   7|0x0000000084b00000, 0x0000000084c00000, 0x0000000084c00000|100%| O|  |TAMS 0x0000000084b00000, 0x0000000084b00000| Untracked 
|   8|0x0000000084c00000, 0x0000000084d00000, 0x0000000084d00000|100%| O|  |TAMS 0x0000000084c00000, 0x0000000084c00000| Untracked 
|   9|0x0000000084d00000, 0x0000000084e00000, 0x0000000084e00000|100%| O|  |TAMS 0x0000000084d00000, 0x0000000084d00000| Untracked 
|  10|0x0000000084e00000, 0x0000000084efffe0, 0x0000000084f00000| 99%| O|  |TAMS 0x0000000084e00000, 0x0000000084e00000| Untracked 
|  11|0x0000000084f00000, 0x0000000085000000, 0x0000000085000000|100%| O|  |TAMS 0x0000000085000000, 0x0000000084f00000| Untracked 
|  12|0x0000000085000000, 0x00000000850fff98, 0x0000000085100000| 99%| O|  |TAMS 0x0000000085000000, 0x0000000085000000| Untracked 
|  13|0x0000000085100000, 0x00000000851ffff0, 0x0000000085200000| 99%| O|  |TAMS 0x0000000085100000, 0x0000000085100000| Untracked 
|  14|0x0000000085200000, 0x00000000852fffd0, 0x0000000085300000| 99%| O|  |TAMS 0x0000000085200000, 0x0000000085200000| Untracked 
|  15|0x0000000085300000, 0x00000000853fffe0, 0x0000000085400000| 99%| O|  |TAMS 0x0000000085300000, 0x0000000085300000| Untracked 
|  16|0x0000000085400000, 0x0000000085500000, 0x0000000085500000|100%| O|  |TAMS 0x0000000085400000, 0x0000000085400000| Untracked 
|  17|0x0000000085500000, 0x00000000855ffff0, 0x0000000085600000| 99%| O|  |TAMS 0x0000000085500000, 0x0000000085500000| Untracked 
|  18|0x0000000085600000, 0x00000000856fffc0, 0x0000000085700000| 99%| O|  |TAMS 0x0000000085600000, 0x0000000085600000| Untracked 
|  19|0x0000000085700000, 0x00000000857ffff0, 0x0000000085800000| 99%| O|  |TAMS 0x0000000085700000, 0x0000000085700000| Untracked 
|  20|0x0000000085800000, 0x00000000858ffff0, 0x0000000085900000| 99%| O|  |TAMS 0x0000000085800000, 0x0000000085800000| Untracked 
|  21|0x0000000085900000, 0x0000000085a00000, 0x0000000085a00000|100%| O|  |TAMS 0x0000000085900000, 0x0000000085900000| Untracked 
|  22|0x0000000085a00000, 0x0000000085affff8, 0x0000000085b00000| 99%| O|  |TAMS 0x0000000085a00000, 0x0000000085a00000| Untracked 
|  23|0x0000000085b00000, 0x0000000085bffff0, 0x0000000085c00000| 99%| O|  |TAMS 0x0000000085b00000, 0x0000000085b00000| Untracked 
|  24|0x0000000085c00000, 0x0000000085cfffe8, 0x0000000085d00000| 99%| O|  |TAMS 0x0000000085c00000, 0x0000000085c00000| Untracked 
|  25|0x0000000085d00000, 0x0000000085dffff8, 0x0000000085e00000| 99%| O|  |TAMS 0x0000000085d00000, 0x0000000085d00000| Untracked 
|  26|0x0000000085e00000, 0x0000000085f00000, 0x0000000085f00000|100%| O|  |TAMS 0x0000000085e00000, 0x0000000085e00000| Untracked 
|  27|0x0000000085f00000, 0x0000000085fffff8, 0x0000000086000000| 99%| O|  |TAMS 0x0000000085f00000, 0x0000000085f00000| Untracked 
|  28|0x0000000086000000, 0x00000000860ffff8, 0x0000000086100000| 99%| O|  |TAMS 0x0000000086000000, 0x0000000086000000| Untracked 
|  29|0x0000000086100000, 0x00000000861a23a8, 0x0000000086200000| 63%| O|  |TAMS 0x0000000086100000, 0x0000000086100000| Untracked 
|  30|0x0000000086200000, 0x0000000086289b50, 0x0000000086300000| 53%| O|  |TAMS 0x0000000086200000, 0x0000000086200000| Untracked 
|  31|0x0000000086300000, 0x00000000863d57a8, 0x0000000086400000| 83%| O|  |TAMS 0x0000000086300000, 0x0000000086300000| Untracked 
|  32|0x0000000086400000, 0x0000000086500000, 0x0000000086500000|100%| O|  |TAMS 0x0000000086400000, 0x0000000086400000| Untracked 
|  33|0x0000000086500000, 0x0000000086600000, 0x0000000086600000|100%| O|  |TAMS 0x0000000086500000, 0x0000000086500000| Untracked 
|  34|0x0000000086600000, 0x0000000086700000, 0x0000000086700000|100%| O|  |TAMS 0x0000000086600000, 0x0000000086600000| Untracked 
|  35|0x0000000086700000, 0x000000008678ec00, 0x0000000086800000| 55%| O|  |TAMS 0x0000000086700000, 0x0000000086700000| Untracked 
|  36|0x0000000086800000, 0x0000000086800000, 0x0000000086900000|  0%| F|  |TAMS 0x0000000086800000, 0x0000000086800000| Untracked 
|  37|0x0000000086900000, 0x0000000086900000, 0x0000000086a00000|  0%| F|  |TAMS 0x0000000086900000, 0x0000000086900000| Untracked 
|  38|0x0000000086a00000, 0x0000000086a00000, 0x0000000086b00000|  0%| F|  |TAMS 0x0000000086a00000, 0x0000000086a00000| Untracked 
|  39|0x0000000086b00000, 0x0000000086b00000, 0x0000000086c00000|  0%| F|  |TAMS 0x0000000086b00000, 0x0000000086b00000| Untracked 
|  40|0x0000000086c00000, 0x0000000086c00000, 0x0000000086d00000|  0%| F|  |TAMS 0x0000000086c00000, 0x0000000086c00000| Untracked 
|  41|0x0000000086d00000, 0x0000000086d00000, 0x0000000086e00000|  0%| F|  |TAMS 0x0000000086d00000, 0x0000000086d00000| Untracked 
|  42|0x0000000086e00000, 0x0000000086e00000, 0x0000000086f00000|  0%| F|  |TAMS 0x0000000086e00000, 0x0000000086e00000| Untracked 
|  43|0x0000000086f00000, 0x0000000086f00000, 0x0000000087000000|  0%| F|  |TAMS 0x0000000086f00000, 0x0000000086f00000| Untracked 
|  44|0x0000000087000000, 0x000000008700e388, 0x0000000087100000|  5%| O|  |TAMS 0x0000000087000000, 0x0000000087000000| Untracked 
|  45|0x0000000087100000, 0x0000000087100000, 0x0000000087200000|  0%| F|  |TAMS 0x0000000087100000, 0x0000000087100000| Untracked 
|  46|0x0000000087200000, 0x0000000087246a40, 0x0000000087300000| 27%| O|  |TAMS 0x0000000087200000, 0x0000000087200000| Untracked 
|  47|0x0000000087300000, 0x0000000087300000, 0x0000000087400000|  0%| F|  |TAMS 0x0000000087300000, 0x0000000087300000| Untracked 
|  48|0x0000000087400000, 0x0000000087400000, 0x0000000087500000|  0%| F|  |TAMS 0x0000000087400000, 0x0000000087400000| Untracked 
|  49|0x0000000087500000, 0x0000000087500000, 0x0000000087600000|  0%| F|  |TAMS 0x0000000087500000, 0x0000000087500000| Untracked 
|  50|0x0000000087600000, 0x0000000087600000, 0x0000000087700000|  0%| F|  |TAMS 0x0000000087600000, 0x0000000087600000| Untracked 
|  51|0x0000000087700000, 0x0000000087700000, 0x0000000087800000|  0%| F|  |TAMS 0x0000000087700000, 0x0000000087700000| Untracked 
|  52|0x0000000087800000, 0x0000000087864290, 0x0000000087900000| 39%| S|CS|TAMS 0x0000000087800000, 0x0000000087800000| Complete 
|  53|0x0000000087900000, 0x0000000087a00000, 0x0000000087a00000|100%| S|CS|TAMS 0x0000000087900000, 0x0000000087900000| Complete 
|  54|0x0000000087a00000, 0x0000000087b00000, 0x0000000087b00000|100%| S|CS|TAMS 0x0000000087a00000, 0x0000000087a00000| Complete 
|  55|0x0000000087b00000, 0x0000000087c00000, 0x0000000087c00000|100%| S|CS|TAMS 0x0000000087b00000, 0x0000000087b00000| Complete 
|  56|0x0000000087c00000, 0x0000000087d00000, 0x0000000087d00000|100%| S|CS|TAMS 0x0000000087c00000, 0x0000000087c00000| Complete 
|  57|0x0000000087d00000, 0x0000000087d00000, 0x0000000087e00000|  0%| F|  |TAMS 0x0000000087d00000, 0x0000000087d00000| Untracked 
|  58|0x0000000087e00000, 0x0000000087e00000, 0x0000000087f00000|  0%| F|  |TAMS 0x0000000087e00000, 0x0000000087e00000| Untracked 
|  59|0x0000000087f00000, 0x0000000087f00000, 0x0000000088000000|  0%| F|  |TAMS 0x0000000087f00000, 0x0000000087f00000| Untracked 
|  60|0x0000000088000000, 0x0000000088000000, 0x0000000088100000|  0%| F|  |TAMS 0x0000000088000000, 0x0000000088000000| Untracked 
|  61|0x0000000088100000, 0x0000000088100000, 0x0000000088200000|  0%| F|  |TAMS 0x0000000088100000, 0x0000000088100000| Untracked 
|  62|0x0000000088200000, 0x0000000088200000, 0x0000000088300000|  0%| F|  |TAMS 0x0000000088200000, 0x0000000088200000| Untracked 
|  63|0x0000000088300000, 0x0000000088300000, 0x0000000088400000|  0%| F|  |TAMS 0x0000000088300000, 0x0000000088300000| Untracked 
|  64|0x0000000088400000, 0x0000000088400000, 0x0000000088500000|  0%| F|  |TAMS 0x0000000088400000, 0x0000000088400000| Untracked 
|  65|0x0000000088500000, 0x0000000088500000, 0x0000000088600000|  0%| F|  |TAMS 0x0000000088500000, 0x0000000088500000| Untracked 
|  66|0x0000000088600000, 0x0000000088600000, 0x0000000088700000|  0%| F|  |TAMS 0x0000000088600000, 0x0000000088600000| Untracked 
|  67|0x0000000088700000, 0x0000000088700000, 0x0000000088800000|  0%| F|  |TAMS 0x0000000088700000, 0x0000000088700000| Untracked 
|  68|0x0000000088800000, 0x0000000088800000, 0x0000000088900000|  0%| F|  |TAMS 0x0000000088800000, 0x0000000088800000| Untracked 
|  69|0x0000000088900000, 0x0000000088900000, 0x0000000088a00000|  0%| F|  |TAMS 0x0000000088900000, 0x0000000088900000| Untracked 
|  70|0x0000000088a00000, 0x0000000088a00000, 0x0000000088b00000|  0%| F|  |TAMS 0x0000000088a00000, 0x0000000088a00000| Untracked 
|  71|0x0000000088b00000, 0x0000000088b00000, 0x0000000088c00000|  0%| F|  |TAMS 0x0000000088b00000, 0x0000000088b00000| Untracked 
|  72|0x0000000088c00000, 0x0000000088c00000, 0x0000000088d00000|  0%| F|  |TAMS 0x0000000088c00000, 0x0000000088c00000| Untracked 
|  73|0x0000000088d00000, 0x0000000088d00000, 0x0000000088e00000|  0%| F|  |TAMS 0x0000000088d00000, 0x0000000088d00000| Untracked 
|  74|0x0000000088e00000, 0x0000000088e00000, 0x0000000088f00000|  0%| F|  |TAMS 0x0000000088e00000, 0x0000000088e00000| Untracked 
|  75|0x0000000088f00000, 0x0000000088f00000, 0x0000000089000000|  0%| F|  |TAMS 0x0000000088f00000, 0x0000000088f00000| Untracked 
|  76|0x0000000089000000, 0x0000000089000000, 0x0000000089100000|  0%| F|  |TAMS 0x0000000089000000, 0x0000000089000000| Untracked 
|  77|0x0000000089100000, 0x0000000089100000, 0x0000000089200000|  0%| F|  |TAMS 0x0000000089100000, 0x0000000089100000| Untracked 
|  78|0x0000000089200000, 0x0000000089200000, 0x0000000089300000|  0%| F|  |TAMS 0x0000000089200000, 0x0000000089200000| Untracked 
|  79|0x0000000089300000, 0x0000000089300000, 0x0000000089400000|  0%| F|  |TAMS 0x0000000089300000, 0x0000000089300000| Untracked 
|  80|0x0000000089400000, 0x0000000089400000, 0x0000000089500000|  0%| F|  |TAMS 0x0000000089400000, 0x0000000089400000| Untracked 
|  81|0x0000000089500000, 0x0000000089500000, 0x0000000089600000|  0%| F|  |TAMS 0x0000000089500000, 0x0000000089500000| Untracked 
|  82|0x0000000089600000, 0x0000000089600000, 0x0000000089700000|  0%| F|  |TAMS 0x0000000089600000, 0x0000000089600000| Untracked 
|  83|0x0000000089700000, 0x0000000089700000, 0x0000000089800000|  0%| F|  |TAMS 0x0000000089700000, 0x0000000089700000| Untracked 
|  84|0x0000000089800000, 0x0000000089800000, 0x0000000089900000|  0%| F|  |TAMS 0x0000000089800000, 0x0000000089800000| Untracked 
|  85|0x0000000089900000, 0x0000000089900000, 0x0000000089a00000|  0%| F|  |TAMS 0x0000000089900000, 0x0000000089900000| Untracked 
|  86|0x0000000089a00000, 0x0000000089a00000, 0x0000000089b00000|  0%| F|  |TAMS 0x0000000089a00000, 0x0000000089a00000| Untracked 
|  87|0x0000000089b00000, 0x0000000089b00000, 0x0000000089c00000|  0%| F|  |TAMS 0x0000000089b00000, 0x0000000089b00000| Untracked 
|  88|0x0000000089c00000, 0x0000000089c00000, 0x0000000089d00000|  0%| F|  |TAMS 0x0000000089c00000, 0x0000000089c00000| Untracked 
|  89|0x0000000089d00000, 0x0000000089d00000, 0x0000000089e00000|  0%| F|  |TAMS 0x0000000089d00000, 0x0000000089d00000| Untracked 
|  90|0x0000000089e00000, 0x0000000089e00000, 0x0000000089f00000|  0%| F|  |TAMS 0x0000000089e00000, 0x0000000089e00000| Untracked 
|  91|0x0000000089f00000, 0x0000000089f00000, 0x000000008a000000|  0%| F|  |TAMS 0x0000000089f00000, 0x0000000089f00000| Untracked 
|  92|0x000000008a000000, 0x000000008a000000, 0x000000008a100000|  0%| F|  |TAMS 0x000000008a000000, 0x000000008a000000| Untracked 
|  93|0x000000008a100000, 0x000000008a100000, 0x000000008a200000|  0%| F|  |TAMS 0x000000008a100000, 0x000000008a100000| Untracked 
|  94|0x000000008a200000, 0x000000008a200000, 0x000000008a300000|  0%| F|  |TAMS 0x000000008a200000, 0x000000008a200000| Untracked 
|  95|0x000000008a300000, 0x000000008a300000, 0x000000008a400000|  0%| F|  |TAMS 0x000000008a300000, 0x000000008a300000| Untracked 
|  96|0x000000008a400000, 0x000000008a400000, 0x000000008a500000|  0%| F|  |TAMS 0x000000008a400000, 0x000000008a400000| Untracked 
|  97|0x000000008a500000, 0x000000008a500000, 0x000000008a600000|  0%| F|  |TAMS 0x000000008a500000, 0x000000008a500000| Untracked 
|  98|0x000000008a600000, 0x000000008a600000, 0x000000008a700000|  0%| F|  |TAMS 0x000000008a600000, 0x000000008a600000| Untracked 
|  99|0x000000008a700000, 0x000000008a700000, 0x000000008a800000|  0%| F|  |TAMS 0x000000008a700000, 0x000000008a700000| Untracked 
| 100|0x000000008a800000, 0x000000008a800000, 0x000000008a900000|  0%| F|  |TAMS 0x000000008a800000, 0x000000008a800000| Untracked 
| 101|0x000000008a900000, 0x000000008a900000, 0x000000008aa00000|  0%| F|  |TAMS 0x000000008a900000, 0x000000008a900000| Untracked 
| 102|0x000000008aa00000, 0x000000008aa00000, 0x000000008ab00000|  0%| F|  |TAMS 0x000000008aa00000, 0x000000008aa00000| Untracked 
| 103|0x000000008ab00000, 0x000000008ab00000, 0x000000008ac00000|  0%| F|  |TAMS 0x000000008ab00000, 0x000000008ab00000| Untracked 
| 104|0x000000008ac00000, 0x000000008ac00000, 0x000000008ad00000|  0%| F|  |TAMS 0x000000008ac00000, 0x000000008ac00000| Untracked 
| 105|0x000000008ad00000, 0x000000008ad00000, 0x000000008ae00000|  0%| F|  |TAMS 0x000000008ad00000, 0x000000008ad00000| Untracked 
| 106|0x000000008ae00000, 0x000000008af00000, 0x000000008af00000|100%| E|  |TAMS 0x000000008ae00000, 0x000000008ae00000| Complete 
| 107|0x000000008af00000, 0x000000008b000000, 0x000000008b000000|100%| E|CS|TAMS 0x000000008af00000, 0x000000008af00000| Complete 
| 108|0x000000008b000000, 0x000000008b100000, 0x000000008b100000|100%| E|CS|TAMS 0x000000008b000000, 0x000000008b000000| Complete 
| 109|0x000000008b100000, 0x000000008b200000, 0x000000008b200000|100%| E|CS|TAMS 0x000000008b100000, 0x000000008b100000| Complete 
| 110|0x000000008b200000, 0x000000008b300000, 0x000000008b300000|100%| E|CS|TAMS 0x000000008b200000, 0x000000008b200000| Complete 
| 111|0x000000008b300000, 0x000000008b400000, 0x000000008b400000|100%| E|CS|TAMS 0x000000008b300000, 0x000000008b300000| Complete 
| 112|0x000000008b400000, 0x000000008b500000, 0x000000008b500000|100%| E|CS|TAMS 0x000000008b400000, 0x000000008b400000| Complete 
| 113|0x000000008b500000, 0x000000008b600000, 0x000000008b600000|100%| E|CS|TAMS 0x000000008b500000, 0x000000008b500000| Complete 

Card table byte_map: [0x000001a7c5230000,0x000001a7c5610000] _byte_map_base: 0x000001a7c4e0e000

Marking Bits (Prev, Next): (CMBitMap*) 0x000001a7b9a79920, (CMBitMap*) 0x000001a7b9a79960
 Prev Bits: [0x000001a7c59f0000, 0x000001a7c78e0000)
 Next Bits: [0x000001a7c78e0000, 0x000001a7c97d0000)

Polling page: 0x000001a7b9ac0000

Metaspace:

Usage:
  Non-class:     61.06 MB used.
      Class:      9.55 MB used.
       Both:     70.62 MB used.

Virtual space:
  Non-class space:       64.00 MB reserved,      61.44 MB ( 96%) committed,  1 nodes.
      Class space:        1.00 GB reserved,       9.94 MB ( <1%) committed,  1 nodes.
             Both:        1.06 GB reserved,      71.38 MB (  7%) committed. 

Chunk freelists:
   Non-Class:  2.14 MB
       Class:  5.99 MB
        Both:  8.12 MB

MaxMetaspaceSize: unlimited
CompressedClassSpaceSize: 1.00 GB
Initial GC threshold: 21.00 MB
Current GC threshold: 118.56 MB
CDS: on
MetaspaceReclaimPolicy: balanced
 - commit_granule_bytes: 65536.
 - commit_granule_words: 8192.
 - virtual_space_node_default_size: 8388608.
 - enlarge_chunks_in_place: 1.
 - new_chunks_are_fully_committed: 0.
 - uncommit_free_chunks: 1.
 - use_allocation_guard: 0.
 - handle_deallocations: 1.


Internal statistics:

num_allocs_failed_limit: 9.
num_arena_births: 1060.
num_arena_deaths: 4.
num_vsnodes_births: 2.
num_vsnodes_deaths: 0.
num_space_committed: 1142.
num_space_uncommitted: 0.
num_chunks_returned_to_freelist: 14.
num_chunks_taken_from_freelist: 3685.
num_chunk_merges: 9.
num_chunk_splits: 2587.
num_chunks_enlarged: 1890.
num_inconsistent_stats: 0.

CodeCache: size=49152Kb used=15484Kb max_used=16536Kb free=33667Kb
 bounds [0x000001a7c1570000, 0x000001a7c25a0000, 0x000001a7c4570000]
 total_blobs=8963 nmethods=8282 adapters=608
 compilation: enabled
              stopped_count=0, restarted_count=0
 full_count=0

Compilation events (20 events):
Event: 52.944 Thread 0x000001a7cc298460 8272       1       java.lang.ThreadGroup::getMaxPriority (5 bytes)
Event: 52.944 Thread 0x000001a7cc298460 nmethod 8272 0x000001a7c2496d10 code [0x000001a7c2496ea0, 0x000001a7c2496f78]
Event: 52.978 Thread 0x000001a7cc298460 8274       1       java.time.Instant::getNano (5 bytes)
Event: 52.978 Thread 0x000001a7cc298460 nmethod 8274 0x000001a7c2496610 code [0x000001a7c24967a0, 0x000001a7c2496878]
Event: 52.980 Thread 0x000001a7cc298460 8275       1       com.mysql.cj.conf.AbstractPropertyDefinition::getLowerBound (5 bytes)
Event: 52.980 Thread 0x000001a7cc298460 nmethod 8275 0x000001a7c2496310 code [0x000001a7c24964a0, 0x000001a7c2496578]
Event: 52.980 Thread 0x000001a7cc298460 8276       1       com.mysql.cj.conf.AbstractPropertyDefinition::getUpperBound (5 bytes)
Event: 52.980 Thread 0x000001a7cc298460 nmethod 8276 0x000001a7c2496010 code [0x000001a7c24961a0, 0x000001a7c2496278]
Event: 52.981 Thread 0x000001a7cc298460 8277       1       sun.nio.ch.NioSocketImpl::ensureOpen (35 bytes)
Event: 52.981 Thread 0x000001a7cc298460 nmethod 8277 0x000001a7c2495b90 code [0x000001a7c2495d40, 0x000001a7c2495f58]
Event: 52.981 Thread 0x000001a7cc298460 8278       1       java.util.concurrent.locks.AbstractQueuedSynchronizer::acquire (20 bytes)
Event: 52.982 Thread 0x000001a7cc298460 nmethod 8278 0x000001a7c2495790 code [0x000001a7c2495940, 0x000001a7c2495a98]
Event: 52.984 Thread 0x000001a7cc298460 8280       1       java.util.HashMap::valuesToArray (81 bytes)
Event: 52.984 Thread 0x000001a7cc298460 nmethod 8280 0x000001a7c2495210 code [0x000001a7c24953c0, 0x000001a7c2495618]
Event: 52.984 Thread 0x000001a7cc298460 8279       1       org.apache.catalina.valves.ValveBase::getNext (5 bytes)
Event: 52.985 Thread 0x000001a7cc298460 nmethod 8279 0x000001a7c2494f10 code [0x000001a7c24950a0, 0x000001a7c2495178]
Event: 52.985 Thread 0x000001a7cc298460 8281       1       org.apache.catalina.ContainerEvent::getType (5 bytes)
Event: 52.985 Thread 0x000001a7cc298460 nmethod 8281 0x000001a7c2494c10 code [0x000001a7c2494da0, 0x000001a7c2494e78]
Event: 52.986 Thread 0x000001a7cc298460 8282       1       java.util.EventObject::getSource (5 bytes)
Event: 52.986 Thread 0x000001a7cc298460 nmethod 8282 0x000001a7c2494910 code [0x000001a7c2494aa0, 0x000001a7c2494b78]

GC Heap History (20 events):
Event: 3.101 GC heap before
{Heap before GC invocations=9 (full 0):
 garbage-first heap   total 73728K, used 54305K [0x0000000084400000, 0x0000000100000000)
  region size 1024K, 35 young (35840K), 5 survivors (5120K)
 Metaspace       used 35445K, committed 35968K, reserved 1114112K
  class space    used 4861K, committed 5056K, reserved 1048576K
}
Event: 3.105 GC heap after
{Heap after GC invocations=10 (full 0):
 garbage-first heap   total 73728K, used 24938K [0x0000000084400000, 0x0000000100000000)
  region size 1024K, 2 young (2048K), 2 survivors (2048K)
 Metaspace       used 35445K, committed 35968K, reserved 1114112K
  class space    used 4861K, committed 5056K, reserved 1048576K
}
Event: 3.110 GC heap before
{Heap before GC invocations=10 (full 0):
 garbage-first heap   total 73728K, used 24938K [0x0000000084400000, 0x0000000100000000)
  region size 1024K, 3 young (3072K), 2 survivors (2048K)
 Metaspace       used 35491K, committed 35968K, reserved 1114112K
  class space    used 4874K, committed 5056K, reserved 1048576K
}
Event: 3.112 GC heap after
{Heap after GC invocations=11 (full 0):
 garbage-first heap   total 73728K, used 24672K [0x0000000084400000, 0x0000000100000000)
  region size 1024K, 2 young (2048K), 2 survivors (2048K)
 Metaspace       used 35491K, committed 35968K, reserved 1114112K
  class space    used 4874K, committed 5056K, reserved 1048576K
}
Event: 3.507 GC heap before
{Heap before GC invocations=12 (full 0):
 garbage-first heap   total 73728K, used 56416K [0x0000000084400000, 0x0000000100000000)
  region size 1024K, 33 young (33792K), 2 survivors (2048K)
 Metaspace       used 41696K, committed 42240K, reserved 1114112K
  class space    used 5871K, committed 6144K, reserved 1048576K
}
Event: 3.510 GC heap after
{Heap after GC invocations=13 (full 0):
 garbage-first heap   total 131072K, used 25904K [0x0000000084400000, 0x0000000100000000)
  region size 1024K, 3 young (3072K), 3 survivors (3072K)
 Metaspace       used 41696K, committed 42240K, reserved 1114112K
  class space    used 5871K, committed 6144K, reserved 1048576K
}
Event: 4.569 GC heap before
{Heap before GC invocations=13 (full 0):
 garbage-first heap   total 131072K, used 99632K [0x0000000084400000, 0x0000000100000000)
  region size 1024K, 76 young (77824K), 3 survivors (3072K)
 Metaspace       used 57235K, committed 57856K, reserved 1114112K
  class space    used 7977K, committed 8256K, reserved 1048576K
}
Event: 4.575 GC heap after
{Heap after GC invocations=14 (full 0):
 garbage-first heap   total 131072K, used 30994K [0x0000000084400000, 0x0000000100000000)
  region size 1024K, 8 young (8192K), 8 survivors (8192K)
 Metaspace       used 57235K, committed 57856K, reserved 1114112K
  class space    used 7977K, committed 8256K, reserved 1048576K
}
Event: 5.077 GC heap before
{Heap before GC invocations=14 (full 0):
 garbage-first heap   total 131072K, used 94482K [0x0000000084400000, 0x0000000100000000)
  region size 1024K, 71 young (72704K), 8 survivors (8192K)
 Metaspace       used 59728K, committed 60288K, reserved 1114112K
  class space    used 8360K, committed 8640K, reserved 1048576K
}
Event: 5.085 GC heap after
{Heap after GC invocations=15 (full 0):
 garbage-first heap   total 131072K, used 35681K [0x0000000084400000, 0x0000000100000000)
  region size 1024K, 5 young (5120K), 5 survivors (5120K)
 Metaspace       used 59728K, committed 60288K, reserved 1114112K
  class space    used 8360K, committed 8640K, reserved 1048576K
}
Event: 18.155 GC heap before
{Heap before GC invocations=16 (full 0):
 garbage-first heap   total 130048K, used 101217K [0x0000000084400000, 0x0000000100000000)
  region size 1024K, 70 young (71680K), 5 survivors (5120K)
 Metaspace       used 70846K, committed 71488K, reserved 1114112K
  class space    used 9616K, committed 9920K, reserved 1048576K
}
Event: 18.164 GC heap after
{Heap after GC invocations=17 (full 0):
 garbage-first heap   total 130048K, used 38457K [0x0000000084400000, 0x0000000100000000)
  region size 1024K, 8 young (8192K), 8 survivors (8192K)
 Metaspace       used 70846K, committed 71488K, reserved 1114112K
  class space    used 9616K, committed 9920K, reserved 1048576K
}
Event: 47.214 GC heap before
{Heap before GC invocations=17 (full 0):
 garbage-first heap   total 130048K, used 50745K [0x0000000084400000, 0x0000000100000000)
  region size 1024K, 22 young (22528K), 8 survivors (8192K)
 Metaspace       used 72101K, committed 72832K, reserved 1114112K
  class space    used 9756K, committed 10112K, reserved 1048576K
}
Event: 47.324 GC heap after
{Heap after GC invocations=18 (full 1):
 garbage-first heap   total 116736K, used 32023K [0x0000000084400000, 0x0000000100000000)
  region size 1024K, 0 young (0K), 0 survivors (0K)
 Metaspace       used 72089K, committed 72832K, reserved 1114112K
  class space    used 9755K, committed 10112K, reserved 1048576K
}
Event: 47.888 GC heap before
{Heap before GC invocations=18 (full 1):
 garbage-first heap   total 116736K, used 89367K [0x0000000084400000, 0x0000000100000000)
  region size 1024K, 57 young (58368K), 0 survivors (0K)
 Metaspace       used 72130K, committed 72832K, reserved 1114112K
  class space    used 9762K, committed 10112K, reserved 1048576K
}
Event: 47.892 GC heap after
{Heap after GC invocations=19 (full 1):
 garbage-first heap   total 116736K, used 36559K [0x0000000084400000, 0x0000000100000000)
  region size 1024K, 5 young (5120K), 5 survivors (5120K)
 Metaspace       used 72130K, committed 72832K, reserved 1114112K
  class space    used 9762K, committed 10112K, reserved 1048576K
}
Event: 48.204 GC heap before
{Heap before GC invocations=19 (full 1):
 garbage-first heap   total 116736K, used 90831K [0x0000000084400000, 0x0000000100000000)
  region size 1024K, 58 young (59392K), 5 survivors (5120K)
 Metaspace       used 72212K, committed 72960K, reserved 1114112K
  class space    used 9774K, committed 10112K, reserved 1048576K
}
Event: 48.208 GC heap after
{Heap after GC invocations=20 (full 1):
 garbage-first heap   total 116736K, used 38056K [0x0000000084400000, 0x0000000100000000)
  region size 1024K, 6 young (6144K), 6 survivors (6144K)
 Metaspace       used 72212K, committed 72960K, reserved 1114112K
  class space    used 9774K, committed 10112K, reserved 1048576K
}
Event: 48.484 GC heap before
{Heap before GC invocations=20 (full 1):
 garbage-first heap   total 116736K, used 92328K [0x0000000084400000, 0x0000000100000000)
  region size 1024K, 59 young (60416K), 6 survivors (6144K)
 Metaspace       used 72307K, committed 73088K, reserved 1114112K
  class space    used 9781K, committed 10176K, reserved 1048576K
}
Event: 48.489 GC heap after
{Heap after GC invocations=21 (full 1):
 garbage-first heap   total 116736K, used 40162K [0x0000000084400000, 0x0000000100000000)
  region size 1024K, 5 young (5120K), 5 survivors (5120K)
 Metaspace       used 72307K, committed 73088K, reserved 1114112K
  class space    used 9781K, committed 10176K, reserved 1048576K
}

Dll operation events (13 events):
Event: 0.033 Loaded shared library C:\Program Files\Microsoft\jdk-17.0.10.7-hotspot\bin\java.dll
Event: 0.052 Loaded shared library C:\Program Files\Microsoft\jdk-17.0.10.7-hotspot\bin\jsvml.dll
Event: 0.136 Loaded shared library C:\Program Files\Microsoft\jdk-17.0.10.7-hotspot\bin\zip.dll
Event: 0.138 Loaded shared library C:\Program Files\Microsoft\jdk-17.0.10.7-hotspot\bin\instrument.dll
Event: 0.144 Loaded shared library C:\Program Files\Microsoft\jdk-17.0.10.7-hotspot\bin\net.dll
Event: 0.146 Loaded shared library C:\Program Files\Microsoft\jdk-17.0.10.7-hotspot\bin\nio.dll
Event: 0.148 Loaded shared library C:\Program Files\Microsoft\jdk-17.0.10.7-hotspot\bin\zip.dll
Event: 0.230 Loaded shared library C:\Program Files\Microsoft\jdk-17.0.10.7-hotspot\bin\jimage.dll
Event: 0.236 Loaded shared library C:\Program Files\Microsoft\jdk-17.0.10.7-hotspot\bin\extnet.dll
Event: 0.252 Loaded shared library C:\Program Files\Microsoft\jdk-17.0.10.7-hotspot\bin\management.dll
Event: 0.268 Loaded shared library C:\Program Files\Microsoft\jdk-17.0.10.7-hotspot\bin\management_ext.dll
Event: 1.362 Loaded shared library C:\Program Files\Microsoft\jdk-17.0.10.7-hotspot\bin\sunmscapi.dll
Event: 3.366 Loaded shared library C:\Program Files\Microsoft\jdk-17.0.10.7-hotspot\bin\verify.dll

Deoptimization events (6 events):
Event: 2.381 Thread 0x000001a7ccf91440 DEOPT PACKING pc=0x000001a7c1e348b5 sp=0x000000a75a5fd350
Event: 2.381 Thread 0x000001a7ccf91440 DEOPT UNPACKING pc=0x000001a7c15cace3 sp=0x000000a75a5fc8f8 mode 0
Event: 4.470 Thread 0x000001a7ccf91440 DEOPT PACKING pc=0x000001a7c1b8eb22 sp=0x000000a75a5fd190
Event: 4.470 Thread 0x000001a7ccf91440 DEOPT UNPACKING pc=0x000001a7c15cace3 sp=0x000000a75a5fc698 mode 3
Event: 5.161 Thread 0x000001a7ccf91440 DEOPT PACKING pc=0x000001a7c212ad80 sp=0x000000a75a5fe480
Event: 5.161 Thread 0x000001a7ccf91440 DEOPT UNPACKING pc=0x000001a7c15cace3 sp=0x000000a75a5fd958 mode 3

Classes unloaded (2 events):
Event: 47.229 Thread 0x000001a7cc278b90 Unloading class 0x000001a7ce9e8800 'org/apache/jsp/WEB_002dINF/view/hello_jsp'
Event: 47.229 Thread 0x000001a7cc278b90 Unloading class 0x000001a7ce894000 'jdk/internal/reflect/GeneratedSerializationConstructorAccessor29'

Classes redefined (0 events):
No events

Internal exceptions (20 events):
Event: 47.799 Thread 0x000001a8145b48a0 Exception <a 'java/lang/NoClassDefFoundError'{0x0000000088c196a0}: org/quartz/Scheduler> (0x0000000088c196a0) 
thrown [s\src\hotspot\share\oops\constantPool.cpp, line 835]
Event: 47.799 Thread 0x000001a8145b48a0 Exception <a 'java/lang/NoClassDefFoundError'{0x0000000088c19d10}: org/springframework/session/jdbc/JdbcIndexedSessionRepository> (0x0000000088c19d10) 
thrown [s\src\hotspot\share\oops\constantPool.cpp, line 835]
Event: 47.811 Thread 0x000001a8145b48a0 Exception <a 'java/lang/ArrayIndexOutOfBoundsException'{0x0000000088b369d0}: Index 40 out of bounds for length 40> (0x0000000088b369d0) 
thrown [s\src\hotspot\share\interpreter\interpreterRuntime.cpp, line 428]
Event: 47.812 Thread 0x000001a8145b48a0 Exception <a 'java/lang/ArrayIndexOutOfBoundsException'{0x0000000088b36f98}> (0x0000000088b36f98) 
thrown [s\src\hotspot\share\runtime\sharedRuntime.cpp, line 631]
Event: 47.815 Thread 0x000001a8145b48a0 Exception <a 'java/lang/ArrayIndexOutOfBoundsException'{0x0000000088b7e4d0}> (0x0000000088b7e4d0) 
thrown [s\src\hotspot\share\runtime\sharedRuntime.cpp, line 631]
Event: 47.815 Thread 0x000001a8145b48a0 Exception <a 'java/lang/ArrayIndexOutOfBoundsException'{0x0000000088b7ea98}> (0x0000000088b7ea98) 
thrown [s\src\hotspot\share\runtime\sharedRuntime.cpp, line 631]
Event: 47.882 Thread 0x000001a8145b48a0 Exception <a 'sun/nio/fs/WindowsException'{0x0000000087d4a9d8}> (0x0000000087d4a9d8) 
thrown [s\src\hotspot\share\prims\jni.cpp, line 516]
Event: 47.882 Thread 0x000001a8145b48a0 Exception <a 'sun/nio/fs/WindowsException'{0x0000000087d4afe0}> (0x0000000087d4afe0) 
thrown [s\src\hotspot\share\prims\jni.cpp, line 516]
Event: 47.882 Thread 0x000001a8145b48a0 Exception <a 'sun/nio/fs/WindowsException'{0x0000000087d4b6b8}> (0x0000000087d4b6b8) 
thrown [s\src\hotspot\share\prims\jni.cpp, line 516]
Event: 47.885 Thread 0x000001a8145b48a0 Exception <a 'java/io/FileNotFoundException'{0x0000000087d7cef0}> (0x0000000087d7cef0) 
thrown [s\src\hotspot\share\prims\jni.cpp, line 516]
Event: 48.048 Thread 0x000001a8145b48a0 Exception <a 'sun/nio/fs/WindowsException'{0x00000000897e4920}> (0x00000000897e4920) 
thrown [s\src\hotspot\share\prims\jni.cpp, line 516]
Event: 48.252 Thread 0x000001a8145b48a0 Exception <a 'sun/nio/fs/WindowsException'{0x000000008af2b2a0}> (0x000000008af2b2a0) 
thrown [s\src\hotspot\share\prims\jni.cpp, line 516]
Event: 52.981 Thread 0x000001a814cd61c0 Exception <a 'java/io/IOException'{0x000000008aeb1308}> (0x000000008aeb1308) 
thrown [s\src\hotspot\share\prims\jni.cpp, line 516]
Event: 52.981 Thread 0x000001a814cd61c0 Exception <a 'java/io/IOException'{0x000000008aeb1e48}> (0x000000008aeb1e48) 
thrown [s\src\hotspot\share\prims\jni.cpp, line 516]
Event: 52.982 Thread 0x000001a814cd61c0 Exception <a 'java/io/IOException'{0x000000008aeb7188}> (0x000000008aeb7188) 
thrown [s\src\hotspot\share\prims\jni.cpp, line 516]
Event: 52.982 Thread 0x000001a814cd61c0 Exception <a 'java/io/IOException'{0x000000008aeb7cc8}> (0x000000008aeb7cc8) 
thrown [s\src\hotspot\share\prims\jni.cpp, line 516]
Event: 52.982 Thread 0x000001a814cd61c0 Exception <a 'java/io/IOException'{0x000000008aebd530}> (0x000000008aebd530) 
thrown [s\src\hotspot\share\prims\jni.cpp, line 516]
Event: 52.982 Thread 0x000001a814cd61c0 Exception <a 'java/io/IOException'{0x000000008aec0470}> (0x000000008aec0470) 
thrown [s\src\hotspot\share\prims\jni.cpp, line 516]
Event: 52.983 Thread 0x000001a814cd61c0 Exception <a 'java/net/SocketException'{0x000000008aec3360}: Connection reset by peer: shutdown> (0x000000008aec3360) 
thrown [s\src\hotspot\share\prims\jni.cpp, line 535]
Event: 52.986 Thread 0x000001a8145b57d0 Exception <a 'java/lang/InterruptedException'{0x000000008aeee930}: sleep interrupted> (0x000000008aeee930) 
thrown [s\src\hotspot\share\prims\jvm.cpp, line 3064]

VM Operations (20 events):
Event: 38.460 Executing VM operation: Cleanup done
Event: 41.475 Executing VM operation: Cleanup
Event: 41.475 Executing VM operation: Cleanup done
Event: 47.214 Executing VM operation: G1CollectFull
Event: 47.324 Executing VM operation: G1CollectFull done
Event: 47.780 Executing VM operation: HandshakeAllThreads
Event: 47.781 Executing VM operation: HandshakeAllThreads done
Event: 47.786 Executing VM operation: ICBufferFull
Event: 47.787 Executing VM operation: ICBufferFull done
Event: 47.888 Executing VM operation: G1CollectForAllocation
Event: 47.892 Executing VM operation: G1CollectForAllocation done
Event: 48.204 Executing VM operation: G1CollectForAllocation
Event: 48.208 Executing VM operation: G1CollectForAllocation done
Event: 48.484 Executing VM operation: G1CollectForAllocation
Event: 48.489 Executing VM operation: G1CollectForAllocation done
Event: 50.503 Executing VM operation: Cleanup
Event: 50.503 Executing VM operation: Cleanup done
Event: 51.518 Executing VM operation: Cleanup
Event: 51.518 Executing VM operation: Cleanup done
Event: 52.987 Executing VM operation: G1CollectFull

Events (20 events):
Event: 52.976 Thread 0x000001a814cd8530 Thread exited: 0x000001a814cd8530
Event: 52.976 Thread 0x000001a814cd66d0 Thread exited: 0x000001a814cd66d0
Event: 52.977 Thread 0x000001a81279a580 Thread exited: 0x000001a81279a580
Event: 52.977 Thread 0x000001a8145b9490 Thread exited: 0x000001a8145b9490
Event: 52.977 Thread 0x000001a8145b8a70 Thread exited: 0x000001a8145b8a70
Event: 52.977 Thread 0x000001a81279b9c0 Thread exited: 0x000001a81279b9c0
Event: 52.977 Thread 0x000001a8145b3460 Thread exited: 0x000001a8145b3460
Event: 52.977 Thread 0x000001a81279bed0 Thread exited: 0x000001a81279bed0
Event: 52.977 Thread 0x000001a81279afa0 Thread exited: 0x000001a81279afa0
Event: 52.977 Thread 0x000001a812799b60 Thread exited: 0x000001a812799b60
Event: 52.977 Thread 0x000001a8145b52c0 Thread exited: 0x000001a8145b52c0
Event: 52.977 Thread 0x000001a8145b7630 Thread exited: 0x000001a8145b7630
Event: 52.977 Thread 0x000001a8145b4390 Thread exited: 0x000001a8145b4390
Event: 52.979 Thread 0x000001a814cd61c0 Thread added: 0x000001a814cd61c0
Event: 52.979 Thread 0x000001a8145b3e80 Thread exited: 0x000001a8145b3e80
Event: 52.979 Thread 0x000001a8145b2530 Thread exited: 0x000001a8145b2530
Event: 52.983 Thread 0x000001a814cd61c0 Thread exited: 0x000001a814cd61c0
Event: 52.986 Thread 0x000001a8145b4db0 Thread exited: 0x000001a8145b4db0
Event: 52.986 Thread 0x000001a8145b5ce0 Thread exited: 0x000001a8145b5ce0
Event: 52.986 Thread 0x000001a8145b57d0 Thread exited: 0x000001a8145b57d0


Dynamic libraries:
0x00007ff7d4c20000 - 0x00007ff7d4c2e000 	C:\Program Files\Microsoft\jdk-17.0.10.7-hotspot\bin\java.exe
0x00007ffcce980000 - 0x00007ffccebe6000 	C:\WINDOWS\SYSTEM32\ntdll.dll
0x00007ffccc920000 - 0x00007ffccc9e9000 	C:\WINDOWS\System32\KERNEL32.DLL
0x00007ffccbbd0000 - 0x00007ffccbf9c000 	C:\WINDOWS\System32\KERNELBASE.dll
0x00007ffccc470000 - 0x00007ffccc5bb000 	C:\WINDOWS\System32\ucrtbase.dll
0x00007ffcc29c0000 - 0x00007ffcc29d7000 	C:\Program Files\Microsoft\jdk-17.0.10.7-hotspot\bin\jli.dll
0x00007ffcc2a00000 - 0x00007ffcc2a1b000 	C:\Program Files\Microsoft\jdk-17.0.10.7-hotspot\bin\VCRUNTIME140.dll
0x00007ffcce410000 - 0x00007ffcce5da000 	C:\WINDOWS\System32\USER32.dll
0x00007ffcaf180000 - 0x00007ffcaf41a000 	C:\WINDOWS\WinSxS\amd64_microsoft.windows.common-controls_6595b64144ccf1df_6.0.26100.3912_none_3e07963ce335137e\COMCTL32.dll
0x00007ffccc440000 - 0x00007ffccc467000 	C:\WINDOWS\System32\win32u.dll
0x00007ffccdc30000 - 0x00007ffccdcd9000 	C:\WINDOWS\System32\msvcrt.dll
0x00007ffcce300000 - 0x00007ffcce32b000 	C:\WINDOWS\System32\GDI32.dll
0x00007ffccbfa0000 - 0x00007ffccc0d2000 	C:\WINDOWS\System32\gdi32full.dll
0x00007ffccc170000 - 0x00007ffccc213000 	C:\WINDOWS\System32\msvcp_win.dll
0x00007ffcce900000 - 0x00007ffcce930000 	C:\WINDOWS\System32\IMM32.DLL
0x00007ffcaa020000 - 0x00007ffcaa02c000 	C:\Program Files\Microsoft\jdk-17.0.10.7-hotspot\bin\vcruntime140_1.dll
0x00007ffc95530000 - 0x00007ffc955bd000 	C:\Program Files\Microsoft\jdk-17.0.10.7-hotspot\bin\msvcp140.dll
0x00007ffc3f8b0000 - 0x00007ffc40515000 	C:\Program Files\Microsoft\jdk-17.0.10.7-hotspot\bin\server\jvm.dll
0x00007ffccc750000 - 0x00007ffccc802000 	C:\WINDOWS\System32\ADVAPI32.dll
0x00007ffcce360000 - 0x00007ffcce406000 	C:\WINDOWS\System32\sechost.dll
0x00007ffcce7c0000 - 0x00007ffcce8d6000 	C:\WINDOWS\System32\RPCRT4.dll
0x00007ffcbf7a0000 - 0x00007ffcbf7d6000 	C:\WINDOWS\SYSTEM32\WINMM.dll
0x00007ffcb9b70000 - 0x00007ffcb9b7a000 	C:\WINDOWS\SYSTEM32\WSOCK32.dll
0x00007ffcca740000 - 0x00007ffcca79e000 	C:\WINDOWS\SYSTEM32\POWRPROF.dll
0x00007ffccd120000 - 0x00007ffccd194000 	C:\WINDOWS\System32\WS2_32.dll
0x00007ffcb7410000 - 0x00007ffcb741b000 	C:\WINDOWS\SYSTEM32\VERSION.dll
0x00007ffcca720000 - 0x00007ffcca734000 	C:\WINDOWS\SYSTEM32\UMPDC.dll
0x00007ffcca9f0000 - 0x00007ffccaa0a000 	C:\WINDOWS\SYSTEM32\kernel.appcore.dll
0x00007ffc9d450000 - 0x00007ffc9d45a000 	C:\Program Files\Microsoft\jdk-17.0.10.7-hotspot\bin\jimage.dll
0x00007ffcc90a0000 - 0x00007ffcc92e1000 	C:\WINDOWS\SYSTEM32\DBGHELP.DLL
0x00007ffccd260000 - 0x00007ffccd5e4000 	C:\WINDOWS\System32\combase.dll
0x00007ffccc810000 - 0x00007ffccc8f0000 	C:\WINDOWS\System32\OLEAUT32.dll
0x00007ffcad980000 - 0x00007ffcad9b9000 	C:\WINDOWS\SYSTEM32\dbgcore.DLL
0x00007ffccc220000 - 0x00007ffccc2b9000 	C:\WINDOWS\System32\bcryptPrimitives.dll
0x00007ffc96e10000 - 0x00007ffc96e1e000 	C:\Program Files\Microsoft\jdk-17.0.10.7-hotspot\bin\instrument.dll
0x00007ffc954d0000 - 0x00007ffc954f5000 	C:\Program Files\Microsoft\jdk-17.0.10.7-hotspot\bin\java.dll
0x00007ffc8ca60000 - 0x00007ffc8cb37000 	C:\Program Files\Microsoft\jdk-17.0.10.7-hotspot\bin\jsvml.dll
0x00007ffccc9f0000 - 0x00007ffccd11d000 	C:\WINDOWS\System32\SHELL32.dll
0x00007ffccc5c0000 - 0x00007ffccc734000 	C:\WINDOWS\System32\wintypes.dll
0x00007ffcc9770000 - 0x00007ffcc9fc6000 	C:\WINDOWS\SYSTEM32\windows.storage.dll
0x00007ffccd700000 - 0x00007ffccd7ef000 	C:\WINDOWS\System32\SHCORE.dll
0x00007ffccd1f0000 - 0x00007ffccd259000 	C:\WINDOWS\System32\shlwapi.dll
0x00007ffccba20000 - 0x00007ffccba4f000 	C:\WINDOWS\SYSTEM32\profapi.dll
0x00007ffc952c0000 - 0x00007ffc952d8000 	C:\Program Files\Microsoft\jdk-17.0.10.7-hotspot\bin\zip.dll
0x00007ffc95600000 - 0x00007ffc95619000 	C:\Program Files\Microsoft\jdk-17.0.10.7-hotspot\bin\net.dll
0x00007ffcba4c0000 - 0x00007ffcba5de000 	C:\WINDOWS\SYSTEM32\WINHTTP.dll
0x00007ffccaf60000 - 0x00007ffccafca000 	C:\WINDOWS\system32\mswsock.dll
0x00007ffc952e0000 - 0x00007ffc952f6000 	C:\Program Files\Microsoft\jdk-17.0.10.7-hotspot\bin\nio.dll
0x00007ffc96e00000 - 0x00007ffc96e09000 	C:\Program Files\Microsoft\jdk-17.0.10.7-hotspot\bin\extnet.dll
0x00007ffcca450000 - 0x00007ffcca577000 	C:\WINDOWS\SYSTEM32\DNSAPI.dll
0x00007ffcca3b0000 - 0x00007ffcca3e3000 	C:\WINDOWS\SYSTEM32\IPHLPAPI.DLL
0x00007ffccc740000 - 0x00007ffccc74a000 	C:\WINDOWS\System32\NSI.dll
0x00007ffcbae90000 - 0x00007ffcbae9b000 	C:\Windows\System32\rasadhlp.dll
0x00007ffcc0ff0000 - 0x00007ffcc1076000 	C:\WINDOWS\System32\fwpuclnt.dll
0x00007ffc954c0000 - 0x00007ffc954c9000 	C:\Program Files\Microsoft\jdk-17.0.10.7-hotspot\bin\management.dll
0x00007ffc93040000 - 0x00007ffc9304b000 	C:\Program Files\Microsoft\jdk-17.0.10.7-hotspot\bin\management_ext.dll
0x00007ffccc900000 - 0x00007ffccc908000 	C:\WINDOWS\System32\PSAPI.DLL
0x00007ffccb200000 - 0x00007ffccb21c000 	C:\WINDOWS\SYSTEM32\CRYPTSP.dll
0x00007ffcca950000 - 0x00007ffcca98a000 	C:\WINDOWS\system32\rsaenh.dll
0x00007ffccb000000 - 0x00007ffccb02b000 	C:\WINDOWS\SYSTEM32\USERENV.dll
0x00007ffccb9f0000 - 0x00007ffccba16000 	C:\WINDOWS\SYSTEM32\bcrypt.dll
0x00007ffccb220000 - 0x00007ffccb22c000 	C:\WINDOWS\SYSTEM32\CRYPTBASE.dll
0x00007ffcbf030000 - 0x00007ffcbf04f000 	C:\WINDOWS\SYSTEM32\dhcpcsvc6.DLL
0x00007ffcbf060000 - 0x00007ffcbf085000 	C:\WINDOWS\SYSTEM32\dhcpcsvc.DLL
0x00007ffcabe30000 - 0x00007ffcabe48000 	C:\WINDOWS\system32\napinsp.dll
0x00007ffcaaa30000 - 0x00007ffcaaa42000 	C:\WINDOWS\System32\winrnr.dll
0x00007ffcaa9f0000 - 0x00007ffcaaa20000 	C:\WINDOWS\system32\nlansp_c.dll
0x00007ffcb9200000 - 0x00007ffcb9220000 	C:\WINDOWS\system32\wshbth.dll
0x00007ffcadb80000 - 0x00007ffcadbce000 	C:\WINDOWS\SYSTEM32\pdh.dll
0x00007ffca6a70000 - 0x00007ffca6a82000 	C:\WINDOWS\System32\perfproc.dll
0x00007ffca6a20000 - 0x00007ffca6a31000 	C:\WINDOWS\System32\perfos.dll
0x00007ffcc9ff0000 - 0x00007ffcca002000 	C:\WINDOWS\SYSTEM32\pfclient.dll
0x00007ffc93030000 - 0x00007ffc9303e000 	C:\Program Files\Microsoft\jdk-17.0.10.7-hotspot\bin\sunmscapi.dll
0x00007ffccc2c0000 - 0x00007ffccc437000 	C:\WINDOWS\System32\CRYPT32.dll
0x00007ffccb410000 - 0x00007ffccb440000 	C:\WINDOWS\SYSTEM32\ncrypt.dll
0x00007ffccb3c0000 - 0x00007ffccb3ff000 	C:\WINDOWS\SYSTEM32\NTASN1.dll
0x00007ffc93020000 - 0x00007ffc93030000 	C:\Program Files\Microsoft\jdk-17.0.10.7-hotspot\bin\verify.dll
0x00007ffcb2080000 - 0x00007ffcb2088000 	C:\WINDOWS\system32\wshunix.dll

dbghelp: loaded successfully - version: 4.0.5 - missing functions: none
symbol engine: initialized successfully - sym options: 0x614 - pdb path: .;C:\Program Files\Microsoft\jdk-17.0.10.7-hotspot\bin;C:\WINDOWS\SYSTEM32;C:\WINDOWS\WinSxS\amd64_microsoft.windows.common-controls_6595b64144ccf1df_6.0.26100.3912_none_3e07963ce335137e;C:\Program Files\Microsoft\jdk-17.0.10.7-hotspot\bin\server

VM Arguments:
jvm_args: -XX:TieredStopAtLevel=1 -Dspring.output.ansi.enabled=always -Dcom.sun.management.jmxremote -Dspring.jmx.enabled=true -Dspring.liveBeansView.mbeanDomain -Dspring.application.admin.enabled=true -Dmanagement.endpoints.jmx.exposure.include=* -javaagent:C:\Program Files\JetBrains\IntelliJ IDEA 2024.3\lib\idea_rt.jar=57011 -Dfile.encoding=UTF-8 
java_command: org.example.laptopshop.LaptopshopApplication
java_class_path (initial): D:\Workspace\Java\Java-spring-mvc\laptopshop\target\classes;C:\Users\DELL\.m2\repository\org\springframework\boot\spring-boot-starter-actuator\3.4.5\spring-boot-starter-actuator-3.4.5.jar;C:\Users\DELL\.m2\repository\org\springframework\boot\spring-boot-actuator-autoconfigure\3.4.5\spring-boot-actuator-autoconfigure-3.4.5.jar;C:\Users\DELL\.m2\repository\org\springframework\boot\spring-boot-actuator\3.4.5\spring-boot-actuator-3.4.5.jar;C:\Users\DELL\.m2\repository\com\fasterxml\jackson\core\jackson-databind\2.18.3\jackson-databind-2.18.3.jar;C:\Users\DELL\.m2\repository\com\fasterxml\jackson\core\jackson-annotations\2.18.3\jackson-annotations-2.18.3.jar;C:\Users\DELL\.m2\repository\com\fasterxml\jackson\core\jackson-core\2.18.3\jackson-core-2.18.3.jar;C:\Users\DELL\.m2\repository\com\fasterxml\jackson\datatype\jackson-datatype-jsr310\2.18.3\jackson-datatype-jsr310-2.18.3.jar;C:\Users\DELL\.m2\repository\io\micrometer\micrometer-observation\1.14.6\micrometer-observation-1.14.6.jar;C:\Users\DELL\.m2\repository\io\micrometer\micrometer-commons\1.14.6\micrometer-commons-1.14.6.jar;C:\Users\DELL\.m2\repository\io\micrometer\micrometer-jakarta9\1.14.6\micrometer-jakarta9-1.14.6.jar;C:\Users\DELL\.m2\repository\io\micrometer\micrometer-core\1.14.6\micrometer-core-1.14.6.jar;C:\Users\DELL\.m2\repository\org\hdrhistogram\HdrHistogram\2.2.2\HdrHistogram-2.2.2.jar;C:\Users\DELL\.m2\repository\org\latencyutils\LatencyUtils\2.0.3\LatencyUtils-2.0.3.jar;C:\Users\DELL\.m2\repository\org\springframework\boot\spring-boot-starter\3.4.5\spring-boot-starter-3.4.5.jar;C:\Users\DELL\.m2\repository\org\springframework\boot\spring-boot\3.4.5\spring-boot-3.4.5.jar;C:\Users\DELL\.m2\repository\org\springframework\spring-context\6.2.6\spring-context-6.2.6.jar;C:\Users\DELL\.m2\repository\org\springframework\boot\spring-boot-autoconfigure\3.4.5\spring-boot-autoconfigure-3.4.5.jar;C:\Users\DELL\.m2\repository\org\springframework\boot\spring-boot-starter-logging\3.4.
Launcher Type: SUN_STANDARD

[Global flags]
     intx CICompilerCount                          = 4                                         {product} {ergonomic}
     uint ConcGCThreads                            = 2                                         {product} {ergonomic}
     uint G1ConcRefinementThreads                  = 8                                         {product} {ergonomic}
   size_t G1HeapRegionSize                         = 1048576                                   {product} {ergonomic}
    uintx GCDrainStackTargetSize                   = 64                                        {product} {ergonomic}
   size_t InitialHeapSize                          = 130023424                                 {product} {ergonomic}
     bool ManagementServer                         = true                                      {product} {command line}
   size_t MarkStackSize                            = 4194304                                   {product} {ergonomic}
   size_t MaxHeapSize                              = 2076180480                                {product} {ergonomic}
   size_t MaxNewSize                               = 1245708288                                {product} {ergonomic}
   size_t MinHeapDeltaBytes                        = 1048576                                   {product} {ergonomic}
   size_t MinHeapSize                              = 8388608                                   {product} {ergonomic}
    uintx NonProfiledCodeHeapSize                  = 0                                      {pd product} {ergonomic}
     bool ProfileInterpreter                       = false                                  {pd product} {command line}
    uintx ProfiledCodeHeapSize                     = 0                                      {pd product} {ergonomic}
   size_t SoftMaxHeapSize                          = 2076180480                             {manageable} {ergonomic}
     intx TieredStopAtLevel                        = 1                                         {product} {command line}
     bool UseCompressedClassPointers               = true                           {product lp64_product} {ergonomic}
     bool UseCompressedOops                        = true                           {product lp64_product} {ergonomic}
     bool UseG1GC                                  = true                                      {product} {ergonomic}
     bool UseLargePagesIndividualAllocation        = false                                  {pd product} {ergonomic}

Logging:
Log output configuration:
 #0: stdout all=warning uptime,level,tags
 #1: stderr all=off uptime,level,tags

Environment Variables:
JAVA_HOME=C:\Program Files\Microsoft\jdk-17.0.10.7-hotspot\
PATH=C:\Program Files\Microsoft\jdk-17.0.10.7-hotspot\bin;C:\Program Files\Common Files\Oracle\Java\javapath;C:\Program Files (x86)\Common Files\Oracle\Java\java8path;C:\Program Files (x86)\Common Files\Oracle\Java\javapath;C:\Users\DELL\AppData\Local\Programs\Python\Python39\Scripts\;C:\Users\DELL\AppData\Local\Programs\Python\Python39\;C:\Program Files\Python39\Scripts\;C:\Program Files\Python39\;C:\Windows\system32;C:\Windows;C:\Windows\System32\Wbem;C:\Windows\System32\WindowsPowerShell\v1.0\;C:\Windows\System32\OpenSSH\;C:\Program Files\NVIDIA Corporation\NVIDIA NvDLISR;C:\WINDOWS\system32;C:\WINDOWS;C:\WINDOWS\System32\Wbem;C:\WINDOWS\System32\WindowsPowerShell\v1.0\;C:\WINDOWS\System32\OpenSSH\;C:\MinGW\bin;C:\Program Files\Java\jdk-17\bin;C:\Program Files\Azure Data Studio\bin;%HADOOP_HOME%\bin;%HADOOP_HOME%\sbin;C:\Program Files\Microsoft\jdk-17.0.10.7-hotspot\\bin;%SPARK_HOME%\bin;%SPARK_HOME%\sbin;C:\Program Files\nodejs\;C:\ProgramData\chocolatey\bin;C:\Program Files\Microsoft SQL Server\150\Tools\Binn\;C:\Program Files\Microsoft SQL Server\Client SDK\ODBC\170\Tools\Binn\;C:\Program Files (x86)\Microsoft SQL Server\160\Tools\Binn\;C:\Program Files\Microsoft SQL Server\160\Tools\Binn\;C:\Program Files\Microsoft SQL Server\160\DTS\Binn\;C:\Program Files (x86)\Microsoft SQL Server\160\DTS\Binn\;C:\Program Files\dotnet\;C:\Program Files\Docker\Docker\resources\bin;%MAVEN_HOME%\bin;C:\Users\DELL\Downloads\apache-maven-3.9.9-bin\apache-maven-3.9.9\bin;C:\Users\DELL\Downloads\apache-maven-3.9.9-bin\apache-maven-3.9.9\bin;C:\Program Files\Git\cmd;C:\Program Files\Git\mingw64\bin;C:\Program Files\Git\usr\bin;C:\Program Files\dotnet;C:\Program Files (x86)\dotnet;C:\Users\DELL\.dotnet\tools;C:\Users\DELL\AppData\Local\Programs\Python\Python312\Scripts\;C:\Users\DELL\AppData\Local\Programs\Python\Python312\;C:\Users\DELL\AppData\Local\Programs\Python\Python311\Scripts\;C:\Users\DELL\AppData\Local\Programs\Python\Python311\;C:\Users\DELL\AppData\Local\Microsoft\WindowsA
USERNAME=DELL
OS=Windows_NT
PROCESSOR_IDENTIFIER=Intel64 Family 6 Model 140 Stepping 1, GenuineIntel
TMP=C:\Users\DELL\AppData\Local\Temp
TEMP=C:\Users\DELL\AppData\Local\Temp



Periodic native trim disabled


---------------  S Y S T E M  ---------------

OS:
 Windows 11 , 64 bit Build 26100 (10.0.26100.3912)
OS uptime: 0 days 2:11 hours
Hyper-V role detected

CPU: total 8 (initial active 8) (4 cores per cpu, 2 threads per core) family 6 model 140 stepping 1 microcode 0xbc, cx8, cmov, fxsr, ht, mmx, 3dnowpref, sse, sse2, sse3, ssse3, sse4.1, sse4.2, popcnt, lzcnt, tsc, tscinvbit, avx, avx2, aes, erms, clmul, bmi1, bmi2, adx, avx512f, avx512dq, avx512cd, avx512bw, avx512vl, sha, fma, vzeroupper, avx512_vpopcntdq, avx512_vpclmulqdq, avx512_vaes, avx512_vnni, clflush, clflushopt, clwb, avx512_vbmi2, avx512_vbmi, hv
Processor Information for all 8 processors :
  Max Mhz: 2803, Current Mhz: 2803, Mhz Limit: 2803

Memory: 4k page, system-wide physical 7914M (430M free)
TotalPageFile size 18215M (AvailPageFile size 4M)
current process WorkingSet (physical memory assigned to process): 244M, peak: 303M
current process commit charge ("private bytes"): 324M, peak: 350M

vm_info: OpenJDK 64-Bit Server VM (17.0.10+7-LTS) for windows-amd64 JRE (17.0.10+7-LTS), built on Jan 10 2024 19:47:12 by "MicrosoftCorporation" with MS VC++ 16.10 / 16.11 (VS2019)

END.
