#
# There is insufficient memory for the Java Runtime Environment to continue.
# Native memory allocation (malloc) failed to allocate 1048576 bytes for AllocateHeap
# Possible reasons:
#   The system is out of physical RAM or swap space
#   The process is running with CompressedOops enabled, and the Java Heap may be blocking the growth of the native heap
# Possible solutions:
#   Reduce memory load on the system
#   Increase physical memory or swap space
#   Check if swap backing store is full
#   Decrease Java heap size (-Xmx/-Xms)
#   Decrease number of Java threads
#   Decrease Java thread stack sizes (-Xss)
#   Set larger code cache with -XX:ReservedCodeCacheSize=
#   JVM is running with Unscaled Compressed Oops mode in which the Java heap is
#     placed in the first 4GB address space. The Java Heap base address is the
#     maximum limit for the native heap growth. Please use -XX:HeapBaseMinAddress
#     to set the Java Heap base and to place the Java Heap above 4GB virtual address.
# This output file may be truncated or incomplete.
#
#  Out of Memory Error (allocation.cpp:44), pid=12060, tid=15576
#
# JRE version: OpenJDK Runtime Environment Microsoft-8902769 (17.0.10+7) (build 17.0.10+7-LTS)
# Java VM: OpenJDK 64-Bit Server VM Microsoft-8902769 (17.0.10+7-LTS, mixed mode, emulated-client, sharing, tiered, compressed oops, compressed class ptrs, g1 gc, windows-amd64)
# No core dump will be written. Minidumps are not enabled by default on client versions of Windows
#

---------------  S U M M A R Y ------------

Command Line: -XX:TieredStopAtLevel=1 -Dspring.output.ansi.enabled=always -Dcom.sun.management.jmxremote -Dspring.jmx.enabled=true -Dspring.liveBeansView.mbeanDomain -Dspring.application.admin.enabled=true -Dmanagement.endpoints.jmx.exposure.include=* -javaagent:C:\Program Files\JetBrains\IntelliJ IDEA 2024.3\lib\idea_rt.jar=57171 -Dfile.encoding=UTF-8 org.example.laptopshop.LaptopshopApplication

Host: 11th Gen Intel(R) Core(TM) i7-1165G7 @ 2.80GHz, 8 cores, 7G,  Windows 11 , 64 bit Build 26100 (10.0.26100.3912)
Time: Fri May 23 22:30:42 2025 SE Asia Standard Time elapsed time: 41.931019 seconds (0d 0h 0m 41s)

---------------  T H R E A D  ---------------

Current thread (0x00000133c57823a0):  VMThread "VM Thread" [stack: 0x0000002be4c00000,0x0000002be4d00000] [id=15576]

Stack: [0x0000002be4c00000,0x0000002be4d00000]
Native frames: (J=compiled Java code, j=interpreted, Vv=VM code, C=native code)
V  [jvm.dll+0x67f829]
V  [jvm.dll+0x83750a]
V  [jvm.dll+0x838fce]
V  [jvm.dll+0x839633]
V  [jvm.dll+0x247cbf]
V  [jvm.dll+0xa6ca3]
V  [jvm.dll+0x2fabb3]
V  [jvm.dll+0x2f6830]
V  [jvm.dll+0x2dee17]
V  [jvm.dll+0x3220a7]
V  [jvm.dll+0x83db2b]
V  [jvm.dll+0x83e871]
V  [jvm.dll+0x83ed8d]
V  [jvm.dll+0x83f164]
V  [jvm.dll+0x83f230]
V  [jvm.dll+0x7e69da]
V  [jvm.dll+0x67e715]
C  [ucrtbase.dll+0x37b0]
C  [KERNEL32.DLL+0x2e8d7]
C  [ntdll.dll+0x9c5dc]

VM_Operation (0x0000002be67ff4b0): G1CollectFull, mode: safepoint, requested by thread 0x000001340dfa9c30


---------------  P R O C E S S  ---------------

Threads class SMR info:
_java_thread_list=0x000001340daeda50, length=23, elements={
0x00000133c5787d80, 0x00000133c5788740, 0x00000133c57987e0, 0x00000133c57991a0,
0x00000133c579ab70, 0x00000133c579b530, 0x00000133c57a27e0, 0x00000133c57b8910,
0x000001340b0dd190, 0x000001340b3fa1b0, 0x000001340b3faa90, 0x000001340b6bf8a0,
0x000001340b6b12d0, 0x000001340b890120, 0x000001340b8d03f0, 0x000001340bf56cd0,
0x000001340bf576f0, 0x000001340bf58b30, 0x000001340dfa8d00, 0x000001340dfa9720,
0x000001340dfa5550, 0x000001340dfaba90, 0x000001340dfa9c30
}

Java Threads: ( => current thread )
  0x00000133c5787d80 JavaThread "Reference Handler" daemon [_thread_blocked, id=10600, stack(0x0000002be4d00000,0x0000002be4e00000)]
  0x00000133c5788740 JavaThread "Finalizer" daemon [_thread_blocked, id=2044, stack(0x0000002be4e00000,0x0000002be4f00000)]
  0x00000133c57987e0 JavaThread "Signal Dispatcher" daemon [_thread_blocked, id=9840, stack(0x0000002be4f00000,0x0000002be5000000)]
  0x00000133c57991a0 JavaThread "Attach Listener" daemon [_thread_blocked, id=11728, stack(0x0000002be5000000,0x0000002be5100000)]
  0x00000133c579ab70 JavaThread "Service Thread" daemon [_thread_blocked, id=17200, stack(0x0000002be5100000,0x0000002be5200000)]
  0x00000133c579b530 JavaThread "Monitor Deflation Thread" daemon [_thread_blocked, id=10420, stack(0x0000002be5200000,0x0000002be5300000)]
  0x00000133c57a27e0 JavaThread "C1 CompilerThread0" daemon [_thread_blocked, id=7352, stack(0x0000002be5300000,0x0000002be5400000)]
  0x00000133c57b8910 JavaThread "Sweeper thread" daemon [_thread_blocked, id=11512, stack(0x0000002be5400000,0x0000002be5500000)]
  0x000001340b0dd190 JavaThread "Common-Cleaner" daemon [_thread_blocked, id=17932, stack(0x0000002be5500000,0x0000002be5600000)]
  0x000001340b3fa1b0 JavaThread "Monitor Ctrl-Break" daemon [_thread_in_native, id=7348, stack(0x0000002be5800000,0x0000002be5900000)]
  0x000001340b3faa90 JavaThread "Notification Thread" daemon [_thread_blocked, id=10532, stack(0x0000002be5900000,0x0000002be5a00000)]
  0x000001340b6bf8a0 JavaThread "RMI TCP Accept-0" daemon [_thread_in_native, id=17460, stack(0x0000002be5a00000,0x0000002be5b00000)]
  0x000001340b6b12d0 JavaThread "RMI TCP Connection(idle)" daemon [_thread_blocked, id=7604, stack(0x0000002be5c00000,0x0000002be5d00000)]
  0x000001340b890120 JavaThread "RMI Scheduler(0)" daemon [_thread_blocked, id=10268, stack(0x0000002be5d00000,0x0000002be5e00000)]
  0x000001340b8d03f0 JavaThread "JMX server connection timeout 20" daemon [_thread_blocked, id=9464, stack(0x0000002be5e00000,0x0000002be5f00000)]
  0x000001340bf56cd0 JavaThread "RMI TCP Connection(idle)" daemon [_thread_blocked, id=12100, stack(0x0000002be6900000,0x0000002be6a00000)]
  0x000001340bf576f0 JavaThread "mysql-cj-abandoned-connection-cleanup" daemon [_thread_blocked, id=8024, stack(0x0000002be7100000,0x0000002be7200000)]
  0x000001340bf58b30 JavaThread "Live Reload Server" daemon [_thread_in_native, id=9440, stack(0x0000002be7700000,0x0000002be7800000)]
  0x000001340dfa8d00 JavaThread "DestroyJavaVM" [_thread_blocked, id=17680, stack(0x0000002be4600000,0x0000002be4700000)]
  0x000001340dfa9720 JavaThread "RMI TCP Connection(idle)" daemon [_thread_blocked, id=5700, stack(0x0000002be8300000,0x0000002be8400000)]
  0x000001340dfa5550 JavaThread "RMI TCP Connection(idle)" daemon [_thread_blocked, id=16588, stack(0x0000002be8400000,0x0000002be8500000)]
  0x000001340dfaba90 JavaThread "RMI TCP Connection(5)-192.168.1.10" daemon [_thread_blocked, id=15144, stack(0x0000002be8500000,0x0000002be8600000)]
  0x000001340dfa9c30 JavaThread "Thread-5" [_thread_blocked, id=6216, stack(0x0000002be6700000,0x0000002be6800000)]

Other Threads:
=>0x00000133c57823a0 VMThread "VM Thread" [stack: 0x0000002be4c00000,0x0000002be4d00000] [id=15576]
  0x000001340b6c8e50 WatcherThread [stack: 0x0000002be5b00000,0x0000002be5c00000] [id=100]
  0x00000133b34a8580 GCTaskThread "GC Thread#0" [stack: 0x0000002be4700000,0x0000002be4800000] [id=13084]
  0x000001340bac2c60 GCTaskThread "GC Thread#1" [stack: 0x0000002be5f00000,0x0000002be6000000] [id=16060]
  0x000001340bb4ddb0 GCTaskThread "GC Thread#2" [stack: 0x0000002be6000000,0x0000002be6100000] [id=15640]
  0x000001340bb4e070 GCTaskThread "GC Thread#3" [stack: 0x0000002be6100000,0x0000002be6200000] [id=18120]
  0x000001340bb4e330 GCTaskThread "GC Thread#4" [stack: 0x0000002be6200000,0x0000002be6300000] [id=15580]
  0x000001340bb4e5f0 GCTaskThread "GC Thread#5" [stack: 0x0000002be6300000,0x0000002be6400000] [id=14260]
  0x000001340bb4e8b0 GCTaskThread "GC Thread#6" [stack: 0x0000002be6400000,0x0000002be6500000] [id=17500]
  0x000001340bb4eb70 GCTaskThread "GC Thread#7" [stack: 0x0000002be6500000,0x0000002be6600000] [id=17864]
  0x00000133b34d5b40 ConcurrentGCThread "G1 Main Marker" [stack: 0x0000002be4800000,0x0000002be4900000] [id=15240]
  0x00000133b34d7a20 ConcurrentGCThread "G1 Conc#0" [stack: 0x0000002be4900000,0x0000002be4a00000] [id=9756]
  0x000001340c8f8130 ConcurrentGCThread "G1 Conc#1" [stack: 0x0000002be6a00000,0x0000002be6b00000] [id=10204]
  0x00000133c56289f0 ConcurrentGCThread "G1 Refine#0" [stack: 0x0000002be4a00000,0x0000002be4b00000] [id=17808]
  0x000001340bb18970 ConcurrentGCThread "G1 Refine#1" [stack: 0x0000002be6600000,0x0000002be6700000] [id=7712]
  0x000001340c70f230 ConcurrentGCThread "G1 Refine#2" [stack: 0x0000002be6c00000,0x0000002be6d00000] [id=11200]
  0x000001340c70e670 ConcurrentGCThread "G1 Refine#3" [stack: 0x0000002be6d00000,0x0000002be6e00000] [id=17704]
  0x00000133c562b1d0 ConcurrentGCThread "G1 Service" [stack: 0x0000002be4b00000,0x0000002be4c00000] [id=17812]

Threads with active compile tasks:
C1 CompilerThread0    41956 6958  s    1       org.apache.catalina.util.LifecycleBase::setStateInternal (144 bytes)

VM state: at safepoint (normal execution)

VM Mutex/Monitor currently owned by a thread:  ([mutex/lock_event])
[0x00000133b1bdb010] Threads_lock - owner thread: 0x00000133c57823a0
[0x00000133b34495d0] Heap_lock - owner thread: 0x000001340dfa9c30

Heap address: 0x0000000084400000, size: 1980 MB, Compressed Oops mode: 32-bit

CDS archive(s) mapped at: [0x00000133c6000000-0x00000133c6bb0000-0x00000133c6bb0000), size 12255232, SharedBaseAddress: 0x00000133c6000000, ArchiveRelocationMode: 1.
Compressed class space mapped at: 0x00000133c7000000-0x0000013407000000, reserved size: 1073741824
Narrow klass base: 0x00000133c6000000, Narrow klass shift: 0, Narrow klass range: 0x100000000

GC Precious Log:
 CPUs: 8 total, 8 available
 Memory: 7914M
 Large Page Support: Disabled
 NUMA Support: Disabled
 Compressed Oops: Enabled (32-bit)
 Heap Region Size: 1M
 Heap Min Capacity: 8M
 Heap Initial Capacity: 124M
 Heap Max Capacity: 1980M
 Pre-touch: Disabled
 Parallel Workers: 8
 Concurrent Workers: 2
 Concurrent Refinement Workers: 8
 Periodic GC: Disabled

Heap:
 garbage-first heap   total 137216K, used 79571K [0x0000000084400000, 0x0000000100000000)
  region size 1024K, 50 young (51200K), 6 survivors (6144K)
 Metaspace       used 64603K, committed 65280K, reserved 1114112K
  class space    used 9059K, committed 9408K, reserved 1048576K

Heap Regions: E=young(eden), S=young(survivor), O=old, HS=humongous(starts), HC=humongous(continues), CS=collection set, F=free, OA=open archive, CA=closed archive, TAMS=top-at-mark-start (previous, next)
|   0|0x0000000084400000, 0x0000000084500000, 0x0000000084500000|100%|HS|  |TAMS 0x0000000084500000, 0x0000000084400000| Complete 
|   1|0x0000000084500000, 0x0000000084600000, 0x0000000084600000|100%|HS|  |TAMS 0x0000000084600000, 0x0000000084500000| Complete 
|   2|0x0000000084600000, 0x0000000084700000, 0x0000000084700000|100%| O|  |TAMS 0x0000000084700000, 0x0000000084600000| Untracked 
|   3|0x0000000084700000, 0x0000000084800000, 0x0000000084800000|100%| O|  |TAMS 0x0000000084800000, 0x0000000084700000| Untracked 
|   4|0x0000000084800000, 0x0000000084900000, 0x0000000084900000|100%| O|  |TAMS 0x0000000084900000, 0x0000000084800000| Untracked 
|   5|0x0000000084900000, 0x0000000084a00000, 0x0000000084a00000|100%| O|  |TAMS 0x0000000084a00000, 0x0000000084900000| Untracked 
|   6|0x0000000084a00000, 0x0000000084b00000, 0x0000000084b00000|100%| O|  |TAMS 0x0000000084b00000, 0x0000000084a00000| Untracked 
|   7|0x0000000084b00000, 0x0000000084c00000, 0x0000000084c00000|100%| O|  |TAMS 0x0000000084c00000, 0x0000000084b00000| Untracked 
|   8|0x0000000084c00000, 0x0000000084d00000, 0x0000000084d00000|100%| O|  |TAMS 0x0000000084d00000, 0x0000000084c00000| Untracked 
|   9|0x0000000084d00000, 0x0000000084e00000, 0x0000000084e00000|100%| O|  |TAMS 0x0000000084e00000, 0x0000000084d00000| Untracked 
|  10|0x0000000084e00000, 0x0000000084efd000, 0x0000000084f00000| 98%| O|  |TAMS 0x0000000084efd000, 0x0000000084e00000| Untracked 
|  11|0x0000000084f00000, 0x0000000085000000, 0x0000000085000000|100%| O|  |TAMS 0x0000000085000000, 0x0000000084f00000| Untracked 
|  12|0x0000000085000000, 0x0000000085100000, 0x0000000085100000|100%| O|  |TAMS 0x0000000085100000, 0x0000000085000000| Untracked 
|  13|0x0000000085100000, 0x0000000085200000, 0x0000000085200000|100%| O|  |TAMS 0x0000000085200000, 0x0000000085100000| Untracked 
|  14|0x0000000085200000, 0x0000000085300000, 0x0000000085300000|100%| O|  |TAMS 0x0000000085300000, 0x0000000085200000| Untracked 
|  15|0x0000000085300000, 0x0000000085400000, 0x0000000085400000|100%| O|  |TAMS 0x0000000085400000, 0x0000000085300000| Untracked 
|  16|0x0000000085400000, 0x0000000085500000, 0x0000000085500000|100%| O|  |TAMS 0x0000000085500000, 0x0000000085400000| Untracked 
|  17|0x0000000085500000, 0x0000000085600000, 0x0000000085600000|100%| O|  |TAMS 0x0000000085600000, 0x0000000085500000| Untracked 
|  18|0x0000000085600000, 0x0000000085700000, 0x0000000085700000|100%| O|  |TAMS 0x0000000085700000, 0x0000000085600000| Untracked 
|  19|0x0000000085700000, 0x0000000085800000, 0x0000000085800000|100%| O|  |TAMS 0x0000000085800000, 0x0000000085700000| Untracked 
|  20|0x0000000085800000, 0x0000000085900000, 0x0000000085900000|100%| O|  |TAMS 0x0000000085900000, 0x0000000085800000| Untracked 
|  21|0x0000000085900000, 0x0000000085a00000, 0x0000000085a00000|100%| O|  |TAMS 0x0000000085a00000, 0x0000000085900000| Untracked 
|  22|0x0000000085a00000, 0x0000000085b00000, 0x0000000085b00000|100%| O|  |TAMS 0x0000000085b00000, 0x0000000085a00000| Untracked 
|  23|0x0000000085b00000, 0x0000000085c00000, 0x0000000085c00000|100%| O|  |TAMS 0x0000000085c00000, 0x0000000085b00000| Untracked 
|  24|0x0000000085c00000, 0x0000000085d00000, 0x0000000085d00000|100%| O|  |TAMS 0x0000000085d00000, 0x0000000085c00000| Untracked 
|  25|0x0000000085d00000, 0x0000000085e00000, 0x0000000085e00000|100%| O|  |TAMS 0x0000000085e00000, 0x0000000085d00000| Untracked 
|  26|0x0000000085e00000, 0x0000000085f00000, 0x0000000085f00000|100%| O|  |TAMS 0x0000000085f00000, 0x0000000085e00000| Untracked 
|  27|0x0000000085f00000, 0x0000000086000000, 0x0000000086000000|100%| O|  |TAMS 0x0000000086000000, 0x0000000085f00000| Untracked 
|  28|0x0000000086000000, 0x0000000086100000, 0x0000000086100000|100%| O|  |TAMS 0x0000000086100000, 0x0000000086000000| Untracked 
|  29|0x0000000086100000, 0x0000000086179a00, 0x0000000086200000| 47%| O|  |TAMS 0x0000000086179a00, 0x0000000086100000| Untracked 
|  30|0x0000000086200000, 0x0000000086200000, 0x0000000086300000|  0%| F|  |TAMS 0x0000000086200000, 0x0000000086200000| Untracked 
|  31|0x0000000086300000, 0x0000000086300000, 0x0000000086400000|  0%| F|  |TAMS 0x0000000086300000, 0x0000000086300000| Untracked 
|  32|0x0000000086400000, 0x0000000086400000, 0x0000000086500000|  0%| F|  |TAMS 0x0000000086400000, 0x0000000086400000| Untracked 
|  33|0x0000000086500000, 0x0000000086500000, 0x0000000086600000|  0%| F|  |TAMS 0x0000000086500000, 0x0000000086500000| Untracked 
|  34|0x0000000086600000, 0x0000000086600000, 0x0000000086700000|  0%| F|  |TAMS 0x0000000086600000, 0x0000000086600000| Untracked 
|  35|0x0000000086700000, 0x0000000086700000, 0x0000000086800000|  0%| F|  |TAMS 0x0000000086700000, 0x0000000086700000| Untracked 
|  36|0x0000000086800000, 0x0000000086800000, 0x0000000086900000|  0%| F|  |TAMS 0x0000000086800000, 0x0000000086800000| Untracked 
|  37|0x0000000086900000, 0x0000000086900000, 0x0000000086a00000|  0%| F|  |TAMS 0x0000000086900000, 0x0000000086900000| Untracked 
|  38|0x0000000086a00000, 0x0000000086a00000, 0x0000000086b00000|  0%| F|  |TAMS 0x0000000086a00000, 0x0000000086a00000| Untracked 
|  39|0x0000000086b00000, 0x0000000086b00000, 0x0000000086c00000|  0%| F|  |TAMS 0x0000000086b00000, 0x0000000086b00000| Untracked 
|  40|0x0000000086c00000, 0x0000000086c00000, 0x0000000086d00000|  0%| F|  |TAMS 0x0000000086c00000, 0x0000000086c00000| Untracked 
|  41|0x0000000086d00000, 0x0000000086d00000, 0x0000000086e00000|  0%| F|  |TAMS 0x0000000086d00000, 0x0000000086d00000| Untracked 
|  42|0x0000000086e00000, 0x0000000086e00000, 0x0000000086f00000|  0%| F|  |TAMS 0x0000000086e00000, 0x0000000086e00000| Untracked 
|  43|0x0000000086f00000, 0x0000000086f00000, 0x0000000087000000|  0%| F|  |TAMS 0x0000000086f00000, 0x0000000086f00000| Untracked 
|  44|0x0000000087000000, 0x0000000087000000, 0x0000000087100000|  0%| F|  |TAMS 0x0000000087000000, 0x0000000087000000| Untracked 
|  45|0x0000000087100000, 0x0000000087100000, 0x0000000087200000|  0%| F|  |TAMS 0x0000000087100000, 0x0000000087100000| Untracked 
|  46|0x0000000087200000, 0x0000000087200000, 0x0000000087300000|  0%| F|  |TAMS 0x0000000087200000, 0x0000000087200000| Untracked 
|  47|0x0000000087300000, 0x0000000087300000, 0x0000000087400000|  0%| F|  |TAMS 0x0000000087300000, 0x0000000087300000| Untracked 
|  48|0x0000000087400000, 0x0000000087400000, 0x0000000087500000|  0%| F|  |TAMS 0x0000000087400000, 0x0000000087400000| Untracked 
|  49|0x0000000087500000, 0x0000000087500000, 0x0000000087600000|  0%| F|  |TAMS 0x0000000087500000, 0x0000000087500000| Untracked 
|  50|0x0000000087600000, 0x0000000087600000, 0x0000000087700000|  0%| F|  |TAMS 0x0000000087600000, 0x0000000087600000| Untracked 
|  51|0x0000000087700000, 0x0000000087700000, 0x0000000087800000|  0%| F|  |TAMS 0x0000000087700000, 0x0000000087700000| Untracked 
|  52|0x0000000087800000, 0x0000000087800000, 0x0000000087900000|  0%| F|  |TAMS 0x0000000087800000, 0x0000000087800000| Untracked 
|  53|0x0000000087900000, 0x0000000087900000, 0x0000000087a00000|  0%| F|  |TAMS 0x0000000087900000, 0x0000000087900000| Untracked 
|  54|0x0000000087a00000, 0x0000000087a00000, 0x0000000087b00000|  0%| F|  |TAMS 0x0000000087a00000, 0x0000000087a00000| Untracked 
|  55|0x0000000087b00000, 0x0000000087b00000, 0x0000000087c00000|  0%| F|  |TAMS 0x0000000087b00000, 0x0000000087b00000| Untracked 
|  56|0x0000000087c00000, 0x0000000087c00000, 0x0000000087d00000|  0%| F|  |TAMS 0x0000000087c00000, 0x0000000087c00000| Untracked 
|  57|0x0000000087d00000, 0x0000000087d00000, 0x0000000087e00000|  0%| F|  |TAMS 0x0000000087d00000, 0x0000000087d00000| Untracked 
|  58|0x0000000087e00000, 0x0000000087e00000, 0x0000000087f00000|  0%| F|  |TAMS 0x0000000087e00000, 0x0000000087e00000| Untracked 
|  59|0x0000000087f00000, 0x0000000087f00000, 0x0000000088000000|  0%| F|  |TAMS 0x0000000087f00000, 0x0000000087f00000| Untracked 
|  60|0x0000000088000000, 0x0000000088000000, 0x0000000088100000|  0%| F|  |TAMS 0x0000000088000000, 0x0000000088000000| Untracked 
|  61|0x0000000088100000, 0x0000000088100000, 0x0000000088200000|  0%| F|  |TAMS 0x0000000088100000, 0x0000000088100000| Untracked 
|  62|0x0000000088200000, 0x0000000088200000, 0x0000000088300000|  0%| F|  |TAMS 0x0000000088200000, 0x0000000088200000| Untracked 
|  63|0x0000000088300000, 0x0000000088300000, 0x0000000088400000|  0%| F|  |TAMS 0x0000000088300000, 0x0000000088300000| Untracked 
|  64|0x0000000088400000, 0x0000000088400000, 0x0000000088500000|  0%| F|  |TAMS 0x0000000088400000, 0x0000000088400000| Untracked 
|  65|0x0000000088500000, 0x0000000088500000, 0x0000000088600000|  0%| F|  |TAMS 0x0000000088500000, 0x0000000088500000| Untracked 
|  66|0x0000000088600000, 0x0000000088600000, 0x0000000088700000|  0%| F|  |TAMS 0x0000000088600000, 0x0000000088600000| Untracked 
|  67|0x0000000088700000, 0x0000000088700000, 0x0000000088800000|  0%| F|  |TAMS 0x0000000088700000, 0x0000000088700000| Untracked 
|  68|0x0000000088800000, 0x0000000088800000, 0x0000000088900000|  0%| F|  |TAMS 0x0000000088800000, 0x0000000088800000| Untracked 
|  69|0x0000000088900000, 0x0000000088900000, 0x0000000088a00000|  0%| F|  |TAMS 0x0000000088900000, 0x0000000088900000| Untracked 
|  70|0x0000000088a00000, 0x0000000088a00000, 0x0000000088b00000|  0%| F|  |TAMS 0x0000000088a00000, 0x0000000088a00000| Untracked 
|  71|0x0000000088b00000, 0x0000000088b00000, 0x0000000088c00000|  0%| F|  |TAMS 0x0000000088b00000, 0x0000000088b00000| Untracked 
|  72|0x0000000088c00000, 0x0000000088c00000, 0x0000000088d00000|  0%| F|  |TAMS 0x0000000088c00000, 0x0000000088c00000| Untracked 
|  73|0x0000000088d00000, 0x0000000088d00000, 0x0000000088e00000|  0%| F|  |TAMS 0x0000000088d00000, 0x0000000088d00000| Untracked 
|  74|0x0000000088e00000, 0x0000000088e00000, 0x0000000088f00000|  0%| F|  |TAMS 0x0000000088e00000, 0x0000000088e00000| Untracked 
|  75|0x0000000088f00000, 0x0000000088f00000, 0x0000000089000000|  0%| F|  |TAMS 0x0000000088f00000, 0x0000000088f00000| Untracked 
|  76|0x0000000089000000, 0x0000000089000000, 0x0000000089100000|  0%| F|  |TAMS 0x0000000089000000, 0x0000000089000000| Untracked 
|  77|0x0000000089100000, 0x0000000089100000, 0x0000000089200000|  0%| F|  |TAMS 0x0000000089100000, 0x0000000089100000| Untracked 
|  78|0x0000000089200000, 0x0000000089200000, 0x0000000089300000|  0%| F|  |TAMS 0x0000000089200000, 0x0000000089200000| Untracked 
|  79|0x0000000089300000, 0x0000000089300000, 0x0000000089400000|  0%| F|  |TAMS 0x0000000089300000, 0x0000000089300000| Untracked 
|  80|0x0000000089400000, 0x0000000089400000, 0x0000000089500000|  0%| F|  |TAMS 0x0000000089400000, 0x0000000089400000| Untracked 
|  81|0x0000000089500000, 0x0000000089500000, 0x0000000089600000|  0%| F|  |TAMS 0x0000000089500000, 0x0000000089500000| Untracked 
|  82|0x0000000089600000, 0x0000000089600000, 0x0000000089700000|  0%| F|  |TAMS 0x0000000089600000, 0x0000000089600000| Untracked 
|  83|0x0000000089700000, 0x0000000089700000, 0x0000000089800000|  0%| F|  |TAMS 0x0000000089700000, 0x0000000089700000| Untracked 
|  84|0x0000000089800000, 0x00000000898ffea8, 0x0000000089900000| 99%| E|  |TAMS 0x0000000089800000, 0x0000000089800000| Complete 
|  85|0x0000000089900000, 0x0000000089a00000, 0x0000000089a00000|100%| E|CS|TAMS 0x0000000089900000, 0x0000000089900000| Complete 
|  86|0x0000000089a00000, 0x0000000089b00000, 0x0000000089b00000|100%| E|CS|TAMS 0x0000000089a00000, 0x0000000089a00000| Complete 
|  87|0x0000000089b00000, 0x0000000089c00000, 0x0000000089c00000|100%| E|CS|TAMS 0x0000000089b00000, 0x0000000089b00000| Complete 
|  88|0x0000000089c00000, 0x0000000089d00000, 0x0000000089d00000|100%| E|CS|TAMS 0x0000000089c00000, 0x0000000089c00000| Complete 
|  89|0x0000000089d00000, 0x0000000089e00000, 0x0000000089e00000|100%| E|CS|TAMS 0x0000000089d00000, 0x0000000089d00000| Complete 
|  90|0x0000000089e00000, 0x0000000089f00000, 0x0000000089f00000|100%| E|CS|TAMS 0x0000000089e00000, 0x0000000089e00000| Complete 
|  91|0x0000000089f00000, 0x000000008a000000, 0x000000008a000000|100%| E|CS|TAMS 0x0000000089f00000, 0x0000000089f00000| Complete 
|  92|0x000000008a000000, 0x000000008a100000, 0x000000008a100000|100%| E|CS|TAMS 0x000000008a000000, 0x000000008a000000| Complete 
|  93|0x000000008a100000, 0x000000008a200000, 0x000000008a200000|100%| E|CS|TAMS 0x000000008a100000, 0x000000008a100000| Complete 
|  94|0x000000008a200000, 0x000000008a300000, 0x000000008a300000|100%| E|CS|TAMS 0x000000008a200000, 0x000000008a200000| Complete 
|  95|0x000000008a300000, 0x000000008a400000, 0x000000008a400000|100%| E|CS|TAMS 0x000000008a300000, 0x000000008a300000| Complete 
|  96|0x000000008a400000, 0x000000008a500000, 0x000000008a500000|100%| E|CS|TAMS 0x000000008a400000, 0x000000008a400000| Complete 
|  97|0x000000008a500000, 0x000000008a600000, 0x000000008a600000|100%| E|CS|TAMS 0x000000008a500000, 0x000000008a500000| Complete 
|  98|0x000000008a600000, 0x000000008a700000, 0x000000008a700000|100%| E|CS|TAMS 0x000000008a600000, 0x000000008a600000| Complete 
|  99|0x000000008a700000, 0x000000008a800000, 0x000000008a800000|100%| E|CS|TAMS 0x000000008a700000, 0x000000008a700000| Complete 
| 100|0x000000008a800000, 0x000000008a900000, 0x000000008a900000|100%| E|CS|TAMS 0x000000008a800000, 0x000000008a800000| Complete 
| 101|0x000000008a900000, 0x000000008aa00000, 0x000000008aa00000|100%| E|CS|TAMS 0x000000008a900000, 0x000000008a900000| Complete 
| 102|0x000000008aa00000, 0x000000008ab00000, 0x000000008ab00000|100%| E|CS|TAMS 0x000000008aa00000, 0x000000008aa00000| Complete 
| 103|0x000000008ab00000, 0x000000008ac00000, 0x000000008ac00000|100%| E|CS|TAMS 0x000000008ab00000, 0x000000008ab00000| Complete 
| 104|0x000000008ac00000, 0x000000008ad00000, 0x000000008ad00000|100%| E|CS|TAMS 0x000000008ac00000, 0x000000008ac00000| Complete 
| 105|0x000000008ad00000, 0x000000008ae00000, 0x000000008ae00000|100%| E|CS|TAMS 0x000000008ad00000, 0x000000008ad00000| Complete 
| 106|0x000000008ae00000, 0x000000008af00000, 0x000000008af00000|100%| E|CS|TAMS 0x000000008ae00000, 0x000000008ae00000| Complete 
| 107|0x000000008af00000, 0x000000008b000000, 0x000000008b000000|100%| E|CS|TAMS 0x000000008af00000, 0x000000008af00000| Complete 
| 108|0x000000008b000000, 0x000000008b100000, 0x000000008b100000|100%| E|CS|TAMS 0x000000008b000000, 0x000000008b000000| Complete 
| 109|0x000000008b100000, 0x000000008b200000, 0x000000008b200000|100%| E|CS|TAMS 0x000000008b100000, 0x000000008b100000| Complete 
| 110|0x000000008b200000, 0x000000008b300000, 0x000000008b300000|100%| E|CS|TAMS 0x000000008b200000, 0x000000008b200000| Complete 
| 111|0x000000008b300000, 0x000000008b33e328, 0x000000008b400000| 24%| S|CS|TAMS 0x000000008b300000, 0x000000008b300000| Complete 
| 112|0x000000008b400000, 0x000000008b500000, 0x000000008b500000|100%| S|CS|TAMS 0x000000008b400000, 0x000000008b400000| Complete 
| 113|0x000000008b500000, 0x000000008b600000, 0x000000008b600000|100%| S|CS|TAMS 0x000000008b500000, 0x000000008b500000| Complete 
| 114|0x000000008b600000, 0x000000008b700000, 0x000000008b700000|100%| S|CS|TAMS 0x000000008b600000, 0x000000008b600000| Complete 
| 115|0x000000008b700000, 0x000000008b800000, 0x000000008b800000|100%| S|CS|TAMS 0x000000008b700000, 0x000000008b700000| Complete 
| 116|0x000000008b800000, 0x000000008b900000, 0x000000008b900000|100%| S|CS|TAMS 0x000000008b800000, 0x000000008b800000| Complete 
| 117|0x000000008b900000, 0x000000008ba00000, 0x000000008ba00000|100%| E|CS|TAMS 0x000000008b900000, 0x000000008b900000| Complete 
| 118|0x000000008ba00000, 0x000000008bb00000, 0x000000008bb00000|100%| E|CS|TAMS 0x000000008ba00000, 0x000000008ba00000| Complete 
| 119|0x000000008bb00000, 0x000000008bc00000, 0x000000008bc00000|100%| E|CS|TAMS 0x000000008bb00000, 0x000000008bb00000| Complete 
| 120|0x000000008bc00000, 0x000000008bd00000, 0x000000008bd00000|100%| E|CS|TAMS 0x000000008bc00000, 0x000000008bc00000| Complete 
| 121|0x000000008bd00000, 0x000000008be00000, 0x000000008be00000|100%| E|CS|TAMS 0x000000008bd00000, 0x000000008bd00000| Complete 
| 122|0x000000008be00000, 0x000000008bf00000, 0x000000008bf00000|100%| E|CS|TAMS 0x000000008be00000, 0x000000008be00000| Complete 
| 123|0x000000008bf00000, 0x000000008c000000, 0x000000008c000000|100%| E|CS|TAMS 0x000000008bf00000, 0x000000008bf00000| Complete 
| 124|0x000000008c000000, 0x000000008c100000, 0x000000008c100000|100%| E|CS|TAMS 0x000000008c000000, 0x000000008c000000| Complete 
| 125|0x000000008c100000, 0x000000008c200000, 0x000000008c200000|100%| E|CS|TAMS 0x000000008c100000, 0x000000008c100000| Complete 
| 126|0x000000008c200000, 0x000000008c300000, 0x000000008c300000|100%| E|CS|TAMS 0x000000008c200000, 0x000000008c200000| Complete 
| 127|0x000000008c300000, 0x000000008c400000, 0x000000008c400000|100%| E|CS|TAMS 0x000000008c300000, 0x000000008c300000| Complete 
| 128|0x000000008c400000, 0x000000008c500000, 0x000000008c500000|100%| E|CS|TAMS 0x000000008c400000, 0x000000008c400000| Complete 
| 129|0x000000008c500000, 0x000000008c600000, 0x000000008c600000|100%| E|CS|TAMS 0x000000008c500000, 0x000000008c500000| Complete 
| 137|0x000000008cd00000, 0x000000008ce00000, 0x000000008ce00000|100%| E|CS|TAMS 0x000000008cd00000, 0x000000008cd00000| Complete 
| 138|0x000000008ce00000, 0x000000008cf00000, 0x000000008cf00000|100%| E|CS|TAMS 0x000000008ce00000, 0x000000008ce00000| Complete 
| 139|0x000000008cf00000, 0x000000008d000000, 0x000000008d000000|100%| E|CS|TAMS 0x000000008cf00000, 0x000000008cf00000| Complete 
| 140|0x000000008d000000, 0x000000008d100000, 0x000000008d100000|100%| E|CS|TAMS 0x000000008d000000, 0x000000008d000000| Complete 

Card table byte_map: [0x00000133bec60000,0x00000133bf040000] _byte_map_base: 0x00000133be83e000

Marking Bits (Prev, Next): (CMBitMap*) 0x00000133b34a8be0, (CMBitMap*) 0x00000133b34a8ba0
 Prev Bits: [0x00000133c1310000, 0x00000133c3200000)
 Next Bits: [0x00000133bf420000, 0x00000133c1310000)

Polling page: 0x00000133b1bf0000

Metaspace:

Usage:
  Non-class:     54.24 MB used.
      Class:      8.85 MB used.
       Both:     63.09 MB used.

Virtual space:
  Non-class space:       64.00 MB reserved,      54.56 MB ( 85%) committed,  1 nodes.
      Class space:        1.00 GB reserved,       9.19 MB ( <1%) committed,  1 nodes.
             Both:        1.06 GB reserved,      63.75 MB (  6%) committed. 

Chunk freelists:
   Non-Class:  8.84 MB
       Class:  6.69 MB
        Both:  15.53 MB

MaxMetaspaceSize: unlimited
CompressedClassSpaceSize: 1.00 GB
Initial GC threshold: 21.00 MB
Current GC threshold: 98.25 MB
CDS: on
MetaspaceReclaimPolicy: balanced
 - commit_granule_bytes: 65536.
 - commit_granule_words: 8192.
 - virtual_space_node_default_size: 8388608.
 - enlarge_chunks_in_place: 1.
 - new_chunks_are_fully_committed: 0.
 - uncommit_free_chunks: 1.
 - use_allocation_guard: 0.
 - handle_deallocations: 1.


Internal statistics:

num_allocs_failed_limit: 9.
num_arena_births: 994.
num_arena_deaths: 0.
num_vsnodes_births: 2.
num_vsnodes_deaths: 0.
num_space_committed: 1020.
num_space_uncommitted: 0.
num_chunks_returned_to_freelist: 9.
num_chunks_taken_from_freelist: 3327.
num_chunk_merges: 9.
num_chunk_splits: 2302.
num_chunks_enlarged: 1680.
num_inconsistent_stats: 0.

CodeCache: size=49152Kb used=12686Kb max_used=14135Kb free=36465Kb
 bounds [0x00000133bb000000, 0x00000133bbdd0000, 0x00000133be000000]
 total_blobs=7601 nmethods=6957 adapters=570
 compilation: enabled
              stopped_count=0, restarted_count=0
 full_count=0

Compilation events (20 events):
Event: 40.901 Thread 0x00000133c57a27e0 nmethod 6947 0x00000133bb7b5410 code [0x00000133bb7b55a0, 0x00000133bb7b5678]
Event: 40.911 Thread 0x00000133c57a27e0 6949       1       com.sun.crypto.provider.AESCrypt::isKeySizeValid (29 bytes)
Event: 40.911 Thread 0x00000133c57a27e0 nmethod 6949 0x00000133bb7b4d90 code [0x00000133bb7b4f20, 0x00000133bb7b5038]
Event: 40.913 Thread 0x00000133c57a27e0 6950       1       sun.security.ssl.Authenticator::increaseSequenceNumber (29 bytes)
Event: 40.913 Thread 0x00000133c57a27e0 nmethod 6950 0x00000133bb7b4a10 code [0x00000133bb7b4ba0, 0x00000133bb7b4cd8]
Event: 40.913 Thread 0x00000133c57a27e0 6951       1       com.sun.crypto.provider.GaloisCounterMode$GCMEngine::<init> (132 bytes)
Event: 40.913 Thread 0x00000133c57a27e0 nmethod 6951 0x00000133bb7b3f10 code [0x00000133bb7b4120, 0x00000133bb7b4778]
Event: 40.913 Thread 0x00000133c57a27e0 6952       1       com.sun.crypto.provider.GaloisCounterMode::getJ0 (110 bytes)
Event: 40.914 Thread 0x00000133c57a27e0 nmethod 6952 0x00000133bb7b3590 code [0x00000133bb7b37a0, 0x00000133bb7b3be8]
Event: 40.914 Thread 0x00000133c57a27e0 6954       1       com.sun.crypto.provider.GHASH::<init> (70 bytes)
Event: 40.914 Thread 0x00000133c57a27e0 nmethod 6954 0x00000133bb7b2c10 code [0x00000133bb7b2e00, 0x00000133bb7b32e8]
Event: 40.915 Thread 0x00000133c57a27e0 6953       1       com.sun.crypto.provider.GaloisCounterMode::increment32 (32 bytes)
Event: 40.915 Thread 0x00000133c57a27e0 nmethod 6953 0x00000133bb7b2890 code [0x00000133bb7b2a20, 0x00000133bb7b2b18]
Event: 40.924 Thread 0x00000133c57a27e0 6955       1       org.apache.catalina.util.LifecycleBase::fireLifecycleEvent (56 bytes)
Event: 40.925 Thread 0x00000133c57a27e0 nmethod 6955 0x00000133bb7b2210 code [0x00000133bb7b23e0, 0x00000133bb7b2738]
Event: 40.925 Thread 0x00000133c57a27e0 6956       1       org.apache.catalina.LifecycleEvent::<init> (16 bytes)
Event: 40.925 Thread 0x00000133c57a27e0 nmethod 6956 0x00000133bb7b1d10 code [0x00000133bb7b1ec0, 0x00000133bb7b2148]
Event: 40.925 Thread 0x00000133c57a27e0 6957       1       org.apache.catalina.LifecycleEvent::getType (5 bytes)
Event: 40.925 Thread 0x00000133c57a27e0 nmethod 6957 0x00000133bb7b1a10 code [0x00000133bb7b1ba0, 0x00000133bb7b1c78]
Event: 40.925 Thread 0x00000133c57a27e0 6958  s    1       org.apache.catalina.util.LifecycleBase::setStateInternal (144 bytes)

GC Heap History (20 events):
Event: 2.789 GC heap before
{Heap before GC invocations=6 (full 0):
 garbage-first heap   total 61440K, used 19669K [0x0000000084400000, 0x0000000100000000)
  region size 1024K, 5 young (5120K), 4 survivors (4096K)
 Metaspace       used 24583K, committed 25024K, reserved 1114112K
  class space    used 3439K, committed 3648K, reserved 1048576K
}
Event: 2.795 GC heap after
{Heap after GC invocations=7 (full 0):
 garbage-first heap   total 73728K, used 19093K [0x0000000084400000, 0x0000000100000000)
  region size 1024K, 1 young (1024K), 1 survivors (1024K)
 Metaspace       used 24583K, committed 25024K, reserved 1114112K
  class space    used 3439K, committed 3648K, reserved 1048576K
}
Event: 3.263 GC heap before
{Heap before GC invocations=7 (full 0):
 garbage-first heap   total 73728K, used 50837K [0x0000000084400000, 0x0000000100000000)
  region size 1024K, 33 young (33792K), 1 survivors (1024K)
 Metaspace       used 29364K, committed 29824K, reserved 1114112K
  class space    used 4120K, committed 4352K, reserved 1048576K
}
Event: 3.266 GC heap after
{Heap after GC invocations=8 (full 0):
 garbage-first heap   total 73728K, used 21012K [0x0000000084400000, 0x0000000100000000)
  region size 1024K, 3 young (3072K), 3 survivors (3072K)
 Metaspace       used 29364K, committed 29824K, reserved 1114112K
  class space    used 4120K, committed 4352K, reserved 1048576K
}
Event: 3.634 GC heap before
{Heap before GC invocations=8 (full 0):
 garbage-first heap   total 73728K, used 53780K [0x0000000084400000, 0x0000000100000000)
  region size 1024K, 35 young (35840K), 3 survivors (3072K)
 Metaspace       used 33968K, committed 34496K, reserved 1114112K
  class space    used 4614K, committed 4864K, reserved 1048576K
}
Event: 3.638 GC heap after
{Heap after GC invocations=9 (full 0):
 garbage-first heap   total 73728K, used 23348K [0x0000000084400000, 0x0000000100000000)
  region size 1024K, 5 young (5120K), 5 survivors (5120K)
 Metaspace       used 33968K, committed 34496K, reserved 1114112K
  class space    used 4614K, committed 4864K, reserved 1048576K
}
Event: 3.909 GC heap before
{Heap before GC invocations=9 (full 0):
 garbage-first heap   total 73728K, used 49972K [0x0000000084400000, 0x0000000100000000)
  region size 1024K, 32 young (32768K), 5 survivors (5120K)
 Metaspace       used 35432K, committed 35968K, reserved 1114112K
  class space    used 4853K, committed 5120K, reserved 1048576K
}
Event: 3.914 GC heap after
{Heap after GC invocations=10 (full 0):
 garbage-first heap   total 73728K, used 24836K [0x0000000084400000, 0x0000000100000000)
  region size 1024K, 4 young (4096K), 4 survivors (4096K)
 Metaspace       used 35432K, committed 35968K, reserved 1114112K
  class space    used 4853K, committed 5120K, reserved 1048576K
}
Event: 4.308 GC heap before
{Heap before GC invocations=11 (full 0):
 garbage-first heap   total 73728K, used 55556K [0x0000000084400000, 0x0000000100000000)
  region size 1024K, 34 young (34816K), 4 survivors (4096K)
 Metaspace       used 41136K, committed 41664K, reserved 1114112K
  class space    used 5768K, committed 6016K, reserved 1048576K
}
Event: 4.312 GC heap after
{Heap after GC invocations=12 (full 0):
 garbage-first heap   total 73728K, used 26020K [0x0000000084400000, 0x0000000100000000)
  region size 1024K, 3 young (3072K), 3 survivors (3072K)
 Metaspace       used 41136K, committed 41664K, reserved 1114112K
  class space    used 5768K, committed 6016K, reserved 1048576K
}
Event: 4.892 GC heap before
{Heap before GC invocations=12 (full 0):
 garbage-first heap   total 73728K, used 57764K [0x0000000084400000, 0x0000000100000000)
  region size 1024K, 34 young (34816K), 3 survivors (3072K)
 Metaspace       used 51047K, committed 51648K, reserved 1114112K
  class space    used 7067K, committed 7360K, reserved 1048576K
}
Event: 4.896 GC heap after
{Heap after GC invocations=13 (full 0):
 garbage-first heap   total 73728K, used 28911K [0x0000000084400000, 0x0000000100000000)
  region size 1024K, 5 young (5120K), 5 survivors (5120K)
 Metaspace       used 51047K, committed 51648K, reserved 1114112K
  class space    used 7067K, committed 7360K, reserved 1048576K
}
Event: 5.189 GC heap before
{Heap before GC invocations=13 (full 0):
 garbage-first heap   total 73728K, used 56559K [0x0000000084400000, 0x0000000100000000)
  region size 1024K, 32 young (32768K), 5 survivors (5120K)
 Metaspace       used 55759K, committed 56320K, reserved 1114112K
  class space    used 7784K, committed 8064K, reserved 1048576K
}
Event: 5.194 GC heap after
{Heap after GC invocations=14 (full 0):
 garbage-first heap   total 73728K, used 30517K [0x0000000084400000, 0x0000000100000000)
  region size 1024K, 2 young (2048K), 2 survivors (2048K)
 Metaspace       used 55759K, committed 56320K, reserved 1114112K
  class space    used 7784K, committed 8064K, reserved 1048576K
}
Event: 5.448 GC heap before
{Heap before GC invocations=14 (full 0):
 garbage-first heap   total 73728K, used 58165K [0x0000000084400000, 0x0000000100000000)
  region size 1024K, 29 young (29696K), 2 survivors (2048K)
 Metaspace       used 57503K, committed 57984K, reserved 1114112K
  class space    used 8019K, committed 8256K, reserved 1048576K
}
Event: 5.451 GC heap after
{Heap after GC invocations=15 (full 0):
 garbage-first heap   total 73728K, used 32134K [0x0000000084400000, 0x0000000100000000)
  region size 1024K, 4 young (4096K), 4 survivors (4096K)
 Metaspace       used 57503K, committed 57984K, reserved 1114112K
  class space    used 8019K, committed 8256K, reserved 1048576K
}
Event: 5.660 GC heap before
{Heap before GC invocations=15 (full 0):
 garbage-first heap   total 73728K, used 58758K [0x0000000084400000, 0x0000000100000000)
  region size 1024K, 30 young (30720K), 4 survivors (4096K)
 Metaspace       used 58541K, committed 59072K, reserved 1114112K
  class space    used 8199K, committed 8448K, reserved 1048576K
}
Event: 5.665 GC heap after
{Heap after GC invocations=16 (full 0):
 garbage-first heap   total 144384K, used 33925K [0x0000000084400000, 0x0000000100000000)
  region size 1024K, 4 young (4096K), 4 survivors (4096K)
 Metaspace       used 58541K, committed 59072K, reserved 1114112K
  class space    used 8199K, committed 8448K, reserved 1048576K
}
Event: 5.842 GC heap before
{Heap before GC invocations=16 (full 0):
 garbage-first heap   total 144384K, used 57477K [0x0000000084400000, 0x0000000100000000)
  region size 1024K, 28 young (28672K), 4 survivors (4096K)
 Metaspace       used 59585K, committed 60096K, reserved 1114112K
  class space    used 8331K, committed 8576K, reserved 1048576K
}
Event: 5.847 GC heap after
{Heap after GC invocations=17 (full 0):
 garbage-first heap   total 144384K, used 35539K [0x0000000084400000, 0x0000000100000000)
  region size 1024K, 6 young (6144K), 6 survivors (6144K)
 Metaspace       used 59585K, committed 60096K, reserved 1114112K
  class space    used 8331K, committed 8576K, reserved 1048576K
}

Dll operation events (13 events):
Event: 0.012 Loaded shared library C:\Program Files\Microsoft\jdk-17.0.10.7-hotspot\bin\java.dll
Event: 0.032 Loaded shared library C:\Program Files\Microsoft\jdk-17.0.10.7-hotspot\bin\jsvml.dll
Event: 0.119 Loaded shared library C:\Program Files\Microsoft\jdk-17.0.10.7-hotspot\bin\zip.dll
Event: 0.124 Loaded shared library C:\Program Files\Microsoft\jdk-17.0.10.7-hotspot\bin\instrument.dll
Event: 0.129 Loaded shared library C:\Program Files\Microsoft\jdk-17.0.10.7-hotspot\bin\net.dll
Event: 0.131 Loaded shared library C:\Program Files\Microsoft\jdk-17.0.10.7-hotspot\bin\nio.dll
Event: 0.133 Loaded shared library C:\Program Files\Microsoft\jdk-17.0.10.7-hotspot\bin\zip.dll
Event: 0.212 Loaded shared library C:\Program Files\Microsoft\jdk-17.0.10.7-hotspot\bin\jimage.dll
Event: 0.220 Loaded shared library C:\Program Files\Microsoft\jdk-17.0.10.7-hotspot\bin\extnet.dll
Event: 0.230 Loaded shared library C:\Program Files\Microsoft\jdk-17.0.10.7-hotspot\bin\management.dll
Event: 0.242 Loaded shared library C:\Program Files\Microsoft\jdk-17.0.10.7-hotspot\bin\management_ext.dll
Event: 1.631 Loaded shared library C:\Program Files\Microsoft\jdk-17.0.10.7-hotspot\bin\sunmscapi.dll
Event: 4.242 Loaded shared library C:\Program Files\Microsoft\jdk-17.0.10.7-hotspot\bin\verify.dll

Deoptimization events (8 events):
Event: 3.089 Thread 0x000001340c016370 DEOPT PACKING pc=0x00000133bb8c43b5 sp=0x0000002be68fd380
Event: 3.089 Thread 0x000001340c016370 DEOPT UNPACKING pc=0x00000133bb05ace3 sp=0x0000002be68fc928 mode 0
Event: 5.642 Thread 0x000001340c016370 DEOPT PACKING pc=0x00000133bb58ab22 sp=0x0000002be68fbe70
Event: 5.642 Thread 0x000001340c016370 DEOPT UNPACKING pc=0x00000133bb05ace3 sp=0x0000002be68fb378 mode 3
Event: 5.643 Thread 0x000001340c016370 DEOPT PACKING pc=0x00000133bb56f5a5 sp=0x0000002be68fbe30
Event: 5.643 Thread 0x000001340c016370 DEOPT UNPACKING pc=0x00000133bb05ace3 sp=0x0000002be68fb378 mode 3
Event: 5.969 Thread 0x000001340c016370 DEOPT PACKING pc=0x00000133bbbbae80 sp=0x0000002be68fe4b0
Event: 5.969 Thread 0x000001340c016370 DEOPT UNPACKING pc=0x00000133bb05ace3 sp=0x0000002be68fd988 mode 3

Classes unloaded (0 events):
No events

Classes redefined (0 events):
No events

Internal exceptions (20 events):
Event: 5.924 Thread 0x000001340c016370 Exception <a 'java/lang/IncompatibleClassChangeError'{0x000000008c15cdb8}: Found class java.lang.Object, but interface was expected> (0x000000008c15cdb8) 
thrown [s\src\hotspot\share\interpreter\linkResolver.cpp, line 826]
Event: 5.947 Thread 0x000001340c016370 Exception <a 'java/lang/NoSuchMethodError'{0x000000008bf135d8}: 'void java.lang.invoke.DirectMethodHandle$Holder.invokeStatic(java.lang.Object, java.lang.Object, double)'> (0x000000008bf135d8) 
thrown [s\src\hotspot\share\interpreter\linkResolver.cpp, line 759]
Event: 5.953 Thread 0x000001340c016370 Exception <a 'java/lang/NoSuchMethodError'{0x000000008bf668d0}: 'double java.lang.invoke.DirectMethodHandle$Holder.invokeStatic(java.lang.Object, java.lang.Object, java.lang.Object)'> (0x000000008bf668d0) 
thrown [s\src\hotspot\share\interpreter\linkResolver.cpp, line 759]
Event: 5.969 Thread 0x000001340c016370 Exception <a 'java/lang/IncompatibleClassChangeError'{0x000000008be85790}: Found class java.lang.Object, but interface was expected> (0x000000008be85790) 
thrown [s\src\hotspot\share\interpreter\linkResolver.cpp, line 826]
Event: 5.973 Thread 0x000001340c016370 Exception <a 'java/lang/NoSuchMethodError'{0x000000008beae320}: 'java.lang.Object java.lang.invoke.DirectMethodHandle$Holder.newInvokeSpecial(java.lang.Object, java.lang.Object, int, java.lang.Object, java.lang.Object)'> (0x000000008beae320) 
thrown [s\src\hotspot\share\interpreter\linkResolver.cpp, line 759]
Event: 6.397 Thread 0x000001340bf56cd0 Exception <a 'java/lang/NoSuchMethodError'{0x000000008abc2078}: 'java.lang.Object java.lang.invoke.DirectMethodHandle$Holder.newInvokeSpecial(java.lang.Object, java.lang.Object, java.lang.Object, java.lang.Object, int)'> (0x000000008abc2078) 
thrown [s\src\hotspot\share\interpreter\linkResolver.cpp, line 759]
Event: 6.397 Thread 0x000001340bf56cd0 Exception <a 'java/lang/NoSuchMethodError'{0x000000008abc6360}: 'java.lang.Object java.lang.invoke.DirectMethodHandle$Holder.invokeSpecial(java.lang.Object, java.lang.Object, java.lang.Object, java.lang.Object, java.lang.Object, int)'> (0x000000008abc6360) 
thrown [s\src\hotspot\share\interpreter\linkResolver.cpp, line 759]
Event: 6.398 Thread 0x000001340bf56cd0 Exception <a 'java/lang/NoSuchMethodError'{0x000000008abc9e68}: 'java.lang.Object java.lang.invoke.Invokers$Holder.linkToTargetMethod(java.lang.Object, java.lang.Object, java.lang.Object, int, java.lang.Object)'> (0x000000008abc9e68) 
thrown [s\src\hotspot\share\interpreter\linkResolver.cpp, line 759]
Event: 14.240 Thread 0x000001340dfa73b0 Exception <a 'java/lang/NoSuchMethodError'{0x000000008bbf7960}: 'java.lang.Object java.lang.invoke.DirectMethodHandle$Holder.invokeStaticInit(java.lang.Object, java.lang.Object, java.lang.Object, int, int)'> (0x000000008bbf7960) 
thrown [s\src\hotspot\share\interpreter\linkResolver.cpp, line 759]
Event: 14.269 Thread 0x000001340dfa6990 Exception <a 'java/lang/NoSuchMethodError'{0x000000008a3f4218}: 'java.lang.Object java.lang.invoke.DirectMethodHandle$Holder.invokeSpecial(java.lang.Object, java.lang.Object, java.lang.Object, java.lang.Object, java.lang.Object, long)'> (0x000000008a3f4218) 
thrown [s\src\hotspot\share\interpreter\linkResolver.cpp, line 759]
Event: 14.269 Thread 0x000001340dfa6990 Exception <a 'java/lang/NoSuchMethodError'{0x000000008a3f7c58}: 'java.lang.Object java.lang.invoke.Invokers$Holder.linkToTargetMethod(java.lang.Object, java.lang.Object, java.lang.Object, long, java.lang.Object)'> (0x000000008a3f7c58) 
thrown [s\src\hotspot\share\interpreter\linkResolver.cpp, line 759]
Event: 40.906 Thread 0x000001340dfa9c30 Exception <a 'java/lang/NoSuchMethodError'{0x0000000089831f10}: 'int java.lang.invoke.DirectMethodHandle$Holder.invokeStatic(java.lang.Object, int, java.lang.Object)'> (0x0000000089831f10) 
thrown [s\src\hotspot\share\interpreter\linkResolver.cpp, line 759]
Event: 40.910 Thread 0x000001340dfa73b0 Exception <a 'java/io/IOException'{0x0000000089842e80}> (0x0000000089842e80) 
thrown [s\src\hotspot\share\prims\jni.cpp, line 516]
Event: 40.910 Thread 0x000001340dfa73b0 Exception <a 'java/io/IOException'{0x00000000898439c0}> (0x00000000898439c0) 
thrown [s\src\hotspot\share\prims\jni.cpp, line 516]
Event: 40.912 Thread 0x000001340dfa73b0 Exception <a 'java/io/IOException'{0x000000008984b5e0}> (0x000000008984b5e0) 
thrown [s\src\hotspot\share\prims\jni.cpp, line 516]
Event: 40.912 Thread 0x000001340dfa73b0 Exception <a 'java/io/IOException'{0x000000008984dff8}> (0x000000008984dff8) 
thrown [s\src\hotspot\share\prims\jni.cpp, line 516]
Event: 40.912 Thread 0x000001340dfa73b0 Exception <a 'java/io/IOException'{0x000000008984eb38}> (0x000000008984eb38) 
thrown [s\src\hotspot\share\prims\jni.cpp, line 516]
Event: 40.914 Thread 0x000001340dfa73b0 Exception <a 'java/io/IOException'{0x00000000898567a0}> (0x00000000898567a0) 
thrown [s\src\hotspot\share\prims\jni.cpp, line 516]
Event: 40.914 Thread 0x000001340dfa73b0 Exception <a 'java/io/IOException'{0x00000000898572e0}> (0x00000000898572e0) 
thrown [s\src\hotspot\share\prims\jni.cpp, line 516]
Event: 40.925 Thread 0x000001340bf571e0 Exception <a 'java/lang/InterruptedException'{0x00000000898be388}: sleep interrupted> (0x00000000898be388) 
thrown [s\src\hotspot\share\prims\jvm.cpp, line 3064]

VM Operations (20 events):
Event: 6.442 Executing VM operation: HandshakeAllThreads done
Event: 7.443 Executing VM operation: Cleanup
Event: 7.443 Executing VM operation: Cleanup done
Event: 14.282 Executing VM operation: HandshakeAllThreads
Event: 14.282 Executing VM operation: HandshakeAllThreads done
Event: 14.282 Executing VM operation: Cleanup
Event: 14.282 Executing VM operation: Cleanup done
Event: 14.347 Executing VM operation: HandshakeAllThreads
Event: 14.347 Executing VM operation: HandshakeAllThreads done
Event: 14.351 Executing VM operation: HandshakeAllThreads
Event: 14.351 Executing VM operation: HandshakeAllThreads done
Event: 14.365 Executing VM operation: HandshakeAllThreads
Event: 14.365 Executing VM operation: HandshakeAllThreads done
Event: 15.372 Executing VM operation: Cleanup
Event: 15.372 Executing VM operation: Cleanup done
Event: 22.414 Executing VM operation: Cleanup
Event: 22.415 Executing VM operation: Cleanup done
Event: 34.505 Executing VM operation: Cleanup
Event: 34.505 Executing VM operation: Cleanup done
Event: 40.925 Executing VM operation: G1CollectFull

Events (20 events):
Event: 40.905 Thread 0x000001340dfa73b0 Thread added: 0x000001340dfa73b0
Event: 40.906 Thread 0x000001340bf58620 Thread exited: 0x000001340bf58620
Event: 40.907 loading class sun/security/ssl/Alert
Event: 40.907 loading class sun/security/ssl/Alert done
Event: 40.908 loading class sun/security/ssl/Alert$AlertConsumer
Event: 40.908 loading class sun/security/ssl/Alert$AlertConsumer done
Event: 40.908 loading class sun/security/ssl/Alert$Level
Event: 40.908 loading class sun/security/ssl/Alert$Level done
Event: 40.910 loading class sun/net/ConnectionResetException
Event: 40.910 loading class sun/net/ConnectionResetException done
Event: 40.916 Thread 0x000001340dfa73b0 Thread exited: 0x000001340dfa73b0
Event: 40.920 loading class java/io/FileOutputStream$1
Event: 40.921 loading class java/io/FileOutputStream$1 done
Event: 40.923 loading class java/util/WeakHashMap$KeyIterator
Event: 40.924 loading class java/util/WeakHashMap$HashIterator
Event: 40.924 loading class java/util/WeakHashMap$HashIterator done
Event: 40.924 loading class java/util/WeakHashMap$KeyIterator done
Event: 40.924 Thread 0x000001340bf59a60 Thread exited: 0x000001340bf59a60
Event: 40.925 Thread 0x000001340bf571e0 Thread exited: 0x000001340bf571e0
Event: 40.925 Thread 0x000001340bf59f70 Thread exited: 0x000001340bf59f70


Dynamic libraries:
0x00007ff7d4c20000 - 0x00007ff7d4c2e000 	C:\Program Files\Microsoft\jdk-17.0.10.7-hotspot\bin\java.exe
0x00007ffcce980000 - 0x00007ffccebe6000 	C:\WINDOWS\SYSTEM32\ntdll.dll
0x00007ffccc920000 - 0x00007ffccc9e9000 	C:\WINDOWS\System32\KERNEL32.DLL
0x00007ffccbbd0000 - 0x00007ffccbf9c000 	C:\WINDOWS\System32\KERNELBASE.dll
0x00007ffccc470000 - 0x00007ffccc5bb000 	C:\WINDOWS\System32\ucrtbase.dll
0x00007ffcc2a00000 - 0x00007ffcc2a1b000 	C:\Program Files\Microsoft\jdk-17.0.10.7-hotspot\bin\VCRUNTIME140.dll
0x00007ffcc29e0000 - 0x00007ffcc29f7000 	C:\Program Files\Microsoft\jdk-17.0.10.7-hotspot\bin\jli.dll
0x00007ffcce410000 - 0x00007ffcce5da000 	C:\WINDOWS\System32\USER32.dll
0x00007ffcaf180000 - 0x00007ffcaf41a000 	C:\WINDOWS\WinSxS\amd64_microsoft.windows.common-controls_6595b64144ccf1df_6.0.26100.3912_none_3e07963ce335137e\COMCTL32.dll
0x00007ffccc440000 - 0x00007ffccc467000 	C:\WINDOWS\System32\win32u.dll
0x00007ffcce300000 - 0x00007ffcce32b000 	C:\WINDOWS\System32\GDI32.dll
0x00007ffccdc30000 - 0x00007ffccdcd9000 	C:\WINDOWS\System32\msvcrt.dll
0x00007ffccbfa0000 - 0x00007ffccc0d2000 	C:\WINDOWS\System32\gdi32full.dll
0x00007ffccc170000 - 0x00007ffccc213000 	C:\WINDOWS\System32\msvcp_win.dll
0x00007ffcce900000 - 0x00007ffcce930000 	C:\WINDOWS\System32\IMM32.DLL
0x00007ffcc29d0000 - 0x00007ffcc29dc000 	C:\Program Files\Microsoft\jdk-17.0.10.7-hotspot\bin\vcruntime140_1.dll
0x00007ffc95530000 - 0x00007ffc955bd000 	C:\Program Files\Microsoft\jdk-17.0.10.7-hotspot\bin\msvcp140.dll
0x00007ffc3f8b0000 - 0x00007ffc40515000 	C:\Program Files\Microsoft\jdk-17.0.10.7-hotspot\bin\server\jvm.dll
0x00007ffccc750000 - 0x00007ffccc802000 	C:\WINDOWS\System32\ADVAPI32.dll
0x00007ffcce360000 - 0x00007ffcce406000 	C:\WINDOWS\System32\sechost.dll
0x00007ffcce7c0000 - 0x00007ffcce8d6000 	C:\WINDOWS\System32\RPCRT4.dll
0x00007ffcb9b70000 - 0x00007ffcb9b7a000 	C:\WINDOWS\SYSTEM32\WSOCK32.dll
0x00007ffcca740000 - 0x00007ffcca79e000 	C:\WINDOWS\SYSTEM32\POWRPROF.dll
0x00007ffcbf7a0000 - 0x00007ffcbf7d6000 	C:\WINDOWS\SYSTEM32\WINMM.dll
0x00007ffccd120000 - 0x00007ffccd194000 	C:\WINDOWS\System32\WS2_32.dll
0x00007ffcb7410000 - 0x00007ffcb741b000 	C:\WINDOWS\SYSTEM32\VERSION.dll
0x00007ffcca720000 - 0x00007ffcca734000 	C:\WINDOWS\SYSTEM32\UMPDC.dll
0x00007ffcca9f0000 - 0x00007ffccaa0a000 	C:\WINDOWS\SYSTEM32\kernel.appcore.dll
0x00007ffcc29c0000 - 0x00007ffcc29ca000 	C:\Program Files\Microsoft\jdk-17.0.10.7-hotspot\bin\jimage.dll
0x00007ffcc90a0000 - 0x00007ffcc92e1000 	C:\WINDOWS\SYSTEM32\DBGHELP.DLL
0x00007ffccd260000 - 0x00007ffccd5e4000 	C:\WINDOWS\System32\combase.dll
0x00007ffccc810000 - 0x00007ffccc8f0000 	C:\WINDOWS\System32\OLEAUT32.dll
0x00007ffcad980000 - 0x00007ffcad9b9000 	C:\WINDOWS\SYSTEM32\dbgcore.DLL
0x00007ffccc220000 - 0x00007ffccc2b9000 	C:\WINDOWS\System32\bcryptPrimitives.dll
0x00007ffcaa020000 - 0x00007ffcaa02e000 	C:\Program Files\Microsoft\jdk-17.0.10.7-hotspot\bin\instrument.dll
0x00007ffc954d0000 - 0x00007ffc954f5000 	C:\Program Files\Microsoft\jdk-17.0.10.7-hotspot\bin\java.dll
0x00007ffc8ca60000 - 0x00007ffc8cb37000 	C:\Program Files\Microsoft\jdk-17.0.10.7-hotspot\bin\jsvml.dll
0x00007ffccc9f0000 - 0x00007ffccd11d000 	C:\WINDOWS\System32\SHELL32.dll
0x00007ffccc5c0000 - 0x00007ffccc734000 	C:\WINDOWS\System32\wintypes.dll
0x00007ffcc9770000 - 0x00007ffcc9fc6000 	C:\WINDOWS\SYSTEM32\windows.storage.dll
0x00007ffccd700000 - 0x00007ffccd7ef000 	C:\WINDOWS\System32\SHCORE.dll
0x00007ffccd1f0000 - 0x00007ffccd259000 	C:\WINDOWS\System32\shlwapi.dll
0x00007ffccba20000 - 0x00007ffccba4f000 	C:\WINDOWS\SYSTEM32\profapi.dll
0x00007ffc952e0000 - 0x00007ffc952f8000 	C:\Program Files\Microsoft\jdk-17.0.10.7-hotspot\bin\zip.dll
0x00007ffc96e00000 - 0x00007ffc96e19000 	C:\Program Files\Microsoft\jdk-17.0.10.7-hotspot\bin\net.dll
0x00007ffcba4c0000 - 0x00007ffcba5de000 	C:\WINDOWS\SYSTEM32\WINHTTP.dll
0x00007ffccaf60000 - 0x00007ffccafca000 	C:\WINDOWS\system32\mswsock.dll
0x00007ffc95600000 - 0x00007ffc95616000 	C:\Program Files\Microsoft\jdk-17.0.10.7-hotspot\bin\nio.dll
0x00007ffcca450000 - 0x00007ffcca577000 	C:\WINDOWS\SYSTEM32\DNSAPI.dll
0x00007ffcca3b0000 - 0x00007ffcca3e3000 	C:\WINDOWS\SYSTEM32\IPHLPAPI.DLL
0x00007ffccc740000 - 0x00007ffccc74a000 	C:\WINDOWS\System32\NSI.dll
0x00007ffc9d450000 - 0x00007ffc9d459000 	C:\Program Files\Microsoft\jdk-17.0.10.7-hotspot\bin\extnet.dll
0x00007ffcbae90000 - 0x00007ffcbae9b000 	C:\Windows\System32\rasadhlp.dll
0x00007ffcc0ff0000 - 0x00007ffcc1076000 	C:\WINDOWS\System32\fwpuclnt.dll
0x00007ffc954c0000 - 0x00007ffc954c9000 	C:\Program Files\Microsoft\jdk-17.0.10.7-hotspot\bin\management.dll
0x00007ffc952d0000 - 0x00007ffc952db000 	C:\Program Files\Microsoft\jdk-17.0.10.7-hotspot\bin\management_ext.dll
0x00007ffccc900000 - 0x00007ffccc908000 	C:\WINDOWS\System32\PSAPI.DLL
0x00007ffccb200000 - 0x00007ffccb21c000 	C:\WINDOWS\SYSTEM32\CRYPTSP.dll
0x00007ffcca950000 - 0x00007ffcca98a000 	C:\WINDOWS\system32\rsaenh.dll
0x00007ffccb000000 - 0x00007ffccb02b000 	C:\WINDOWS\SYSTEM32\USERENV.dll
0x00007ffccb9f0000 - 0x00007ffccba16000 	C:\WINDOWS\SYSTEM32\bcrypt.dll
0x00007ffccb220000 - 0x00007ffccb22c000 	C:\WINDOWS\SYSTEM32\CRYPTBASE.dll
0x00007ffcbf030000 - 0x00007ffcbf04f000 	C:\WINDOWS\SYSTEM32\dhcpcsvc6.DLL
0x00007ffcbf060000 - 0x00007ffcbf085000 	C:\WINDOWS\SYSTEM32\dhcpcsvc.DLL
0x00007ffcabe30000 - 0x00007ffcabe48000 	C:\WINDOWS\system32\napinsp.dll
0x00007ffcaaa30000 - 0x00007ffcaaa42000 	C:\WINDOWS\System32\winrnr.dll
0x00007ffcaa9f0000 - 0x00007ffcaaa20000 	C:\WINDOWS\system32\nlansp_c.dll
0x00007ffcb9200000 - 0x00007ffcb9220000 	C:\WINDOWS\system32\wshbth.dll
0x00007ffcadb80000 - 0x00007ffcadbce000 	C:\WINDOWS\SYSTEM32\pdh.dll
0x00007ffca6a70000 - 0x00007ffca6a82000 	C:\WINDOWS\System32\perfproc.dll
0x00007ffca6a20000 - 0x00007ffca6a31000 	C:\WINDOWS\System32\perfos.dll
0x00007ffcc9ff0000 - 0x00007ffcca002000 	C:\WINDOWS\SYSTEM32\pfclient.dll
0x00007ffc952c0000 - 0x00007ffc952ce000 	C:\Program Files\Microsoft\jdk-17.0.10.7-hotspot\bin\sunmscapi.dll
0x00007ffccc2c0000 - 0x00007ffccc437000 	C:\WINDOWS\System32\CRYPT32.dll
0x00007ffccb410000 - 0x00007ffccb440000 	C:\WINDOWS\SYSTEM32\ncrypt.dll
0x00007ffccb3c0000 - 0x00007ffccb3ff000 	C:\WINDOWS\SYSTEM32\NTASN1.dll
0x00007ffc93010000 - 0x00007ffc93020000 	C:\Program Files\Microsoft\jdk-17.0.10.7-hotspot\bin\verify.dll
0x00007ffcb2080000 - 0x00007ffcb2088000 	C:\WINDOWS\system32\wshunix.dll

dbghelp: loaded successfully - version: 4.0.5 - missing functions: none
symbol engine: initialized successfully - sym options: 0x614 - pdb path: .;C:\Program Files\Microsoft\jdk-17.0.10.7-hotspot\bin;C:\WINDOWS\SYSTEM32;C:\WINDOWS\WinSxS\amd64_microsoft.windows.common-controls_6595b64144ccf1df_6.0.26100.3912_none_3e07963ce335137e;C:\Program Files\Microsoft\jdk-17.0.10.7-hotspot\bin\server

VM Arguments:
jvm_args: -XX:TieredStopAtLevel=1 -Dspring.output.ansi.enabled=always -Dcom.sun.management.jmxremote -Dspring.jmx.enabled=true -Dspring.liveBeansView.mbeanDomain -Dspring.application.admin.enabled=true -Dmanagement.endpoints.jmx.exposure.include=* -javaagent:C:\Program Files\JetBrains\IntelliJ IDEA 2024.3\lib\idea_rt.jar=57171 -Dfile.encoding=UTF-8 
java_command: org.example.laptopshop.LaptopshopApplication
java_class_path (initial): D:\Workspace\Java\Java-spring-mvc\laptopshop\target\classes;C:\Users\DELL\.m2\repository\org\springframework\boot\spring-boot-starter-actuator\3.4.5\spring-boot-starter-actuator-3.4.5.jar;C:\Users\DELL\.m2\repository\org\springframework\boot\spring-boot-actuator-autoconfigure\3.4.5\spring-boot-actuator-autoconfigure-3.4.5.jar;C:\Users\DELL\.m2\repository\org\springframework\boot\spring-boot-actuator\3.4.5\spring-boot-actuator-3.4.5.jar;C:\Users\DELL\.m2\repository\com\fasterxml\jackson\core\jackson-databind\2.18.3\jackson-databind-2.18.3.jar;C:\Users\DELL\.m2\repository\com\fasterxml\jackson\core\jackson-annotations\2.18.3\jackson-annotations-2.18.3.jar;C:\Users\DELL\.m2\repository\com\fasterxml\jackson\core\jackson-core\2.18.3\jackson-core-2.18.3.jar;C:\Users\DELL\.m2\repository\com\fasterxml\jackson\datatype\jackson-datatype-jsr310\2.18.3\jackson-datatype-jsr310-2.18.3.jar;C:\Users\DELL\.m2\repository\io\micrometer\micrometer-observation\1.14.6\micrometer-observation-1.14.6.jar;C:\Users\DELL\.m2\repository\io\micrometer\micrometer-commons\1.14.6\micrometer-commons-1.14.6.jar;C:\Users\DELL\.m2\repository\io\micrometer\micrometer-jakarta9\1.14.6\micrometer-jakarta9-1.14.6.jar;C:\Users\DELL\.m2\repository\io\micrometer\micrometer-core\1.14.6\micrometer-core-1.14.6.jar;C:\Users\DELL\.m2\repository\org\hdrhistogram\HdrHistogram\2.2.2\HdrHistogram-2.2.2.jar;C:\Users\DELL\.m2\repository\org\latencyutils\LatencyUtils\2.0.3\LatencyUtils-2.0.3.jar;C:\Users\DELL\.m2\repository\org\springframework\boot\spring-boot-starter\3.4.5\spring-boot-starter-3.4.5.jar;C:\Users\DELL\.m2\repository\org\springframework\boot\spring-boot\3.4.5\spring-boot-3.4.5.jar;C:\Users\DELL\.m2\repository\org\springframework\spring-context\6.2.6\spring-context-6.2.6.jar;C:\Users\DELL\.m2\repository\org\springframework\boot\spring-boot-autoconfigure\3.4.5\spring-boot-autoconfigure-3.4.5.jar;C:\Users\DELL\.m2\repository\org\springframework\boot\spring-boot-starter-logging\3.4.
Launcher Type: SUN_STANDARD

[Global flags]
     intx CICompilerCount                          = 4                                         {product} {ergonomic}
     uint ConcGCThreads                            = 2                                         {product} {ergonomic}
     uint G1ConcRefinementThreads                  = 8                                         {product} {ergonomic}
   size_t G1HeapRegionSize                         = 1048576                                   {product} {ergonomic}
    uintx GCDrainStackTargetSize                   = 64                                        {product} {ergonomic}
   size_t InitialHeapSize                          = 130023424                                 {product} {ergonomic}
     bool ManagementServer                         = true                                      {product} {command line}
   size_t MarkStackSize                            = 4194304                                   {product} {ergonomic}
   size_t MaxHeapSize                              = 2076180480                                {product} {ergonomic}
   size_t MaxNewSize                               = 1245708288                                {product} {ergonomic}
   size_t MinHeapDeltaBytes                        = 1048576                                   {product} {ergonomic}
   size_t MinHeapSize                              = 8388608                                   {product} {ergonomic}
    uintx NonProfiledCodeHeapSize                  = 0                                      {pd product} {ergonomic}
     bool ProfileInterpreter                       = false                                  {pd product} {command line}
    uintx ProfiledCodeHeapSize                     = 0                                      {pd product} {ergonomic}
   size_t SoftMaxHeapSize                          = 2076180480                             {manageable} {ergonomic}
     intx TieredStopAtLevel                        = 1                                         {product} {command line}
     bool UseCompressedClassPointers               = true                           {product lp64_product} {ergonomic}
     bool UseCompressedOops                        = true                           {product lp64_product} {ergonomic}
     bool UseG1GC                                  = true                                      {product} {ergonomic}
     bool UseLargePagesIndividualAllocation        = false                                  {pd product} {ergonomic}

Logging:
Log output configuration:
 #0: stdout all=warning uptime,level,tags
 #1: stderr all=off uptime,level,tags

Environment Variables:
JAVA_HOME=C:\Program Files\Microsoft\jdk-17.0.10.7-hotspot\
PATH=C:\Program Files\Microsoft\jdk-17.0.10.7-hotspot\bin;C:\Program Files\Common Files\Oracle\Java\javapath;C:\Program Files (x86)\Common Files\Oracle\Java\java8path;C:\Program Files (x86)\Common Files\Oracle\Java\javapath;C:\Users\DELL\AppData\Local\Programs\Python\Python39\Scripts\;C:\Users\DELL\AppData\Local\Programs\Python\Python39\;C:\Program Files\Python39\Scripts\;C:\Program Files\Python39\;C:\Windows\system32;C:\Windows;C:\Windows\System32\Wbem;C:\Windows\System32\WindowsPowerShell\v1.0\;C:\Windows\System32\OpenSSH\;C:\Program Files\NVIDIA Corporation\NVIDIA NvDLISR;C:\WINDOWS\system32;C:\WINDOWS;C:\WINDOWS\System32\Wbem;C:\WINDOWS\System32\WindowsPowerShell\v1.0\;C:\WINDOWS\System32\OpenSSH\;C:\MinGW\bin;C:\Program Files\Java\jdk-17\bin;C:\Program Files\Azure Data Studio\bin;%HADOOP_HOME%\bin;%HADOOP_HOME%\sbin;C:\Program Files\Microsoft\jdk-17.0.10.7-hotspot\\bin;%SPARK_HOME%\bin;%SPARK_HOME%\sbin;C:\Program Files\nodejs\;C:\ProgramData\chocolatey\bin;C:\Program Files\Microsoft SQL Server\150\Tools\Binn\;C:\Program Files\Microsoft SQL Server\Client SDK\ODBC\170\Tools\Binn\;C:\Program Files (x86)\Microsoft SQL Server\160\Tools\Binn\;C:\Program Files\Microsoft SQL Server\160\Tools\Binn\;C:\Program Files\Microsoft SQL Server\160\DTS\Binn\;C:\Program Files (x86)\Microsoft SQL Server\160\DTS\Binn\;C:\Program Files\dotnet\;C:\Program Files\Docker\Docker\resources\bin;%MAVEN_HOME%\bin;C:\Users\DELL\Downloads\apache-maven-3.9.9-bin\apache-maven-3.9.9\bin;C:\Users\DELL\Downloads\apache-maven-3.9.9-bin\apache-maven-3.9.9\bin;C:\Program Files\Git\cmd;C:\Program Files\Git\mingw64\bin;C:\Program Files\Git\usr\bin;C:\Program Files\dotnet;C:\Program Files (x86)\dotnet;C:\Users\DELL\.dotnet\tools;C:\Users\DELL\AppData\Local\Programs\Python\Python312\Scripts\;C:\Users\DELL\AppData\Local\Programs\Python\Python312\;C:\Users\DELL\AppData\Local\Programs\Python\Python311\Scripts\;C:\Users\DELL\AppData\Local\Programs\Python\Python311\;C:\Users\DELL\AppData\Local\Microsoft\WindowsA
USERNAME=DELL
OS=Windows_NT
PROCESSOR_IDENTIFIER=Intel64 Family 6 Model 140 Stepping 1, GenuineIntel
TMP=C:\Users\DELL\AppData\Local\Temp
TEMP=C:\Users\DELL\AppData\Local\Temp



Periodic native trim disabled


---------------  S Y S T E M  ---------------

OS:
 Windows 11 , 64 bit Build 26100 (10.0.26100.3912)
OS uptime: 0 days 2:13 hours
Hyper-V role detected

CPU: total 8 (initial active 8) (4 cores per cpu, 2 threads per core) family 6 model 140 stepping 1 microcode 0xbc, cx8, cmov, fxsr, ht, mmx, 3dnowpref, sse, sse2, sse3, ssse3, sse4.1, sse4.2, popcnt, lzcnt, tsc, tscinvbit, avx, avx2, aes, erms, clmul, bmi1, bmi2, adx, avx512f, avx512dq, avx512cd, avx512bw, avx512vl, sha, fma, vzeroupper, avx512_vpopcntdq, avx512_vpclmulqdq, avx512_vaes, avx512_vnni, clflush, clflushopt, clwb, avx512_vbmi2, avx512_vbmi, hv
Processor Information for processor 0
  Max Mhz: 2803, Current Mhz: 2803, Mhz Limit: 2803
Processor Information for processor 1
  Max Mhz: 2803, Current Mhz: 1201, Mhz Limit: 2803
Processor Information for processor 2
  Max Mhz: 2803, Current Mhz: 2803, Mhz Limit: 2803
Processor Information for processor 3
  Max Mhz: 2803, Current Mhz: 2803, Mhz Limit: 2803
Processor Information for processor 4
  Max Mhz: 2803, Current Mhz: 2803, Mhz Limit: 2803
Processor Information for processor 5
  Max Mhz: 2803, Current Mhz: 2803, Mhz Limit: 2803
Processor Information for processor 6
  Max Mhz: 2803, Current Mhz: 2803, Mhz Limit: 2803
Processor Information for processor 7
  Max Mhz: 2803, Current Mhz: 2803, Mhz Limit: 2803

Memory: 4k page, system-wide physical 7914M (721M free)
TotalPageFile size 18215M (AvailPageFile size 13M)
current process WorkingSet (physical memory assigned to process): 233M, peak: 264M
current process commit charge ("private bytes"): 345M, peak: 346M

vm_info: OpenJDK 64-Bit Server VM (17.0.10+7-LTS) for windows-amd64 JRE (17.0.10+7-LTS), built on Jan 10 2024 19:47:12 by "MicrosoftCorporation" with MS VC++ 16.10 / 16.11 (VS2019)

END.
