#
# There is insufficient memory for the Java Runtime Environment to continue.
# Native memory allocation (malloc) failed to allocate 1892816 bytes for Chunk::new
# Possible reasons:
#   The system is out of physical RAM or swap space
#   The process is running with CompressedOops enabled, and the Java Heap may be blocking the growth of the native heap
# Possible solutions:
#   Reduce memory load on the system
#   Increase physical memory or swap space
#   Check if swap backing store is full
#   Decrease Java heap size (-Xmx/-Xms)
#   Decrease number of Java threads
#   Decrease Java thread stack sizes (-Xss)
#   Set larger code cache with -XX:ReservedCodeCacheSize=
#   JVM is running with Unscaled Compressed Oops mode in which the Java heap is
#     placed in the first 4GB address space. The Java Heap base address is the
#     maximum limit for the native heap growth. Please use -XX:HeapBaseMinAddress
#     to set the Java Heap base and to place the Java Heap above 4GB virtual address.
# This output file may be truncated or incomplete.
#
#  Out of Memory Error (arena.cpp:191), pid=19704, tid=15148
#
# JRE version: OpenJDK Runtime Environment Microsoft-8902769 (17.0.10+7) (build 17.0.10+7-LTS)
# Java VM: OpenJDK 64-Bit Server VM Microsoft-8902769 (17.0.10+7-LTS, mixed mode, sharing, tiered, compressed oops, compressed class ptrs, g1 gc, windows-amd64)
# No core dump will be written. Minidumps are not enabled by default on client versions of Windows
#

---------------  S U M M A R Y ------------

Command Line: -Dcom.sun.management.jmxremote -Dcom.sun.management.jmxremote.port=55636 -Dcom.sun.management.jmxremote.authenticate=false -Dcom.sun.management.jmxremote.ssl=false -Dspring.jmx.enabled=true -Djava.rmi.server.hostname=localhost -Dspring.application.admin.enabled=true -Dspring.boot.project.name=laptopshop -XX:+ShowCodeDetailsInExceptionMessages -Dmanagement.endpoints.jmx.exposure.include=* org.example.laptopshop.LaptopshopApplication

Host: 11th Gen Intel(R) Core(TM) i7-1165G7 @ 2.80GHz, 8 cores, 7G,  Windows 11 , 64 bit Build 26100 (10.0.26100.3912)
Time: Fri May  9 16:42:36 2025 SE Asia Standard Time elapsed time: 32.036761 seconds (0d 0h 0m 32s)

---------------  T H R E A D  ---------------

Current thread (0x0000023e5d59d9e0):  JavaThread "C2 CompilerThread0" daemon [_thread_in_native, id=15148, stack(0x000000b55a900000,0x000000b55aa00000)]


Current CompileTask:
C2:  32037 5326       4       org.springframework.core.ResolvableType::forType (112 bytes)

Stack: [0x000000b55a900000,0x000000b55aa00000]
Native frames: (J=compiled Java code, j=interpreted, Vv=VM code, C=native code)
V  [jvm.dll+0x67f829]
V  [jvm.dll+0x83750a]
V  [jvm.dll+0x838fce]
V  [jvm.dll+0x839633]
V  [jvm.dll+0x247cbf]
V  [jvm.dll+0xac524]
V  [jvm.dll+0xacb6c]
V  [jvm.dll+0x368ca2]
V  [jvm.dll+0x33311a]
V  [jvm.dll+0x3325ba]
V  [jvm.dll+0x21a401]
V  [jvm.dll+0x219821]
V  [jvm.dll+0x1a5176]
V  [jvm.dll+0x22957e]
V  [jvm.dll+0x22774c]
V  [jvm.dll+0x7ec5d7]
V  [jvm.dll+0x7e69da]
V  [jvm.dll+0x67e715]
C  [ucrtbase.dll+0x37b0]
C  [KERNEL32.DLL+0x2e8d7]
C  [ntdll.dll+0x9c5dc]


---------------  P R O C E S S  ---------------

Threads class SMR info:
_java_thread_list=0x0000023ea3c0fad0, length=37, elements={
0x0000023e5d574ad0, 0x0000023e5d5777b0, 0x0000023e5d58b900, 0x0000023e5d58ce30,
0x0000023e5d58d7f0, 0x0000023e5d58f8d0, 0x0000023e5d59d9e0, 0x0000023e5d59f3b0,
0x0000023e5d5a2840, 0x0000023e5d7ad920, 0x0000023e5d85a4d0, 0x0000023ea31f7c70,
0x0000023ea31053b0, 0x0000023ea3120dd0, 0x0000023ea52be620, 0x0000023ea52bd6f0,
0x0000023ea52bdc00, 0x0000023ea52bbda0, 0x0000023ea52bf040, 0x0000023ea52bc2b0,
0x0000023ea52bccd0, 0x0000023ea52bd1e0, 0x0000023ea3c1e270, 0x0000023ea3c1ec90,
0x0000023ea3c200d0, 0x0000023ea3c1dd60, 0x0000023ea3c1fbc0, 0x0000023ea3c1f1a0,
0x0000023ea3c1d340, 0x0000023ea3c1f6b0, 0x0000023ea3c205e0, 0x0000023ea3c1e780,
0x0000023ea3c1d850, 0x0000023ea3c1ce30, 0x0000023ea3c20af0, 0x0000023ea3c22950,
0x0000023ea3c247b0
}
_to_delete_list=0x0000023ea3c0f470, length=36, elements={
0x0000023e5d574ad0, 0x0000023e5d5777b0, 0x0000023e5d58b900, 0x0000023e5d58ce30,
0x0000023e5d58d7f0, 0x0000023e5d58f8d0, 0x0000023e5d59d9e0, 0x0000023e5d59f3b0,
0x0000023e5d5a2840, 0x0000023e5d7ad920, 0x0000023e5d85a4d0, 0x0000023ea31f7c70,
0x0000023ea31053b0, 0x0000023ea3120dd0, 0x0000023ea52be620, 0x0000023ea52bd6f0,
0x0000023ea52bdc00, 0x0000023ea52bbda0, 0x0000023ea52bf040, 0x0000023ea52bc2b0,
0x0000023ea52bccd0, 0x0000023ea52bd1e0, 0x0000023ea3c1e270, 0x0000023ea3c1ec90,
0x0000023ea3c200d0, 0x0000023ea3c1dd60, 0x0000023ea3c1fbc0, 0x0000023ea3c1f1a0,
0x0000023ea3c1d340, 0x0000023ea3c1f6b0, 0x0000023ea3c205e0, 0x0000023ea3c1e780,
0x0000023ea3c1d850, 0x0000023ea3c1ce30, 0x0000023ea3c20af0, 0x0000023ea3c22950
}

Java Threads: ( => current thread )
  0x0000023e5d574ad0 JavaThread "Reference Handler" daemon [_thread_blocked, id=3320, stack(0x000000b55a300000,0x000000b55a400000)]
  0x0000023e5d5777b0 JavaThread "Finalizer" daemon [_thread_blocked, id=13384, stack(0x000000b55a400000,0x000000b55a500000)]
  0x0000023e5d58b900 JavaThread "Signal Dispatcher" daemon [_thread_blocked, id=17160, stack(0x000000b55a500000,0x000000b55a600000)]
  0x0000023e5d58ce30 JavaThread "Attach Listener" daemon [_thread_blocked, id=9284, stack(0x000000b55a600000,0x000000b55a700000)]
  0x0000023e5d58d7f0 JavaThread "Service Thread" daemon [_thread_blocked, id=4072, stack(0x000000b55a700000,0x000000b55a800000)]
  0x0000023e5d58f8d0 JavaThread "Monitor Deflation Thread" daemon [_thread_blocked, id=5200, stack(0x000000b55a800000,0x000000b55a900000)]
=>0x0000023e5d59d9e0 JavaThread "C2 CompilerThread0" daemon [_thread_in_native, id=15148, stack(0x000000b55a900000,0x000000b55aa00000)]
  0x0000023e5d59f3b0 JavaThread "C1 CompilerThread0" daemon [_thread_blocked, id=7408, stack(0x000000b55aa00000,0x000000b55ab00000)]
  0x0000023e5d5a2840 JavaThread "Sweeper thread" daemon [_thread_blocked, id=19600, stack(0x000000b55ab00000,0x000000b55ac00000)]
  0x0000023e5d7ad920 JavaThread "Common-Cleaner" daemon [_thread_blocked, id=1188, stack(0x000000b55ac00000,0x000000b55ad00000)]
  0x0000023e5d85a4d0 JavaThread "Notification Thread" daemon [_thread_blocked, id=9688, stack(0x000000b55ae00000,0x000000b55af00000)]
  0x0000023ea31f7c70 JavaThread "RMI TCP Accept-0" daemon [_thread_in_native, id=12016, stack(0x000000b55ad00000,0x000000b55ae00000)]
  0x0000023ea31053b0 JavaThread "RMI TCP Accept-55636" daemon [_thread_in_native, id=11892, stack(0x000000b55af00000,0x000000b55b000000)]
  0x0000023ea3120dd0 JavaThread "RMI TCP Accept-0" daemon [_thread_in_native, id=17640, stack(0x000000b55b000000,0x000000b55b100000)]
  0x0000023ea52be620 JavaThread "RMI TCP Connection(1)-127.0.0.1" daemon [_thread_in_native, id=17060, stack(0x000000b55bf00000,0x000000b55c000000)]
  0x0000023ea52bd6f0 JavaThread "RMI Scheduler(0)" daemon [_thread_blocked, id=16940, stack(0x000000b55c000000,0x000000b55c100000)]
  0x0000023ea52bdc00 JavaThread "RMI TCP Connection(2)-127.0.0.1" daemon [_thread_in_native, id=18036, stack(0x000000b55c100000,0x000000b55c200000)]
  0x0000023ea52bbda0 JavaThread "JMX server connection timeout 28" daemon [_thread_blocked, id=8124, stack(0x000000b55c200000,0x000000b55c300000)]
  0x0000023ea52bf040 JavaThread "Catalina-utility-1" [_thread_blocked, id=9316, stack(0x000000b55c300000,0x000000b55c400000)]
  0x0000023ea52bc2b0 JavaThread "Catalina-utility-2" [_thread_blocked, id=12104, stack(0x000000b55c400000,0x000000b55c500000)]
  0x0000023ea52bccd0 JavaThread "container-0" [_thread_blocked, id=18508, stack(0x000000b55c500000,0x000000b55c600000)]
  0x0000023ea52bd1e0 JavaThread "File Watcher" daemon [_thread_blocked, id=3324, stack(0x000000b55c600000,0x000000b55c700000)]
  0x0000023ea3c1e270 JavaThread "Live Reload Server" daemon [_thread_in_native, id=11440, stack(0x000000b55c800000,0x000000b55c900000)]
  0x0000023ea3c1ec90 JavaThread "http-nio-8080-exec-1" daemon [_thread_blocked, id=2936, stack(0x000000b55c700000,0x000000b55c800000)]
  0x0000023ea3c200d0 JavaThread "http-nio-8080-exec-2" daemon [_thread_blocked, id=3796, stack(0x000000b55c900000,0x000000b55ca00000)]
  0x0000023ea3c1dd60 JavaThread "http-nio-8080-exec-3" daemon [_thread_blocked, id=4564, stack(0x000000b55ca00000,0x000000b55cb00000)]
  0x0000023ea3c1fbc0 JavaThread "http-nio-8080-exec-4" daemon [_thread_blocked, id=9072, stack(0x000000b55cb00000,0x000000b55cc00000)]
  0x0000023ea3c1f1a0 JavaThread "http-nio-8080-exec-5" daemon [_thread_blocked, id=16076, stack(0x000000b55cc00000,0x000000b55cd00000)]
  0x0000023ea3c1d340 JavaThread "http-nio-8080-exec-6" daemon [_thread_blocked, id=9076, stack(0x000000b55cd00000,0x000000b55ce00000)]
  0x0000023ea3c1f6b0 JavaThread "http-nio-8080-exec-7" daemon [_thread_blocked, id=9180, stack(0x000000b55ce00000,0x000000b55cf00000)]
  0x0000023ea3c205e0 JavaThread "http-nio-8080-exec-8" daemon [_thread_blocked, id=17236, stack(0x000000b55cf00000,0x000000b55d000000)]
  0x0000023ea3c1e780 JavaThread "http-nio-8080-exec-9" daemon [_thread_blocked, id=11064, stack(0x000000b55d000000,0x000000b55d100000)]
  0x0000023ea3c1d850 JavaThread "http-nio-8080-exec-10" daemon [_thread_blocked, id=18408, stack(0x000000b55d100000,0x000000b55d200000)]
  0x0000023ea3c1ce30 JavaThread "http-nio-8080-Poller" daemon [_thread_in_native, id=3732, stack(0x000000b55d200000,0x000000b55d300000)]
  0x0000023ea3c20af0 JavaThread "http-nio-8080-Acceptor" daemon [_thread_in_native, id=16400, stack(0x000000b55d300000,0x000000b55d400000)]
  0x0000023ea3c22950 JavaThread "DestroyJavaVM" [_thread_blocked, id=10188, stack(0x000000b559c00000,0x000000b559d00000)]
  0x0000023ea3c247b0 JavaThread "RMI TCP Connection(3)-127.0.0.1" daemon [_thread_in_native, id=3336, stack(0x000000b55b200000,0x000000b55b300000)]

Other Threads:
  0x0000023e5d569bd0 VMThread "VM Thread" [stack: 0x000000b55a200000,0x000000b55a300000] [id=19992]
  0x0000023ea31f37c0 WatcherThread [stack: 0x000000b55b100000,0x000000b55b200000] [id=18256]
  0x0000023e3ebc3cb0 GCTaskThread "GC Thread#0" [stack: 0x000000b559d00000,0x000000b559e00000] [id=1808]
  0x0000023ea3576200 GCTaskThread "GC Thread#1" [stack: 0x000000b55b500000,0x000000b55b600000] [id=2372]
  0x0000023ea35764c0 GCTaskThread "GC Thread#2" [stack: 0x000000b55b600000,0x000000b55b700000] [id=12736]
  0x0000023ea3576780 GCTaskThread "GC Thread#3" [stack: 0x000000b55b700000,0x000000b55b800000] [id=2480]
  0x0000023ea3576a40 GCTaskThread "GC Thread#4" [stack: 0x000000b55b800000,0x000000b55b900000] [id=16800]
  0x0000023ea33d75e0 GCTaskThread "GC Thread#5" [stack: 0x000000b55b900000,0x000000b55ba00000] [id=10472]
  0x0000023ea37affc0 GCTaskThread "GC Thread#6" [stack: 0x000000b55ba00000,0x000000b55bb00000] [id=15724]
  0x0000023ea3819d10 GCTaskThread "GC Thread#7" [stack: 0x000000b55bb00000,0x000000b55bc00000] [id=2816]
  0x0000023e3ebd5390 ConcurrentGCThread "G1 Main Marker" [stack: 0x000000b559e00000,0x000000b559f00000] [id=19728]
  0x0000023e3ebd5db0 ConcurrentGCThread "G1 Conc#0" [stack: 0x000000b559f00000,0x000000b55a000000] [id=996]
  0x0000023ea38e6c60 ConcurrentGCThread "G1 Conc#1" [stack: 0x000000b55be00000,0x000000b55bf00000] [id=15888]
  0x0000023e3ec0eb60 ConcurrentGCThread "G1 Refine#0" [stack: 0x000000b55a000000,0x000000b55a100000] [id=10356]
  0x0000023e5da38d80 ConcurrentGCThread "G1 Refine#1" [stack: 0x000000b55bc00000,0x000000b55bd00000] [id=17552]
  0x0000023e5da39070 ConcurrentGCThread "G1 Refine#2" [stack: 0x000000b55bd00000,0x000000b55be00000] [id=19580]
  0x0000023e5d424b40 ConcurrentGCThread "G1 Service" [stack: 0x000000b55a100000,0x000000b55a200000] [id=7444]

Threads with active compile tasks:
C2 CompilerThread0    32069 5326       4       org.springframework.core.ResolvableType::forType (112 bytes)

VM state: not at safepoint (normal execution)

VM Mutex/Monitor currently owned by a thread: None

Heap address: 0x0000000084400000, size: 1980 MB, Compressed Oops mode: 32-bit

CDS archive(s) mapped at: [0x0000023e5e000000-0x0000023e5ebb0000-0x0000023e5ebb0000), size 12255232, SharedBaseAddress: 0x0000023e5e000000, ArchiveRelocationMode: 1.
Compressed class space mapped at: 0x0000023e5f000000-0x0000023e9f000000, reserved size: 1073741824
Narrow klass base: 0x0000023e5e000000, Narrow klass shift: 0, Narrow klass range: 0x100000000

GC Precious Log:
 CPUs: 8 total, 8 available
 Memory: 7914M
 Large Page Support: Disabled
 NUMA Support: Disabled
 Compressed Oops: Enabled (32-bit)
 Heap Region Size: 1M
 Heap Min Capacity: 8M
 Heap Initial Capacity: 124M
 Heap Max Capacity: 1980M
 Pre-touch: Disabled
 Parallel Workers: 8
 Concurrent Workers: 2
 Concurrent Refinement Workers: 8
 Periodic GC: Disabled

Heap:
 garbage-first heap   total 45056K, used 24849K [0x0000000084400000, 0x0000000100000000)
  region size 1024K, 6 young (6144K), 1 survivors (1024K)
 Metaspace       used 37661K, committed 38144K, reserved 1114112K
  class space    used 4902K, committed 5120K, reserved 1048576K

Heap Regions: E=young(eden), S=young(survivor), O=old, HS=humongous(starts), HC=humongous(continues), CS=collection set, F=free, OA=open archive, CA=closed archive, TAMS=top-at-mark-start (previous, next)
|   0|0x0000000084400000, 0x0000000084500000, 0x0000000084500000|100%| O|  |TAMS 0x0000000084500000, 0x0000000084400000| Untracked 
|   1|0x0000000084500000, 0x0000000084600000, 0x0000000084600000|100%| O|  |TAMS 0x0000000084600000, 0x0000000084500000| Untracked 
|   2|0x0000000084600000, 0x0000000084700000, 0x0000000084700000|100%| O|  |TAMS 0x0000000084700000, 0x0000000084600000| Untracked 
|   3|0x0000000084700000, 0x0000000084800000, 0x0000000084800000|100%| O|  |TAMS 0x0000000084800000, 0x0000000084700000| Untracked 
|   4|0x0000000084800000, 0x0000000084900000, 0x0000000084900000|100%| O|  |TAMS 0x0000000084900000, 0x0000000084800000| Untracked 
|   5|0x0000000084900000, 0x0000000084900000, 0x0000000084a00000|  0%| F|  |TAMS 0x0000000084900000, 0x0000000084900000| Untracked 
|   6|0x0000000084a00000, 0x0000000084b00000, 0x0000000084b00000|100%| O|  |TAMS 0x0000000084b00000, 0x0000000084a00000| Untracked 
|   7|0x0000000084b00000, 0x0000000084c00000, 0x0000000084c00000|100%| O|  |TAMS 0x0000000084c00000, 0x0000000084b00000| Untracked 
|   8|0x0000000084c00000, 0x0000000084d00000, 0x0000000084d00000|100%| O|  |TAMS 0x0000000084d00000, 0x0000000084c00000| Untracked 
|   9|0x0000000084d00000, 0x0000000084e00000, 0x0000000084e00000|100%| O|  |TAMS 0x0000000084e00000, 0x0000000084d00000| Untracked 
|  10|0x0000000084e00000, 0x0000000084f00000, 0x0000000084f00000|100%| O|  |TAMS 0x0000000084f00000, 0x0000000084e00000| Untracked 
|  11|0x0000000084f00000, 0x0000000085000000, 0x0000000085000000|100%| O|  |TAMS 0x0000000085000000, 0x0000000084f00000| Untracked 
|  12|0x0000000085000000, 0x0000000085000000, 0x0000000085100000|  0%| F|  |TAMS 0x0000000085000000, 0x0000000085000000| Untracked 
|  13|0x0000000085100000, 0x0000000085200000, 0x0000000085200000|100%| O|  |TAMS 0x0000000085200000, 0x0000000085100000| Untracked 
|  14|0x0000000085200000, 0x0000000085300000, 0x0000000085300000|100%| O|  |TAMS 0x0000000085300000, 0x0000000085200000| Untracked 
|  15|0x0000000085300000, 0x0000000085400000, 0x0000000085400000|100%| O|  |TAMS 0x0000000085400000, 0x0000000085300000| Untracked 
|  16|0x0000000085400000, 0x0000000085500000, 0x0000000085500000|100%| O|  |TAMS 0x0000000085500000, 0x0000000085400000| Untracked 
|  17|0x0000000085500000, 0x0000000085600000, 0x0000000085600000|100%| O|  |TAMS 0x0000000085600000, 0x0000000085500000| Untracked 
|  18|0x0000000085600000, 0x0000000085700000, 0x0000000085700000|100%| O|  |TAMS 0x0000000085698e00, 0x0000000085600000| Untracked 
|  19|0x0000000085700000, 0x0000000085800000, 0x0000000085800000|100%| O|  |TAMS 0x0000000085700000, 0x0000000085700000| Untracked 
|  20|0x0000000085800000, 0x0000000085900000, 0x0000000085900000|100%| O|  |TAMS 0x0000000085800000, 0x0000000085800000| Untracked 
|  21|0x0000000085900000, 0x0000000085a00000, 0x0000000085a00000|100%| O|  |TAMS 0x0000000085900000, 0x0000000085900000| Untracked 
|  22|0x0000000085a00000, 0x0000000085a19400, 0x0000000085b00000|  9%| O|  |TAMS 0x0000000085a00000, 0x0000000085a00000| Untracked 
|  23|0x0000000085b00000, 0x0000000085b00000, 0x0000000085c00000|  0%| F|  |TAMS 0x0000000085b00000, 0x0000000085b00000| Untracked 
|  24|0x0000000085c00000, 0x0000000085c00000, 0x0000000085d00000|  0%| F|  |TAMS 0x0000000085c00000, 0x0000000085c00000| Untracked 
|  25|0x0000000085d00000, 0x0000000085d00000, 0x0000000085e00000|  0%| F|  |TAMS 0x0000000085d00000, 0x0000000085d00000| Untracked 
|  26|0x0000000085e00000, 0x0000000085e00000, 0x0000000085f00000|  0%| F|  |TAMS 0x0000000085e00000, 0x0000000085e00000| Untracked 
|  27|0x0000000085f00000, 0x0000000085f00000, 0x0000000086000000|  0%| F|  |TAMS 0x0000000085f00000, 0x0000000085f00000| Untracked 
|  28|0x0000000086000000, 0x0000000086000000, 0x0000000086100000|  0%| F|  |TAMS 0x0000000086000000, 0x0000000086000000| Untracked 
|  29|0x0000000086100000, 0x0000000086100000, 0x0000000086200000|  0%| F|  |TAMS 0x0000000086100000, 0x0000000086100000| Untracked 
|  30|0x0000000086200000, 0x0000000086200000, 0x0000000086300000|  0%| F|  |TAMS 0x0000000086200000, 0x0000000086200000| Untracked 
|  31|0x0000000086300000, 0x0000000086300000, 0x0000000086400000|  0%| F|  |TAMS 0x0000000086300000, 0x0000000086300000| Untracked 
|  32|0x0000000086400000, 0x0000000086400000, 0x0000000086500000|  0%| F|  |TAMS 0x0000000086400000, 0x0000000086400000| Untracked 
|  33|0x0000000086500000, 0x0000000086500000, 0x0000000086600000|  0%| F|  |TAMS 0x0000000086500000, 0x0000000086500000| Untracked 
|  34|0x0000000086600000, 0x0000000086600000, 0x0000000086700000|  0%| F|  |TAMS 0x0000000086600000, 0x0000000086600000| Untracked 
|  35|0x0000000086700000, 0x0000000086700000, 0x0000000086800000|  0%| F|  |TAMS 0x0000000086700000, 0x0000000086700000| Untracked 
|  36|0x0000000086800000, 0x0000000086800000, 0x0000000086900000|  0%| F|  |TAMS 0x0000000086800000, 0x0000000086800000| Untracked 
|  74|0x0000000088e00000, 0x0000000088e00000, 0x0000000088f00000|  0%| F|  |TAMS 0x0000000088e00000, 0x0000000088e00000| Untracked 
|  75|0x0000000088f00000, 0x0000000088f57118, 0x0000000089000000| 34%| E|  |TAMS 0x0000000088f00000, 0x0000000088f00000| Complete 
|  76|0x0000000089000000, 0x0000000089100000, 0x0000000089100000|100%| E|CS|TAMS 0x0000000089000000, 0x0000000089000000| Complete 
|  77|0x0000000089100000, 0x0000000089200000, 0x0000000089200000|100%| E|CS|TAMS 0x0000000089100000, 0x0000000089100000| Complete 
|  78|0x0000000089200000, 0x0000000089300000, 0x0000000089300000|100%| E|CS|TAMS 0x0000000089200000, 0x0000000089200000| Complete 
|  79|0x0000000089300000, 0x000000008932b2f0, 0x0000000089400000| 16%| S|CS|TAMS 0x0000000089300000, 0x0000000089300000| Complete 
| 123|0x000000008bf00000, 0x000000008c000000, 0x000000008c000000|100%| E|CS|TAMS 0x000000008bf00000, 0x000000008bf00000| Complete 

Card table byte_map: [0x0000023e565b0000,0x0000023e56990000] _byte_map_base: 0x0000023e5618e000

Marking Bits (Prev, Next): (CMBitMap*) 0x0000023e3ebc52e0, (CMBitMap*) 0x0000023e3ebc5320
 Prev Bits: [0x0000023e56d70000, 0x0000023e58c60000)
 Next Bits: [0x0000023e58c60000, 0x0000023e5ab50000)

Polling page: 0x0000023e3ec10000

Metaspace:

Usage:
  Non-class:     31.99 MB used.
      Class:      4.79 MB used.
       Both:     36.78 MB used.

Virtual space:
  Non-class space:       64.00 MB reserved,      32.25 MB ( 50%) committed,  1 nodes.
      Class space:        1.00 GB reserved,       5.00 MB ( <1%) committed,  1 nodes.
             Both:        1.06 GB reserved,      37.25 MB (  3%) committed. 

Chunk freelists:
   Non-Class:  15.07 MB
       Class:  11.00 MB
        Both:  26.08 MB

MaxMetaspaceSize: unlimited
CompressedClassSpaceSize: 1.00 GB
Initial GC threshold: 21.00 MB
Current GC threshold: 58.88 MB
CDS: on
MetaspaceReclaimPolicy: balanced
 - commit_granule_bytes: 65536.
 - commit_granule_words: 8192.
 - virtual_space_node_default_size: 8388608.
 - enlarge_chunks_in_place: 1.
 - new_chunks_are_fully_committed: 0.
 - uncommit_free_chunks: 1.
 - use_allocation_guard: 0.
 - handle_deallocations: 1.


Internal statistics:

num_allocs_failed_limit: 6.
num_arena_births: 736.
num_arena_deaths: 0.
num_vsnodes_births: 2.
num_vsnodes_deaths: 0.
num_space_committed: 596.
num_space_uncommitted: 0.
num_chunks_returned_to_freelist: 6.
num_chunks_taken_from_freelist: 2123.
num_chunk_merges: 6.
num_chunk_splits: 1377.
num_chunks_enlarged: 946.
num_inconsistent_stats: 0.

CodeHeap 'non-profiled nmethods': size=120000Kb used=2989Kb max_used=2989Kb free=117010Kb
 bounds [0x0000023e4e240000, 0x0000023e4e530000, 0x0000023e55770000]
CodeHeap 'profiled nmethods': size=120000Kb used=11362Kb max_used=11362Kb free=108637Kb
 bounds [0x0000023e46770000, 0x0000023e47290000, 0x0000023e4dca0000]
CodeHeap 'non-nmethods': size=5760Kb used=1261Kb max_used=1314Kb free=4498Kb
 bounds [0x0000023e4dca0000, 0x0000023e4df10000, 0x0000023e4e240000]
 total_blobs=5898 nmethods=5337 adapters=473
 compilation: enabled
              stopped_count=0, restarted_count=0
 full_count=0

Compilation events (20 events):
Event: 23.862 Thread 0x0000023e5d59f3b0 nmethod 5338 0x0000023e47281090 code [0x0000023e47281240, 0x0000023e47281408]
Event: 23.862 Thread 0x0000023e5d59f3b0 5339       3       sun.nio.ch.NioSocketImpl$2::write (11 bytes)
Event: 23.862 Thread 0x0000023e5d59f3b0 nmethod 5339 0x0000023e47281510 code [0x0000023e472816c0, 0x0000023e47281808]
Event: 23.862 Thread 0x0000023e5d59f3b0 5340   !   3       sun.nio.ch.NioSocketImpl::endWrite (58 bytes)
Event: 23.862 Thread 0x0000023e5d59f3b0 nmethod 5340 0x0000023e47281910 code [0x0000023e47281ae0, 0x0000023e47281f58]
Event: 23.865 Thread 0x0000023e5d59f3b0 5341       3       javax.management.ObjectName::setCanonicalName (251 bytes)
Event: 24.887 Thread 0x0000023e5d59f3b0 nmethod 5341 0x0000023e47282190 code [0x0000023e47282420, 0x0000023e472834a8]
Event: 24.890 Thread 0x0000023e5d59f3b0 5345       3       java.io.BufferedInputStream::fill (203 bytes)
Event: 26.905 Thread 0x0000023e5d59f3b0 nmethod 5345 0x0000023e47283a90 code [0x0000023e47283d00, 0x0000023e47284968]
Event: 27.894 Thread 0x0000023e5d59f3b0 5346       3       sun.rmi.transport.StreamRemoteCall::getInputStream (60 bytes)
Event: 28.926 Thread 0x0000023e5d59f3b0 nmethod 5346 0x0000023e47284d10 code [0x0000023e47285000, 0x0000023e47285df8]
Event: 28.926 Thread 0x0000023e5d59f3b0 5348       3       java.rmi.server.ObjID::equals (46 bytes)
Event: 28.927 Thread 0x0000023e5d59f3b0 nmethod 5348 0x0000023e47286310 code [0x0000023e472864e0, 0x0000023e47286928]
Event: 28.927 Thread 0x0000023e5d59f3b0 5347       3       java.io.ObjectOutputStream$HandleTable::clear (27 bytes)
Event: 28.927 Thread 0x0000023e5d59f3b0 nmethod 5347 0x0000023e47286a10 code [0x0000023e47286be0, 0x0000023e47287058]
Event: 28.927 Thread 0x0000023e5d59f3b0 5349       1       java.io.ObjectOutputStream$HandleTable::size (5 bytes)
Event: 28.927 Thread 0x0000023e5d59f3b0 nmethod 5349 0x0000023e4e52b490 code [0x0000023e4e52b620, 0x0000023e4e52b6f8]
Event: 30.170 Thread 0x0000023e5d59f3b0 5350       2       java.util.concurrent.locks.AbstractQueuedSynchronizer::release (19 bytes)
Event: 30.967 Thread 0x0000023e5d59f3b0 nmethod 5350 0x0000023e47287210 code [0x0000023e472873e0, 0x0000023e472875e8]
Event: 31.901 Thread 0x0000023e5d59f3b0 5355   !   3       java.nio.ByteBuffer::getArray (121 bytes)

GC Heap History (20 events):
Event: 2.679 GC heap before
{Heap before GC invocations=1 (full 0):
 garbage-first heap   total 126976K, used 27787K [0x0000000084400000, 0x0000000100000000)
  region size 1024K, 26 young (26624K), 3 survivors (3072K)
 Metaspace       used 14003K, committed 14272K, reserved 1114112K
  class space    used 1711K, committed 1856K, reserved 1048576K
}
Event: 2.683 GC heap after
{Heap after GC invocations=2 (full 0):
 garbage-first heap   total 126976K, used 7252K [0x0000000084400000, 0x0000000100000000)
  region size 1024K, 2 young (2048K), 2 survivors (2048K)
 Metaspace       used 14003K, committed 14272K, reserved 1114112K
  class space    used 1711K, committed 1856K, reserved 1048576K
}
Event: 3.930 GC heap before
{Heap before GC invocations=2 (full 0):
 garbage-first heap   total 126976K, used 48212K [0x0000000084400000, 0x0000000100000000)
  region size 1024K, 44 young (45056K), 2 survivors (2048K)
 Metaspace       used 21207K, committed 21504K, reserved 1114112K
  class space    used 2628K, committed 2752K, reserved 1048576K
}
Event: 3.938 GC heap after
{Heap after GC invocations=3 (full 0):
 garbage-first heap   total 126976K, used 11587K [0x0000000084400000, 0x0000000100000000)
  region size 1024K, 6 young (6144K), 6 survivors (6144K)
 Metaspace       used 21207K, committed 21504K, reserved 1114112K
  class space    used 2628K, committed 2752K, reserved 1048576K
}
Event: 4.658 GC heap before
{Heap before GC invocations=4 (full 0):
 garbage-first heap   total 45056K, used 33091K [0x0000000084400000, 0x0000000100000000)
  region size 1024K, 28 young (28672K), 6 survivors (6144K)
 Metaspace       used 23751K, committed 24064K, reserved 1114112K
  class space    used 2988K, committed 3136K, reserved 1048576K
}
Event: 4.665 GC heap after
{Heap after GC invocations=5 (full 0):
 garbage-first heap   total 45056K, used 12528K [0x0000000084400000, 0x0000000100000000)
  region size 1024K, 2 young (2048K), 2 survivors (2048K)
 Metaspace       used 23751K, committed 24064K, reserved 1114112K
  class space    used 2988K, committed 3136K, reserved 1048576K
}
Event: 5.213 GC heap before
{Heap before GC invocations=5 (full 0):
 garbage-first heap   total 45056K, used 30960K [0x0000000084400000, 0x0000000100000000)
  region size 1024K, 20 young (20480K), 2 survivors (2048K)
 Metaspace       used 26197K, committed 26560K, reserved 1114112K
  class space    used 3380K, committed 3520K, reserved 1048576K
}
Event: 5.217 GC heap after
{Heap after GC invocations=6 (full 0):
 garbage-first heap   total 45056K, used 14623K [0x0000000084400000, 0x0000000100000000)
  region size 1024K, 2 young (2048K), 2 survivors (2048K)
 Metaspace       used 26197K, committed 26560K, reserved 1114112K
  class space    used 3380K, committed 3520K, reserved 1048576K
}
Event: 5.805 GC heap before
{Heap before GC invocations=6 (full 0):
 garbage-first heap   total 45056K, used 33055K [0x0000000084400000, 0x0000000100000000)
  region size 1024K, 20 young (20480K), 2 survivors (2048K)
 Metaspace       used 29233K, committed 29568K, reserved 1114112K
  class space    used 3748K, committed 3904K, reserved 1048576K
}
Event: 5.809 GC heap after
{Heap after GC invocations=7 (full 0):
 garbage-first heap   total 45056K, used 16474K [0x0000000084400000, 0x0000000100000000)
  region size 1024K, 2 young (2048K), 2 survivors (2048K)
 Metaspace       used 29233K, committed 29568K, reserved 1114112K
  class space    used 3748K, committed 3904K, reserved 1048576K
}
Event: 6.530 GC heap before
{Heap before GC invocations=7 (full 0):
 garbage-first heap   total 45056K, used 33882K [0x0000000084400000, 0x0000000100000000)
  region size 1024K, 19 young (19456K), 2 survivors (2048K)
 Metaspace       used 31978K, committed 32448K, reserved 1114112K
  class space    used 4131K, committed 4352K, reserved 1048576K
}
Event: 6.536 GC heap after
{Heap after GC invocations=8 (full 0):
 garbage-first heap   total 45056K, used 18493K [0x0000000084400000, 0x0000000100000000)
  region size 1024K, 3 young (3072K), 3 survivors (3072K)
 Metaspace       used 31978K, committed 32448K, reserved 1114112K
  class space    used 4131K, committed 4352K, reserved 1048576K
}
Event: 7.093 GC heap before
{Heap before GC invocations=8 (full 0):
 garbage-first heap   total 45056K, used 32829K [0x0000000084400000, 0x0000000100000000)
  region size 1024K, 17 young (17408K), 3 survivors (3072K)
 Metaspace       used 33569K, committed 34048K, reserved 1114112K
  class space    used 4378K, committed 4608K, reserved 1048576K
}
Event: 7.097 GC heap after
{Heap after GC invocations=9 (full 0):
 garbage-first heap   total 45056K, used 19815K [0x0000000084400000, 0x0000000100000000)
  region size 1024K, 2 young (2048K), 2 survivors (2048K)
 Metaspace       used 33569K, committed 34048K, reserved 1114112K
  class space    used 4378K, committed 4608K, reserved 1048576K
}
Event: 7.975 GC heap before
{Heap before GC invocations=9 (full 0):
 garbage-first heap   total 45056K, used 28007K [0x0000000084400000, 0x0000000100000000)
  region size 1024K, 12 young (12288K), 2 survivors (2048K)
 Metaspace       used 35672K, committed 36096K, reserved 1114112K
  class space    used 4664K, committed 4864K, reserved 1048576K
}
Event: 7.979 GC heap after
{Heap after GC invocations=10 (full 0):
 garbage-first heap   total 45056K, used 20588K [0x0000000084400000, 0x0000000100000000)
  region size 1024K, 1 young (1024K), 1 survivors (1024K)
 Metaspace       used 35672K, committed 36096K, reserved 1114112K
  class space    used 4664K, committed 4864K, reserved 1048576K
}
Event: 18.814 GC heap before
{Heap before GC invocations=11 (full 0):
 garbage-first heap   total 45056K, used 33900K [0x0000000084400000, 0x0000000100000000)
  region size 1024K, 15 young (15360K), 1 survivors (1024K)
 Metaspace       used 37568K, committed 38080K, reserved 1114112K
  class space    used 4901K, committed 5120K, reserved 1048576K
}
Event: 18.816 GC heap after
{Heap after GC invocations=12 (full 0):
 garbage-first heap   total 45056K, used 21157K [0x0000000084400000, 0x0000000100000000)
  region size 1024K, 2 young (2048K), 2 survivors (2048K)
 Metaspace       used 37568K, committed 38080K, reserved 1114112K
  class space    used 4901K, committed 5120K, reserved 1048576K
}
Event: 18.837 GC heap before
{Heap before GC invocations=12 (full 0):
 garbage-first heap   total 45056K, used 22181K [0x0000000084400000, 0x0000000100000000)
  region size 1024K, 3 young (3072K), 2 survivors (2048K)
 Metaspace       used 37583K, committed 38080K, reserved 1114112K
  class space    used 4901K, committed 5120K, reserved 1048576K
}
Event: 18.840 GC heap after
{Heap after GC invocations=13 (full 0):
 garbage-first heap   total 45056K, used 20753K [0x0000000084400000, 0x0000000100000000)
  region size 1024K, 1 young (1024K), 1 survivors (1024K)
 Metaspace       used 37583K, committed 38080K, reserved 1114112K
  class space    used 4901K, committed 5120K, reserved 1048576K
}

Dll operation events (10 events):
Event: 0.011 Loaded shared library C:\Program Files\Microsoft\jdk-17.0.10.7-hotspot\bin\java.dll
Event: 0.070 Loaded shared library C:\Program Files\Microsoft\jdk-17.0.10.7-hotspot\bin\jsvml.dll
Event: 0.180 Loaded shared library C:\Program Files\Microsoft\jdk-17.0.10.7-hotspot\bin\jimage.dll
Event: 0.187 Loaded shared library C:\Program Files\Microsoft\jdk-17.0.10.7-hotspot\bin\net.dll
Event: 0.191 Loaded shared library C:\Program Files\Microsoft\jdk-17.0.10.7-hotspot\bin\nio.dll
Event: 0.194 Loaded shared library C:\Program Files\Microsoft\jdk-17.0.10.7-hotspot\bin\zip.dll
Event: 0.253 Loaded shared library C:\Program Files\Microsoft\jdk-17.0.10.7-hotspot\bin\management.dll
Event: 0.283 Loaded shared library C:\Program Files\Microsoft\jdk-17.0.10.7-hotspot\bin\management_ext.dll
Event: 1.512 Loaded shared library C:\Program Files\Microsoft\jdk-17.0.10.7-hotspot\bin\extnet.dll
Event: 3.151 Loaded shared library C:\Program Files\Microsoft\jdk-17.0.10.7-hotspot\bin\sunmscapi.dll

Deoptimization events (20 events):
Event: 8.819 Thread 0x0000023ea52bdc00 Uncommon trap: trap_request=0xffffff45 fr.pc=0x0000023e4e501328 relative=0x0000000000006a08
Event: 8.819 Thread 0x0000023ea52bdc00 Uncommon trap: reason=unstable_if action=reinterpret pc=0x0000023e4e501328 method=java.io.ObjectOutputStream.defaultWriteFields(Ljava/lang/Object;Ljava/io/ObjectStreamClass;)V @ 41 c2
Event: 8.819 Thread 0x0000023ea52bdc00 DEOPT PACKING pc=0x0000023e4e501328 sp=0x000000b55c1fe3b0
Event: 8.819 Thread 0x0000023ea52bdc00 DEOPT UNPACKING pc=0x0000023e4dcfa1a3 sp=0x000000b55c1fe200 mode 2
Event: 18.850 Thread 0x0000023ea52bdc00 Uncommon trap: trap_request=0xffffffde fr.pc=0x0000023e4e5224dc relative=0x000000000000015c
Event: 18.850 Thread 0x0000023ea52bdc00 Uncommon trap: reason=class_check action=maybe_recompile pc=0x0000023e4e5224dc method=java.lang.reflect.Array.newInstance(Ljava/lang/Class;I)Ljava/lang/Object; @ 2 c2
Event: 18.850 Thread 0x0000023ea52bdc00 DEOPT PACKING pc=0x0000023e4e5224dc sp=0x000000b55c1fe080
Event: 18.850 Thread 0x0000023ea52bdc00 DEOPT UNPACKING pc=0x0000023e4dcfa1a3 sp=0x000000b55c1fe018 mode 2
Event: 18.854 Thread 0x0000023ea52bdc00 Uncommon trap: trap_request=0xffffffde fr.pc=0x0000023e4e5224dc relative=0x000000000000015c
Event: 18.854 Thread 0x0000023ea52bdc00 Uncommon trap: reason=class_check action=maybe_recompile pc=0x0000023e4e5224dc method=java.lang.reflect.Array.newInstance(Ljava/lang/Class;I)Ljava/lang/Object; @ 2 c2
Event: 18.854 Thread 0x0000023ea52bdc00 DEOPT PACKING pc=0x0000023e4e5224dc sp=0x000000b55c1fe080
Event: 18.854 Thread 0x0000023ea52bdc00 DEOPT UNPACKING pc=0x0000023e4dcfa1a3 sp=0x000000b55c1fe018 mode 2
Event: 18.857 Thread 0x0000023ea52bdc00 Uncommon trap: trap_request=0xffffffde fr.pc=0x0000023e4e5224dc relative=0x000000000000015c
Event: 18.857 Thread 0x0000023ea52bdc00 Uncommon trap: reason=class_check action=maybe_recompile pc=0x0000023e4e5224dc method=java.lang.reflect.Array.newInstance(Ljava/lang/Class;I)Ljava/lang/Object; @ 2 c2
Event: 18.857 Thread 0x0000023ea52bdc00 DEOPT PACKING pc=0x0000023e4e5224dc sp=0x000000b55c1fe080
Event: 18.857 Thread 0x0000023ea52bdc00 DEOPT UNPACKING pc=0x0000023e4dcfa1a3 sp=0x000000b55c1fe018 mode 2
Event: 18.861 Thread 0x0000023ea52bdc00 Uncommon trap: trap_request=0xffffffde fr.pc=0x0000023e4e5224dc relative=0x000000000000015c
Event: 18.861 Thread 0x0000023ea52bdc00 Uncommon trap: reason=class_check action=maybe_recompile pc=0x0000023e4e5224dc method=java.lang.reflect.Array.newInstance(Ljava/lang/Class;I)Ljava/lang/Object; @ 2 c2
Event: 18.861 Thread 0x0000023ea52bdc00 DEOPT PACKING pc=0x0000023e4e5224dc sp=0x000000b55c1fe0a0
Event: 18.861 Thread 0x0000023ea52bdc00 DEOPT UNPACKING pc=0x0000023e4dcfa1a3 sp=0x000000b55c1fe038 mode 2

Classes unloaded (0 events):
No events

Classes redefined (0 events):
No events

Internal exceptions (20 events):
Event: 23.870 Thread 0x0000023ea52bdc00 Exception <a 'java/lang/ClassNotFoundException'{0x000000008900e300}: org/springframework/boot/actuate/endpoint/jmx/DataEndpointMBean> (0x000000008900e300) 
thrown [s\src\hotspot\share\classfile\systemDictionary.cpp, line 256]
Event: 23.870 Thread 0x0000023ea52bdc00 Exception <a 'java/lang/ClassNotFoundException'{0x000000008900e6a0}: org/springframework/context/support/LiveBeansView> (0x000000008900e6a0) 
thrown [s\src\hotspot\share\classfile\systemDictionary.cpp, line 256]
Event: 23.870 Thread 0x0000023ea52bdc00 Exception <a 'java/lang/ClassNotFoundException'{0x000000008900ea60}: org/springframework/boot/actuate/endpoint/jmx/EndpointMBean> (0x000000008900ea60) 
thrown [s\src\hotspot\share\classfile\systemDictionary.cpp, line 256]
Event: 23.870 Thread 0x0000023ea52bdc00 Exception <a 'java/lang/ClassNotFoundException'{0x000000008900ee20}: org/springframework/boot/actuate/endpoint/jmx/DataEndpointMBean> (0x000000008900ee20) 
thrown [s\src\hotspot\share\classfile\systemDictionary.cpp, line 256]
Event: 23.870 Thread 0x0000023ea52bdc00 Exception <a 'java/lang/ClassNotFoundException'{0x000000008900f1d8}: org/springframework/context/support/LiveBeansView> (0x000000008900f1d8) 
thrown [s\src\hotspot\share\classfile\systemDictionary.cpp, line 256]
Event: 23.870 Thread 0x0000023ea52bdc00 Exception <a 'java/lang/ClassNotFoundException'{0x000000008900f588}: org/springframework/boot/actuate/endpoint/jmx/EndpointMBean> (0x000000008900f588) 
thrown [s\src\hotspot\share\classfile\systemDictionary.cpp, line 256]
Event: 23.870 Thread 0x0000023ea52bdc00 Exception <a 'java/lang/ClassNotFoundException'{0x000000008900f938}: org/springframework/boot/actuate/endpoint/jmx/DataEndpointMBean> (0x000000008900f938) 
thrown [s\src\hotspot\share\classfile\systemDictionary.cpp, line 256]
Event: 23.870 Thread 0x0000023ea52bdc00 Exception <a 'java/lang/ClassNotFoundException'{0x000000008900fce0}: org/springframework/context/support/LiveBeansView> (0x000000008900fce0) 
thrown [s\src\hotspot\share\classfile\systemDictionary.cpp, line 256]
Event: 24.891 Thread 0x0000023ea52bdc00 Exception <a 'java/lang/ClassNotFoundException'{0x0000000089085238}: org/springframework/boot/actuate/endpoint/jmx/EndpointMBean> (0x0000000089085238) 
thrown [s\src\hotspot\share\classfile\systemDictionary.cpp, line 256]
Event: 26.909 Thread 0x0000023ea52bdc00 Exception <a 'java/lang/ClassNotFoundException'{0x00000000890d66e8}: org/springframework/boot/actuate/endpoint/jmx/DataEndpointMBean> (0x00000000890d66e8) 
thrown [s\src\hotspot\share\classfile\systemDictionary.cpp, line 256]
Event: 27.918 Thread 0x0000023ea52bdc00 Exception <a 'java/lang/ClassNotFoundException'{0x0000000088f202a8}: org/springframework/context/support/LiveBeansView> (0x0000000088f202a8) 
thrown [s\src\hotspot\share\classfile\systemDictionary.cpp, line 256]
Event: 27.918 Thread 0x0000023ea52bdc00 Exception <a 'java/lang/ClassNotFoundException'{0x0000000088f207b0}: org/springframework/boot/actuate/endpoint/jmx/EndpointMBean> (0x0000000088f207b0) 
thrown [s\src\hotspot\share\classfile\systemDictionary.cpp, line 256]
Event: 27.918 Thread 0x0000023ea52bdc00 Exception <a 'java/lang/ClassNotFoundException'{0x0000000088f20b80}: org/springframework/boot/actuate/endpoint/jmx/DataEndpointMBean> (0x0000000088f20b80) 
thrown [s\src\hotspot\share\classfile\systemDictionary.cpp, line 256]
Event: 27.918 Thread 0x0000023ea52bdc00 Exception <a 'java/lang/ClassNotFoundException'{0x0000000088f20f48}: org/springframework/context/support/LiveBeansView> (0x0000000088f20f48) 
thrown [s\src\hotspot\share\classfile\systemDictionary.cpp, line 256]
Event: 27.918 Thread 0x0000023ea52bdc00 Exception <a 'java/lang/ClassNotFoundException'{0x0000000088f21300}: org/springframework/boot/actuate/endpoint/jmx/EndpointMBean> (0x0000000088f21300) 
thrown [s\src\hotspot\share\classfile\systemDictionary.cpp, line 256]
Event: 27.918 Thread 0x0000023ea52bdc00 Exception <a 'java/lang/ClassNotFoundException'{0x0000000088f216b8}: org/springframework/boot/actuate/endpoint/jmx/DataEndpointMBean> (0x0000000088f216b8) 
thrown [s\src\hotspot\share\classfile\systemDictionary.cpp, line 256]
Event: 27.918 Thread 0x0000023ea52bdc00 Exception <a 'java/lang/ClassNotFoundException'{0x0000000088f21a68}: org/springframework/context/support/LiveBeansView> (0x0000000088f21a68) 
thrown [s\src\hotspot\share\classfile\systemDictionary.cpp, line 256]
Event: 27.918 Thread 0x0000023ea52bdc00 Exception <a 'java/lang/ClassNotFoundException'{0x0000000088f21e20}: org/springframework/boot/actuate/endpoint/jmx/EndpointMBean> (0x0000000088f21e20) 
thrown [s\src\hotspot\share\classfile\systemDictionary.cpp, line 256]
Event: 27.918 Thread 0x0000023ea52bdc00 Exception <a 'java/lang/ClassNotFoundException'{0x0000000088f221d8}: org/springframework/boot/actuate/endpoint/jmx/DataEndpointMBean> (0x0000000088f221d8) 
thrown [s\src\hotspot\share\classfile\systemDictionary.cpp, line 256]
Event: 27.918 Thread 0x0000023ea52bdc00 Exception <a 'java/lang/ClassNotFoundException'{0x0000000088f22588}: org/springframework/context/support/LiveBeansView> (0x0000000088f22588) 
thrown [s\src\hotspot\share\classfile\systemDictionary.cpp, line 256]

VM Operations (20 events):
Event: 17.355 Executing VM operation: HandshakeAllThreads
Event: 17.355 Executing VM operation: HandshakeAllThreads done
Event: 18.355 Executing VM operation: Cleanup
Event: 18.355 Executing VM operation: Cleanup done
Event: 18.814 Executing VM operation: G1CollectForAllocation
Event: 18.816 Executing VM operation: G1CollectForAllocation done
Event: 18.837 Executing VM operation: G1CollectForAllocation
Event: 18.840 Executing VM operation: G1CollectForAllocation done
Event: 19.855 Executing VM operation: Cleanup
Event: 19.855 Executing VM operation: Cleanup done
Event: 20.864 Executing VM operation: Cleanup
Event: 20.864 Executing VM operation: Cleanup done
Event: 23.906 Executing VM operation: Cleanup
Event: 24.888 Executing VM operation: Cleanup done
Event: 25.894 Executing VM operation: Cleanup
Event: 25.895 Executing VM operation: Cleanup done
Event: 27.916 Executing VM operation: Cleanup
Event: 27.916 Executing VM operation: Cleanup done
Event: 31.965 Executing VM operation: Cleanup
Event: 31.965 Executing VM operation: Cleanup done

Events (20 events):
Event: 17.271 loading class sun/nio/cs/ThreadLocalCoders done
Event: 17.271 loading class sun/nio/cs/ThreadLocalCoders$1
Event: 17.271 loading class sun/nio/cs/ThreadLocalCoders$Cache
Event: 17.271 loading class sun/nio/cs/ThreadLocalCoders$Cache done
Event: 17.271 loading class sun/nio/cs/ThreadLocalCoders$1 done
Event: 17.271 loading class sun/nio/cs/ThreadLocalCoders$2
Event: 17.271 loading class sun/nio/cs/ThreadLocalCoders$2 done
Event: 17.316 loading class java/util/concurrent/ArrayBlockingQueue
Event: 17.316 loading class java/util/concurrent/ArrayBlockingQueue done
Event: 17.316 loading class java/util/concurrent/ArrayBlockingQueue$Itr
Event: 17.317 loading class java/util/concurrent/ArrayBlockingQueue$Itr done
Event: 17.359 Thread 0x0000023e5d83bcd0 Thread added: 0x0000023e5d83bcd0
Event: 17.363 loading class java/time/format/DateTimeFormatterBuilder$ZoneTextPrinterParser
Event: 17.364 loading class java/time/format/DateTimeFormatterBuilder$ZoneTextPrinterParser done
Event: 17.364 loading class java/time/format/DateTimeFormatterBuilder$ReducedPrinterParser
Event: 17.364 loading class java/time/format/DateTimeFormatterBuilder$ReducedPrinterParser done
Event: 17.379 loading class java/util/ArrayDeque$DescendingIterator
Event: 17.379 loading class java/util/ArrayDeque$DescendingIterator done
Event: 17.724 Thread 0x0000023e5d83bcd0 Thread exited: 0x0000023e5d83bcd0
Event: 24.888 Thread 0x0000023ea3c247b0 Thread added: 0x0000023ea3c247b0


Dynamic libraries:
0x00007ff73d0c0000 - 0x00007ff73d0ce000 	C:\Program Files\Microsoft\jdk-17.0.10.7-hotspot\bin\java.exe
0x00007ff900ce0000 - 0x00007ff900f46000 	C:\WINDOWS\SYSTEM32\ntdll.dll
0x00007ff8feaa0000 - 0x00007ff8feb69000 	C:\WINDOWS\System32\KERNEL32.DLL
0x00007ff8fdfc0000 - 0x00007ff8fe38c000 	C:\WINDOWS\System32\KERNELBASE.dll
0x00007ff8fe730000 - 0x00007ff8fe87b000 	C:\WINDOWS\System32\ucrtbase.dll
0x00007ff8c5d00000 - 0x00007ff8c5d1b000 	C:\Program Files\Microsoft\jdk-17.0.10.7-hotspot\bin\VCRUNTIME140.dll
0x00007ff8d01e0000 - 0x00007ff8d01f7000 	C:\Program Files\Microsoft\jdk-17.0.10.7-hotspot\bin\jli.dll
0x00007ff9000c0000 - 0x00007ff90028a000 	C:\WINDOWS\System32\USER32.dll
0x00007ff8fe5c0000 - 0x00007ff8fe5e7000 	C:\WINDOWS\System32\win32u.dll
0x00007ff8e1890000 - 0x00007ff8e1b2a000 	C:\WINDOWS\WinSxS\amd64_microsoft.windows.common-controls_6595b64144ccf1df_6.0.26100.3912_none_3e07963ce335137e\COMCTL32.dll
0x00007ff900c70000 - 0x00007ff900c9b000 	C:\WINDOWS\System32\GDI32.dll
0x00007ff8ff050000 - 0x00007ff8ff0f9000 	C:\WINDOWS\System32\msvcrt.dll
0x00007ff8fe5f0000 - 0x00007ff8fe722000 	C:\WINDOWS\System32\gdi32full.dll
0x00007ff8fe510000 - 0x00007ff8fe5b3000 	C:\WINDOWS\System32\msvcp_win.dll
0x00007ff8ff100000 - 0x00007ff8ff130000 	C:\WINDOWS\System32\IMM32.DLL
0x00007ff8e5510000 - 0x00007ff8e551c000 	C:\Program Files\Microsoft\jdk-17.0.10.7-hotspot\bin\vcruntime140_1.dll
0x00007ff8b9900000 - 0x00007ff8b998d000 	C:\Program Files\Microsoft\jdk-17.0.10.7-hotspot\bin\msvcp140.dll
0x00007ff874310000 - 0x00007ff874f75000 	C:\Program Files\Microsoft\jdk-17.0.10.7-hotspot\bin\server\jvm.dll
0x00007ff900b20000 - 0x00007ff900bd2000 	C:\WINDOWS\System32\ADVAPI32.dll
0x00007ff900290000 - 0x00007ff900336000 	C:\WINDOWS\System32\sechost.dll
0x00007ff8ffbe0000 - 0x00007ff8ffcf6000 	C:\WINDOWS\System32\RPCRT4.dll
0x00007ff8fca70000 - 0x00007ff8fcace000 	C:\WINDOWS\SYSTEM32\POWRPROF.dll
0x00007ff8f1640000 - 0x00007ff8f1676000 	C:\WINDOWS\SYSTEM32\WINMM.dll
0x00007ff8c2a40000 - 0x00007ff8c2a4a000 	C:\WINDOWS\SYSTEM32\WSOCK32.dll
0x00007ff8ea140000 - 0x00007ff8ea14b000 	C:\WINDOWS\SYSTEM32\VERSION.dll
0x00007ff8ff5a0000 - 0x00007ff8ff614000 	C:\WINDOWS\System32\WS2_32.dll
0x00007ff8fca50000 - 0x00007ff8fca64000 	C:\WINDOWS\SYSTEM32\UMPDC.dll
0x00007ff8fcd20000 - 0x00007ff8fcd3a000 	C:\WINDOWS\SYSTEM32\kernel.appcore.dll
0x00007ff8d0040000 - 0x00007ff8d004a000 	C:\Program Files\Microsoft\jdk-17.0.10.7-hotspot\bin\jimage.dll
0x00007ff8fb3b0000 - 0x00007ff8fb5f1000 	C:\WINDOWS\SYSTEM32\DBGHELP.DLL
0x00007ff8ff850000 - 0x00007ff8ffbd4000 	C:\WINDOWS\System32\combase.dll
0x00007ff8ffd90000 - 0x00007ff8ffe70000 	C:\WINDOWS\System32\OLEAUT32.dll
0x00007ff8de750000 - 0x00007ff8de789000 	C:\WINDOWS\SYSTEM32\dbgcore.DLL
0x00007ff8fe880000 - 0x00007ff8fe919000 	C:\WINDOWS\System32\bcryptPrimitives.dll
0x00007ff8c27f0000 - 0x00007ff8c2815000 	C:\Program Files\Microsoft\jdk-17.0.10.7-hotspot\bin\java.dll
0x00007ff883cd0000 - 0x00007ff883da7000 	C:\Program Files\Microsoft\jdk-17.0.10.7-hotspot\bin\jsvml.dll
0x00007ff900340000 - 0x00007ff900a6d000 	C:\WINDOWS\System32\SHELL32.dll
0x00007ff8fe920000 - 0x00007ff8fea94000 	C:\WINDOWS\System32\wintypes.dll
0x00007ff8fb990000 - 0x00007ff8fc1e6000 	C:\WINDOWS\SYSTEM32\windows.storage.dll
0x00007ff8ff620000 - 0x00007ff8ff70f000 	C:\WINDOWS\System32\SHCORE.dll
0x00007ff900c00000 - 0x00007ff900c69000 	C:\WINDOWS\System32\shlwapi.dll
0x00007ff8fdd80000 - 0x00007ff8fddaf000 	C:\WINDOWS\SYSTEM32\profapi.dll
0x00007ff8bfb10000 - 0x00007ff8bfb29000 	C:\Program Files\Microsoft\jdk-17.0.10.7-hotspot\bin\net.dll
0x00007ff8eca40000 - 0x00007ff8ecb5e000 	C:\WINDOWS\SYSTEM32\WINHTTP.dll
0x00007ff8fd270000 - 0x00007ff8fd2da000 	C:\WINDOWS\system32\mswsock.dll
0x00007ff8bfaf0000 - 0x00007ff8bfb06000 	C:\Program Files\Microsoft\jdk-17.0.10.7-hotspot\bin\nio.dll
0x00007ff8bde30000 - 0x00007ff8bde48000 	C:\Program Files\Microsoft\jdk-17.0.10.7-hotspot\bin\zip.dll
0x00007ff8f4c70000 - 0x00007ff8f4c79000 	C:\Program Files\Microsoft\jdk-17.0.10.7-hotspot\bin\management.dll
0x00007ff8f4c60000 - 0x00007ff8f4c6b000 	C:\Program Files\Microsoft\jdk-17.0.10.7-hotspot\bin\management_ext.dll
0x00007ff8ffee0000 - 0x00007ff8ffee8000 	C:\WINDOWS\System32\PSAPI.DLL
0x00007ff8db0b0000 - 0x00007ff8db0c8000 	C:\WINDOWS\system32\napinsp.dll
0x00007ff8fc740000 - 0x00007ff8fc867000 	C:\WINDOWS\SYSTEM32\DNSAPI.dll
0x00007ff8fc6b0000 - 0x00007ff8fc6e3000 	C:\WINDOWS\SYSTEM32\IPHLPAPI.DLL
0x00007ff900bf0000 - 0x00007ff900bfa000 	C:\WINDOWS\System32\NSI.dll
0x00007ff8d9f30000 - 0x00007ff8d9f42000 	C:\WINDOWS\System32\winrnr.dll
0x00007ff8d9ed0000 - 0x00007ff8d9f00000 	C:\WINDOWS\system32\nlansp_c.dll
0x00007ff8e8c60000 - 0x00007ff8e8c76000 	C:\WINDOWS\system32\wshbth.dll
0x00007ff8eb890000 - 0x00007ff8eb89b000 	C:\Windows\System32\rasadhlp.dll
0x00007ff8f4290000 - 0x00007ff8f4316000 	C:\WINDOWS\System32\fwpuclnt.dll
0x00007ff8fd540000 - 0x00007ff8fd55c000 	C:\WINDOWS\SYSTEM32\CRYPTSP.dll
0x00007ff8fcc80000 - 0x00007ff8fccba000 	C:\WINDOWS\system32\rsaenh.dll
0x00007ff8fd320000 - 0x00007ff8fd34b000 	C:\WINDOWS\SYSTEM32\USERENV.dll
0x00007ff8fdd50000 - 0x00007ff8fdd76000 	C:\WINDOWS\SYSTEM32\bcrypt.dll
0x00007ff8fd560000 - 0x00007ff8fd56c000 	C:\WINDOWS\SYSTEM32\CRYPTBASE.dll
0x00007ff8f3aa0000 - 0x00007ff8f3abf000 	C:\WINDOWS\SYSTEM32\dhcpcsvc6.DLL
0x00007ff8f3750000 - 0x00007ff8f3775000 	C:\WINDOWS\SYSTEM32\dhcpcsvc.DLL
0x00007ff8b9b10000 - 0x00007ff8b9b19000 	C:\Program Files\Microsoft\jdk-17.0.10.7-hotspot\bin\extnet.dll
0x00007ff8ca340000 - 0x00007ff8ca34e000 	C:\Program Files\Microsoft\jdk-17.0.10.7-hotspot\bin\sunmscapi.dll
0x00007ff8fe390000 - 0x00007ff8fe507000 	C:\WINDOWS\System32\CRYPT32.dll
0x00007ff8fd770000 - 0x00007ff8fd7a0000 	C:\WINDOWS\SYSTEM32\ncrypt.dll
0x00007ff8fd720000 - 0x00007ff8fd75f000 	C:\WINDOWS\SYSTEM32\NTASN1.dll
0x00007ff8cc0a0000 - 0x00007ff8cc0a8000 	C:\WINDOWS\system32\wshunix.dll

dbghelp: loaded successfully - version: 4.0.5 - missing functions: none
symbol engine: initialized successfully - sym options: 0x614 - pdb path: .;C:\Program Files\Microsoft\jdk-17.0.10.7-hotspot\bin;C:\WINDOWS\SYSTEM32;C:\WINDOWS\WinSxS\amd64_microsoft.windows.common-controls_6595b64144ccf1df_6.0.26100.3912_none_3e07963ce335137e;C:\Program Files\Microsoft\jdk-17.0.10.7-hotspot\bin\server

VM Arguments:
jvm_args: -Dcom.sun.management.jmxremote -Dcom.sun.management.jmxremote.port=55636 -Dcom.sun.management.jmxremote.authenticate=false -Dcom.sun.management.jmxremote.ssl=false -Dspring.jmx.enabled=true -Djava.rmi.server.hostname=localhost -Dspring.application.admin.enabled=true -Dspring.boot.project.name=laptopshop -XX:+ShowCodeDetailsInExceptionMessages -Dmanagement.endpoints.jmx.exposure.include=* 
java_command: org.example.laptopshop.LaptopshopApplication
java_class_path (initial): D:\Workspace\Java\Java-spring-mvc\laptopshop\target\classes;C:\Users\DELL\.m2\repository\org\springframework\boot\spring-boot-starter-actuator\3.4.5\spring-boot-starter-actuator-3.4.5.jar;C:\Users\DELL\.m2\repository\org\springframework\boot\spring-boot-actuator-autoconfigure\3.4.5\spring-boot-actuator-autoconfigure-3.4.5.jar;C:\Users\DELL\.m2\repository\org\springframework\boot\spring-boot-actuator\3.4.5\spring-boot-actuator-3.4.5.jar;C:\Users\DELL\.m2\repository\com\fasterxml\jackson\core\jackson-databind\2.18.3\jackson-databind-2.18.3.jar;C:\Users\DELL\.m2\repository\com\fasterxml\jackson\core\jackson-annotations\2.18.3\jackson-annotations-2.18.3.jar;C:\Users\DELL\.m2\repository\com\fasterxml\jackson\core\jackson-core\2.18.3\jackson-core-2.18.3.jar;C:\Users\DELL\.m2\repository\com\fasterxml\jackson\datatype\jackson-datatype-jsr310\2.18.3\jackson-datatype-jsr310-2.18.3.jar;C:\Users\DELL\.m2\repository\io\micrometer\micrometer-observation\1.14.6\micrometer-observation-1.14.6.jar;C:\Users\DELL\.m2\repository\io\micrometer\micrometer-commons\1.14.6\micrometer-commons-1.14.6.jar;C:\Users\DELL\.m2\repository\io\micrometer\micrometer-jakarta9\1.14.6\micrometer-jakarta9-1.14.6.jar;C:\Users\DELL\.m2\repository\io\micrometer\micrometer-core\1.14.6\micrometer-core-1.14.6.jar;C:\Users\DELL\.m2\repository\org\hdrhistogram\HdrHistogram\2.2.2\HdrHistogram-2.2.2.jar;C:\Users\DELL\.m2\repository\org\latencyutils\LatencyUtils\2.0.3\LatencyUtils-2.0.3.jar;C:\Users\DELL\.m2\repository\org\springframework\boot\spring-boot-starter\3.4.5\spring-boot-starter-3.4.5.jar;C:\Users\DELL\.m2\repository\org\springframework\boot\spring-boot\3.4.5\spring-boot-3.4.5.jar;C:\Users\DELL\.m2\repository\org\springframework\spring-context\6.2.6\spring-context-6.2.6.jar;C:\Users\DELL\.m2\repository\org\springframework\boot\spring-boot-autoconfigure\3.4.5\spring-boot-autoconfigure-3.4.5.jar;C:\Users\DELL\.m2\repository\org\springframework\boot\spring-boot-starter-logging\3.4.
Launcher Type: SUN_STANDARD

[Global flags]
     intx CICompilerCount                          = 4                                         {product} {ergonomic}
     uint ConcGCThreads                            = 2                                         {product} {ergonomic}
     uint G1ConcRefinementThreads                  = 8                                         {product} {ergonomic}
   size_t G1HeapRegionSize                         = 1048576                                   {product} {ergonomic}
    uintx GCDrainStackTargetSize                   = 64                                        {product} {ergonomic}
   size_t InitialHeapSize                          = 130023424                                 {product} {ergonomic}
     bool ManagementServer                         = true                                      {product} {command line}
   size_t MarkStackSize                            = 4194304                                   {product} {ergonomic}
   size_t MaxHeapSize                              = 2076180480                                {product} {ergonomic}
   size_t MaxNewSize                               = 1245708288                                {product} {ergonomic}
   size_t MinHeapDeltaBytes                        = 1048576                                   {product} {ergonomic}
   size_t MinHeapSize                              = 8388608                                   {product} {ergonomic}
    uintx NonNMethodCodeHeapSize                   = 5839372                                {pd product} {ergonomic}
    uintx NonProfiledCodeHeapSize                  = 122909434                              {pd product} {ergonomic}
    uintx ProfiledCodeHeapSize                     = 122909434                              {pd product} {ergonomic}
    uintx ReservedCodeCacheSize                    = 251658240                              {pd product} {ergonomic}
     bool SegmentedCodeCache                       = true                                      {product} {ergonomic}
     bool ShowCodeDetailsInExceptionMessages       = true                                   {manageable} {command line}
   size_t SoftMaxHeapSize                          = 2076180480                             {manageable} {ergonomic}
     bool UseCompressedClassPointers               = true                           {product lp64_product} {ergonomic}
     bool UseCompressedOops                        = true                           {product lp64_product} {ergonomic}
     bool UseG1GC                                  = true                                      {product} {ergonomic}
     bool UseLargePagesIndividualAllocation        = false                                  {pd product} {ergonomic}

Logging:
Log output configuration:
 #0: stdout all=warning uptime,level,tags
 #1: stderr all=off uptime,level,tags

Environment Variables:
JAVA_HOME=C:\Program Files\Microsoft\jdk-17.0.10.7-hotspot\
PATH=C:\Program Files\Microsoft\jdk-17.0.10.7-hotspot\bin;C:\Program Files\Common Files\Oracle\Java\javapath;C:\Program Files (x86)\Common Files\Oracle\Java\java8path;C:\Program Files (x86)\Common Files\Oracle\Java\javapath;C:\Users\DELL\AppData\Local\Programs\Python\Python39\Scripts\;C:\Users\DELL\AppData\Local\Programs\Python\Python39\;C:\Program Files\Python39\Scripts\;C:\Program Files\Python39\;C:\Windows\system32;C:\Windows;C:\Windows\System32\Wbem;C:\Windows\System32\WindowsPowerShell\v1.0\;C:\Windows\System32\OpenSSH\;C:\Program Files\NVIDIA Corporation\NVIDIA NvDLISR;C:\WINDOWS\system32;C:\WINDOWS;C:\WINDOWS\System32\Wbem;C:\WINDOWS\System32\WindowsPowerShell\v1.0\;C:\WINDOWS\System32\OpenSSH\;C:\MinGW\bin;C:\Program Files\Java\jdk-17\bin;C:\Program Files\Azure Data Studio\bin;%HADOOP_HOME%\bin;%HADOOP_HOME%\sbin;C:\Program Files\Microsoft\jdk-17.0.10.7-hotspot\\bin;%SPARK_HOME%\bin;%SPARK_HOME%\sbin;C:\Program Files\nodejs\;C:\ProgramData\chocolatey\bin;C:\Program Files\Microsoft SQL Server\150\Tools\Binn\;C:\Program Files\Microsoft SQL Server\Client SDK\ODBC\170\Tools\Binn\;C:\Program Files (x86)\Microsoft SQL Server\160\Tools\Binn\;C:\Program Files\Microsoft SQL Server\160\Tools\Binn\;C:\Program Files\Microsoft SQL Server\160\DTS\Binn\;C:\Program Files (x86)\Microsoft SQL Server\160\DTS\Binn\;C:\Program Files\dotnet\;C:\Program Files\Docker\Docker\resources\bin;%MAVEN_HOME%\bin;C:\Users\DELL\Downloads\apache-maven-3.9.9-bin\apache-maven-3.9.9\bin;C:\Users\DELL\Downloads\apache-maven-3.9.9-bin\apache-maven-3.9.9\bin;C:\Program Files\Git\cmd;C:\Program Files\Git\mingw64\bin;C:\Program Files\Git\usr\bin;C:\Program Files\dotnet;C:\Program Files (x86)\dotnet;C:\Users\DELL\.dotnet\tools;C:\Users\DELL\AppData\Local\Programs\Python\Python312\Scripts\;C:\Users\DELL\AppData\Local\Programs\Python\Python312\;C:\Users\DELL\AppData\Local\Programs\Python\Python311\Scripts\;C:\Users\DELL\AppData\Local\Programs\Python\Python311\;C:\Users\DELL\AppData\Local\Microsoft\WindowsA
USERNAME=DELL
LANG=en_US.UTF-8
OS=Windows_NT
PROCESSOR_IDENTIFIER=Intel64 Family 6 Model 140 Stepping 1, GenuineIntel
TMP=C:\Users\DELL\AppData\Local\Temp
TEMP=C:\Users\DELL\AppData\Local\Temp



Periodic native trim disabled


---------------  S Y S T E M  ---------------

OS:
 Windows 11 , 64 bit Build 26100 (10.0.26100.3912)
OS uptime: 0 days 0:48 hours
Hyper-V role detected

CPU: total 8 (initial active 8) (4 cores per cpu, 2 threads per core) family 6 model 140 stepping 1 microcode 0xbc, cx8, cmov, fxsr, ht, mmx, 3dnowpref, sse, sse2, sse3, ssse3, sse4.1, sse4.2, popcnt, lzcnt, tsc, tscinvbit, avx, avx2, aes, erms, clmul, bmi1, bmi2, adx, avx512f, avx512dq, avx512cd, avx512bw, avx512vl, sha, fma, vzeroupper, avx512_vpopcntdq, avx512_vpclmulqdq, avx512_vaes, avx512_vnni, clflush, clflushopt, clwb, avx512_vbmi2, avx512_vbmi, hv
Processor Information for all 8 processors :
  Max Mhz: 2803, Current Mhz: 2803, Mhz Limit: 2803

Memory: 4k page, system-wide physical 7914M (509M free)
TotalPageFile size 18215M (AvailPageFile size 28M)
current process WorkingSet (physical memory assigned to process): 168M, peak: 191M
current process commit charge ("private bytes"): 204M, peak: 270M

vm_info: OpenJDK 64-Bit Server VM (17.0.10+7-LTS) for windows-amd64 JRE (17.0.10+7-LTS), built on Jan 10 2024 19:47:12 by "MicrosoftCorporation" with MS VC++ 16.10 / 16.11 (VS2019)

END.
